<?xml version="1.0" encoding="UTF-8"?>
<robot generator="Robot 3.1.2 (Python 3.7.3 on win32)" generated="20201219 17:19:44.617" rpa="false">
<suite id="s1" name="dispatchRobot" source="D:\Study\robotframework\testProject\dispatchRobot">
<suite id="s1-s1" name="Testcase bsBusdiagram" source="D:\Study\robotframework\testProject\dispatchRobot\Testcase_bsBusdiagram.robot">
<test id="s1-s1-t1" name="dropMenu_map">
<kw name="Wait Until Keyword Succeeds" library="BuiltIn" type="setup">
<doc>Runs the specified keyword and retries if it fails.</doc>
<arguments>
<arg>3x</arg>
<arg>5s</arg>
<arg>loginHEC</arg>
</arguments>
<kw name="LoginHEC" library="Resource">
<kw name="Catenate" library="BuiltIn">
<doc>Catenates the given items together and returns the resulted string.</doc>
<arguments>
<arg>SEPARATOR=</arg>
<arg>${ip}</arg>
<arg>/login.koala</arg>
</arguments>
<assign>
<var>${login_ip}</var>
</assign>
<msg timestamp="20201219 17:19:44.914" level="INFO">${login_ip} = http://10.200.9.183:8074/login.koala</msg>
<status status="PASS" starttime="20201219 17:19:44.914" endtime="20201219 17:19:44.914"></status>
</kw>
<kw name="Evaluate" library="BuiltIn">
<doc>Evaluates the given expression in Python and returns the results.</doc>
<arguments>
<arg>sys.modules['selenium.webdriver'].ChromeOptions()</arg>
<arg>sys, selenium.webdriver</arg>
</arguments>
<assign>
<var>${chrome_options}</var>
</assign>
<msg timestamp="20201219 17:19:44.914" level="INFO">${chrome_options} = &lt;selenium.webdriver.chrome.options.Options object at 0x000001CAC0051240&gt;</msg>
<status status="PASS" starttime="20201219 17:19:44.914" endtime="20201219 17:19:44.914"></status>
</kw>
<kw name="Call Method" library="BuiltIn">
<doc>Calls the named method of the given object with the provided arguments.</doc>
<arguments>
<arg>${chrome_options}</arg>
<arg>add_argument</arg>
<arg>headless</arg>
</arguments>
<status status="PASS" starttime="20201219 17:19:44.914" endtime="20201219 17:19:44.914"></status>
</kw>
<kw name="Call Method" library="BuiltIn">
<doc>Calls the named method of the given object with the provided arguments.</doc>
<arguments>
<arg>${chrome_options}</arg>
<arg>add_argument</arg>
<arg>disable-gpu</arg>
</arguments>
<status status="PASS" starttime="20201219 17:19:44.915" endtime="20201219 17:19:44.915"></status>
</kw>
<kw name="Call Method" library="BuiltIn">
<doc>Calls the named method of the given object with the provided arguments.</doc>
<arguments>
<arg>${chrome_options}</arg>
<arg>to_capabilities</arg>
</arguments>
<assign>
<var>${options}</var>
</assign>
<msg timestamp="20201219 17:19:44.915" level="INFO">${options} = {'browserName': 'chrome', 'version': '', 'platform': 'ANY', 'goog:chromeOptions': {'extensions': [], 'args': ['headless', 'disable-gpu']}}</msg>
<status status="PASS" starttime="20201219 17:19:44.915" endtime="20201219 17:19:44.915"></status>
</kw>
<kw name="Create Webdriver" library="Selenium2Library">
<doc>Creates an instance of Selenium WebDriver.</doc>
<arguments>
<arg>Chrome</arg>
<arg>desired_capabilities=${options}</arg>
</arguments>
<msg timestamp="20201219 17:19:44.915" level="INFO">Creating an instance of the Chrome WebDriver.</msg>
<status status="PASS" starttime="20201219 17:19:44.915" endtime="20201219 17:19:48.080"></status>
</kw>
<kw name="Set Window Size" library="Selenium2Library">
<doc>Sets current windows size to given ``width`` and ``height``.</doc>
<arguments>
<arg>1920</arg>
<arg>1080</arg>
</arguments>
<status status="PASS" starttime="20201219 17:19:48.080" endtime="20201219 17:19:50.237"></status>
</kw>
<kw name="Maximize Browser Window" library="Selenium2Library">
<doc>Maximizes current browser window.</doc>
<status status="PASS" starttime="20201219 17:19:50.238" endtime="20201219 17:19:50.345"></status>
</kw>
<kw name="Wait Until Keyword Succeeds" library="BuiltIn">
<doc>Runs the specified keyword and retries if it fails.</doc>
<arguments>
<arg>${retry times}</arg>
<arg>5s</arg>
<arg>Login_retry</arg>
</arguments>
<kw name="Login_retry" library="Resource">
<kw name="Catenate" library="BuiltIn">
<doc>Catenates the given items together and returns the resulted string.</doc>
<arguments>
<arg>SEPARATOR=</arg>
<arg>${ip}</arg>
<arg>/login.koala</arg>
</arguments>
<assign>
<var>${login_ip}</var>
</assign>
<msg timestamp="20201219 17:19:50.347" level="INFO">${login_ip} = http://10.200.9.183:8074/login.koala</msg>
<status status="PASS" starttime="20201219 17:19:50.346" endtime="20201219 17:19:50.347"></status>
</kw>
<kw name="Go To" library="Selenium2Library">
<doc>Navigates the current browser window to the provided ``url``.</doc>
<arguments>
<arg>${login_ip}</arg>
</arguments>
<msg timestamp="20201219 17:19:50.347" level="INFO">Opening url 'http://10.200.9.183:8074/login.koala'</msg>
<status status="PASS" starttime="20201219 17:19:50.347" endtime="20201219 17:19:51.691"></status>
</kw>
<kw name="Input Text" library="Selenium2Library">
<doc>Types the given ``text`` into the text field identified by ``locator``.</doc>
<arguments>
<arg>id=j_username</arg>
<arg>${username}</arg>
</arguments>
<msg timestamp="20201219 17:19:51.691" level="INFO">Typing text 'enler' into text field 'id=j_username'.</msg>
<status status="PASS" starttime="20201219 17:19:51.691" endtime="20201219 17:19:51.762"></status>
</kw>
<kw name="Input Text" library="Selenium2Library">
<doc>Types the given ``text`` into the text field identified by ``locator``.</doc>
<arguments>
<arg>id=j_password</arg>
<arg>${password}</arg>
</arguments>
<msg timestamp="20201219 17:19:51.763" level="INFO">Typing text '888888' into text field 'id=j_password'.</msg>
<status status="PASS" starttime="20201219 17:19:51.763" endtime="20201219 17:19:51.825"></status>
</kw>
<kw name="Input Text" library="Selenium2Library">
<doc>Types the given ``text`` into the text field identified by ``locator``.</doc>
<arguments>
<arg>id=jCaptchaCode</arg>
<arg>111111</arg>
</arguments>
<msg timestamp="20201219 17:19:51.825" level="INFO">Typing text '111111' into text field 'id=jCaptchaCode'.</msg>
<status status="PASS" starttime="20201219 17:19:51.825" endtime="20201219 17:19:51.886"></status>
</kw>
<kw name="Click Element" library="Selenium2Library">
<doc>Click the element identified by ``locator``.</doc>
<arguments>
<arg>id=loginBtn</arg>
</arguments>
<msg timestamp="20201219 17:19:51.887" level="INFO">Clicking element 'id=loginBtn'.</msg>
<status status="PASS" starttime="20201219 17:19:51.886" endtime="20201219 17:19:51.923"></status>
</kw>
<kw name="Sleep" library="BuiltIn">
<doc>Pauses the test executed for the given time.</doc>
<arguments>
<arg>1</arg>
</arguments>
<msg timestamp="20201219 17:19:52.930" level="INFO">Slept 1 second</msg>
<status status="PASS" starttime="20201219 17:19:51.923" endtime="20201219 17:19:52.930"></status>
</kw>
<kw name="wait contains" library="Resource">
<arguments>
<arg>角色</arg>
</arguments>
<kw name="Sleep" library="BuiltIn">
<doc>Pauses the test executed for the given time.</doc>
<arguments>
<arg>3</arg>
</arguments>
<msg timestamp="20201219 17:19:55.935" level="INFO">Slept 3 seconds</msg>
<status status="PASS" starttime="20201219 17:19:52.930" endtime="20201219 17:19:55.935"></status>
</kw>
<kw name="Capture Page Screenshot" library="Selenium2Library">
<doc>Takes a screenshot of the current page and embeds it into a log file.</doc>
<msg timestamp="20201219 17:19:56.327" level="INFO" html="yes">&lt;/td&gt;&lt;/tr&gt;&lt;tr&gt;&lt;td colspan="3"&gt;&lt;a href="selenium-screenshot-1.png"&gt;&lt;img src="selenium-screenshot-1.png" width="800px"&gt;&lt;/a&gt;</msg>
<status status="PASS" starttime="20201219 17:19:55.935" endtime="20201219 17:19:56.328"></status>
</kw>
<kw name="Wait Until Page Contains" library="Selenium2Library">
<doc>Waits until ``text`` appears on the current page.</doc>
<arguments>
<arg>${wait text}</arg>
<arg>${wait time}</arg>
</arguments>
<status status="PASS" starttime="20201219 17:19:56.328" endtime="20201219 17:19:56.340"></status>
</kw>
<kw name="Sleep" library="BuiltIn">
<doc>Pauses the test executed for the given time.</doc>
<arguments>
<arg>1</arg>
</arguments>
<msg timestamp="20201219 17:19:57.343" level="INFO">Slept 1 second</msg>
<status status="PASS" starttime="20201219 17:19:56.340" endtime="20201219 17:19:57.343"></status>
</kw>
<status status="PASS" starttime="20201219 17:19:52.930" endtime="20201219 17:19:57.343"></status>
</kw>
<status status="PASS" starttime="20201219 17:19:50.346" endtime="20201219 17:19:57.344"></status>
</kw>
<status status="PASS" starttime="20201219 17:19:50.345" endtime="20201219 17:19:57.344"></status>
</kw>
<status status="PASS" starttime="20201219 17:19:44.914" endtime="20201219 17:19:57.344"></status>
</kw>
<status status="PASS" starttime="20201219 17:19:44.913" endtime="20201219 17:19:57.344"></status>
</kw>
<kw name="Catenate" library="BuiltIn">
<doc>Catenates the given items together and returns the resulted string.</doc>
<arguments>
<arg>SEPARATOR=</arg>
<arg>css=div[id='</arg>
<arg>${bus_1}[bustid]</arg>
<arg>']&gt;div[class='bus-body']</arg>
</arguments>
<assign>
<var>${bustidXPATH}</var>
</assign>
<msg timestamp="20201219 17:19:57.345" level="INFO">${bustidXPATH} = css=div[id='201126142457482']&gt;div[class='bus-body']</msg>
<status status="PASS" starttime="20201219 17:19:57.345" endtime="20201219 17:19:57.345"></status>
</kw>
<kw name="get bsBusdiagrameMenus_first" library="Resource">
<doc>首次打开简图-车辆-更多菜单</doc>
<arguments>
<arg>${bustidXPATH}</arg>
</arguments>
<kw name="Bs_BusdiagramePage_entry" library="Resource">
<doc>进入简图调度页面</doc>
<kw name="wait click" library="Resource">
<doc>果看到某个按钮没有加载出来，或者点击无反应，我们会稍等下再点点看。</doc>
<arguments>
<arg>&amp;{menuDict}[operative_monitor]</arg>
</arguments>
<kw name="wait element" library="Resource">
<arguments>
<arg>${element locator}</arg>
</arguments>
<kw name="Wait Until Page Contains Element" library="Selenium2Library">
<doc>Waits until the element ``locator`` appears on the current page.</doc>
<arguments>
<arg>${element locator}</arg>
<arg>${wait time}</arg>
</arguments>
<status status="PASS" starttime="20201219 17:19:57.347" endtime="20201219 17:19:57.356"></status>
</kw>
<kw name="Wait Until Element Is Enabled" library="Selenium2Library">
<doc>Waits until the element ``locator`` is enabled.</doc>
<arguments>
<arg>${element locator}</arg>
<arg>${wait time}</arg>
</arguments>
<status status="PASS" starttime="20201219 17:19:57.356" endtime="20201219 17:19:57.374"></status>
</kw>
<kw name="Wait Until Element Is Visible" library="Selenium2Library">
<doc>Waits until the element ``locator`` is visible.</doc>
<arguments>
<arg>${element locator}</arg>
<arg>${wait time}</arg>
</arguments>
<status status="PASS" starttime="20201219 17:19:57.374" endtime="20201219 17:19:57.390"></status>
</kw>
<kw name="Sleep" library="BuiltIn">
<doc>Pauses the test executed for the given time.</doc>
<arguments>
<arg>1</arg>
</arguments>
<msg timestamp="20201219 17:19:58.391" level="INFO">Slept 1 second</msg>
<status status="PASS" starttime="20201219 17:19:57.390" endtime="20201219 17:19:58.391"></status>
</kw>
<status status="PASS" starttime="20201219 17:19:57.347" endtime="20201219 17:19:58.391"></status>
</kw>
<kw name="Set Focus To Element" library="Selenium2Library">
<doc>Sets the focus to the element identified by ``locator``.</doc>
<arguments>
<arg>${element locator}</arg>
</arguments>
<status status="PASS" starttime="20201219 17:19:58.392" endtime="20201219 17:19:58.407"></status>
</kw>
<kw name="Wait Until Keyword Succeeds" library="BuiltIn">
<doc>Runs the specified keyword and retries if it fails.</doc>
<arguments>
<arg>${retry times}</arg>
<arg>5s</arg>
<arg>click element</arg>
<arg>${element locator}</arg>
</arguments>
<kw name="Click Element" library="Selenium2Library">
<doc>Click the element identified by ``locator``.</doc>
<arguments>
<arg>${element locator}</arg>
</arguments>
<msg timestamp="20201219 17:19:58.408" level="INFO">Clicking element 'xpath=//a[@href='#menuMark181']'.</msg>
<status status="PASS" starttime="20201219 17:19:58.407" endtime="20201219 17:19:58.451"></status>
</kw>
<status status="PASS" starttime="20201219 17:19:58.407" endtime="20201219 17:19:58.451"></status>
</kw>
<status status="PASS" starttime="20201219 17:19:57.347" endtime="20201219 17:19:58.451"></status>
</kw>
<kw name="wait click" library="Resource">
<doc>果看到某个按钮没有加载出来，或者点击无反应，我们会稍等下再点点看。</doc>
<arguments>
<arg>&amp;{menuDict}[diagram_disapth]</arg>
</arguments>
<kw name="wait element" library="Resource">
<arguments>
<arg>${element locator}</arg>
</arguments>
<kw name="Wait Until Page Contains Element" library="Selenium2Library">
<doc>Waits until the element ``locator`` appears on the current page.</doc>
<arguments>
<arg>${element locator}</arg>
<arg>${wait time}</arg>
</arguments>
<status status="PASS" starttime="20201219 17:19:58.452" endtime="20201219 17:19:58.460"></status>
</kw>
<kw name="Wait Until Element Is Enabled" library="Selenium2Library">
<doc>Waits until the element ``locator`` is enabled.</doc>
<arguments>
<arg>${element locator}</arg>
<arg>${wait time}</arg>
</arguments>
<status status="PASS" starttime="20201219 17:19:58.461" endtime="20201219 17:19:58.477"></status>
</kw>
<kw name="Wait Until Element Is Visible" library="Selenium2Library">
<doc>Waits until the element ``locator`` is visible.</doc>
<arguments>
<arg>${element locator}</arg>
<arg>${wait time}</arg>
</arguments>
<status status="PASS" starttime="20201219 17:19:58.478" endtime="20201219 17:19:58.493"></status>
</kw>
<kw name="Sleep" library="BuiltIn">
<doc>Pauses the test executed for the given time.</doc>
<arguments>
<arg>1</arg>
</arguments>
<msg timestamp="20201219 17:19:59.497" level="INFO">Slept 1 second</msg>
<status status="PASS" starttime="20201219 17:19:58.494" endtime="20201219 17:19:59.497"></status>
</kw>
<status status="PASS" starttime="20201219 17:19:58.452" endtime="20201219 17:19:59.497"></status>
</kw>
<kw name="Set Focus To Element" library="Selenium2Library">
<doc>Sets the focus to the element identified by ``locator``.</doc>
<arguments>
<arg>${element locator}</arg>
</arguments>
<status status="PASS" starttime="20201219 17:19:59.497" endtime="20201219 17:19:59.511"></status>
</kw>
<kw name="Wait Until Keyword Succeeds" library="BuiltIn">
<doc>Runs the specified keyword and retries if it fails.</doc>
<arguments>
<arg>${retry times}</arg>
<arg>5s</arg>
<arg>click element</arg>
<arg>${element locator}</arg>
</arguments>
<kw name="Click Element" library="Selenium2Library">
<doc>Click the element identified by ``locator``.</doc>
<arguments>
<arg>${element locator}</arg>
</arguments>
<msg timestamp="20201219 17:19:59.513" level="INFO">Clicking element 'css=li[data-mark='menuMark214']'.</msg>
<status status="PASS" starttime="20201219 17:19:59.512" endtime="20201219 17:19:59.550"></status>
</kw>
<status status="PASS" starttime="20201219 17:19:59.512" endtime="20201219 17:19:59.550"></status>
</kw>
<status status="PASS" starttime="20201219 17:19:58.452" endtime="20201219 17:19:59.550"></status>
</kw>
<kw name="wait click" library="Resource">
<doc>果看到某个按钮没有加载出来，或者点击无反应，我们会稍等下再点点看。</doc>
<arguments>
<arg>${roadXpath_diagram}</arg>
</arguments>
<kw name="wait element" library="Resource">
<arguments>
<arg>${element locator}</arg>
</arguments>
<kw name="Wait Until Page Contains Element" library="Selenium2Library">
<doc>Waits until the element ``locator`` appears on the current page.</doc>
<arguments>
<arg>${element locator}</arg>
<arg>${wait time}</arg>
</arguments>
<status status="PASS" starttime="20201219 17:19:59.551" endtime="20201219 17:20:00.795"></status>
</kw>
<kw name="Wait Until Element Is Enabled" library="Selenium2Library">
<doc>Waits until the element ``locator`` is enabled.</doc>
<arguments>
<arg>${element locator}</arg>
<arg>${wait time}</arg>
</arguments>
<status status="PASS" starttime="20201219 17:20:00.795" endtime="20201219 17:20:00.812"></status>
</kw>
<kw name="Wait Until Element Is Visible" library="Selenium2Library">
<doc>Waits until the element ``locator`` is visible.</doc>
<arguments>
<arg>${element locator}</arg>
<arg>${wait time}</arg>
</arguments>
<status status="PASS" starttime="20201219 17:20:00.812" endtime="20201219 17:20:00.828"></status>
</kw>
<kw name="Sleep" library="BuiltIn">
<doc>Pauses the test executed for the given time.</doc>
<arguments>
<arg>1</arg>
</arguments>
<msg timestamp="20201219 17:20:01.829" level="INFO">Slept 1 second</msg>
<status status="PASS" starttime="20201219 17:20:00.828" endtime="20201219 17:20:01.829"></status>
</kw>
<status status="PASS" starttime="20201219 17:19:59.551" endtime="20201219 17:20:01.829"></status>
</kw>
<kw name="Set Focus To Element" library="Selenium2Library">
<doc>Sets the focus to the element identified by ``locator``.</doc>
<arguments>
<arg>${element locator}</arg>
</arguments>
<status status="PASS" starttime="20201219 17:20:01.830" endtime="20201219 17:20:01.844"></status>
</kw>
<kw name="Wait Until Keyword Succeeds" library="BuiltIn">
<doc>Runs the specified keyword and retries if it fails.</doc>
<arguments>
<arg>${retry times}</arg>
<arg>5s</arg>
<arg>click element</arg>
<arg>${element locator}</arg>
</arguments>
<kw name="Click Element" library="Selenium2Library">
<doc>Click the element identified by ``locator``.</doc>
<arguments>
<arg>${element locator}</arg>
</arguments>
<msg timestamp="20201219 17:20:01.845" level="INFO">Clicking element 'id=mtLocationRunDiagramTree_2_span'.</msg>
<status status="PASS" starttime="20201219 17:20:01.845" endtime="20201219 17:20:01.902"></status>
</kw>
<status status="PASS" starttime="20201219 17:20:01.845" endtime="20201219 17:20:01.903"></status>
</kw>
<status status="PASS" starttime="20201219 17:19:59.551" endtime="20201219 17:20:01.903"></status>
</kw>
<kw name="wait BsBusdiagrameIframe" library="Resource">
<doc>重试简图调度的iframe
如果主iframe失败，则进入副iframe
如果副iframe，则全部退出到top iframe</doc>
<kw name="Run Keyword And Ignore Error" library="BuiltIn">
<doc>Runs the given keyword with the given arguments and ignores possible error.</doc>
<arguments>
<arg>Select Frame</arg>
<arg>${iframe_tab}</arg>
</arguments>
<assign>
<var>${result}</var>
<var>${returnvalue}</var>
</assign>
<kw name="Select Frame" library="Selenium2Library">
<doc>Sets frame identified by ``locator`` as the current frame.</doc>
<arguments>
<arg>${iframe_tab}</arg>
</arguments>
<msg timestamp="20201219 17:20:01.903" level="INFO">Selecting frame 'id=iframe_tab_BsBusdiagarm-Maplist-417768025'.</msg>
<status status="PASS" starttime="20201219 17:20:01.903" endtime="20201219 17:20:06.081"></status>
</kw>
<msg timestamp="20201219 17:20:06.081" level="INFO">${result} = PASS</msg>
<msg timestamp="20201219 17:20:06.081" level="INFO">${returnvalue} = None</msg>
<status status="PASS" starttime="20201219 17:20:01.903" endtime="20201219 17:20:06.081"></status>
</kw>
<kw name="Evaluate" library="BuiltIn">
<doc>Evaluates the given expression in Python and returns the results.</doc>
<arguments>
<arg>type($result)</arg>
</arguments>
<assign>
<var>${typeresult}</var>
</assign>
<msg timestamp="20201219 17:20:06.085" level="INFO">${typeresult} = &lt;class 'str'&gt;</msg>
<status status="PASS" starttime="20201219 17:20:06.081" endtime="20201219 17:20:06.085"></status>
</kw>
<kw name="Run Keyword If" library="BuiltIn">
<doc>Runs the given keyword with the given arguments, if ``condition`` is true.</doc>
<arguments>
<arg>'${result}'=='PASS'</arg>
<arg>LOG</arg>
<arg>frame定位成功</arg>
<arg>ELSE</arg>
<arg>select_iframe</arg>
</arguments>
<kw name="Log" library="BuiltIn">
<doc>Logs the given message with the given level.</doc>
<arguments>
<arg>frame定位成功</arg>
</arguments>
<msg timestamp="20201219 17:20:06.085" level="INFO">frame定位成功</msg>
<status status="PASS" starttime="20201219 17:20:06.085" endtime="20201219 17:20:06.085"></status>
</kw>
<status status="PASS" starttime="20201219 17:20:06.085" endtime="20201219 17:20:06.085"></status>
</kw>
<status status="PASS" starttime="20201219 17:20:01.903" endtime="20201219 17:20:06.085"></status>
</kw>
<status status="PASS" starttime="20201219 17:19:57.346" endtime="20201219 17:20:06.085"></status>
</kw>
<kw name="wait BsBusdiagrameViceIframe" library="Resource">
<doc>重试简图调度的iframe
如果主iframe失败，则进入副iframe
如果副iframe，则全部退出到top iframe</doc>
<kw name="Run Keyword And Ignore Error" library="BuiltIn">
<doc>Runs the given keyword with the given arguments and ignores possible error.</doc>
<arguments>
<arg>Select Frame</arg>
<arg>${iframe_line}</arg>
</arguments>
<assign>
<var>${result}</var>
<var>${returnvalue}</var>
</assign>
<kw name="Select Frame" library="Selenium2Library">
<doc>Sets frame identified by ``locator`` as the current frame.</doc>
<arguments>
<arg>${iframe_line}</arg>
</arguments>
<msg timestamp="20201219 17:20:06.086" level="INFO">Selecting frame 'css=#line_417768025'.</msg>
<status status="PASS" starttime="20201219 17:20:06.086" endtime="20201219 17:20:06.969"></status>
</kw>
<msg timestamp="20201219 17:20:06.969" level="INFO">${result} = PASS</msg>
<msg timestamp="20201219 17:20:06.969" level="INFO">${returnvalue} = None</msg>
<status status="PASS" starttime="20201219 17:20:06.086" endtime="20201219 17:20:06.969"></status>
</kw>
<kw name="Run Keyword If" library="BuiltIn">
<doc>Runs the given keyword with the given arguments, if ``condition`` is true.</doc>
<arguments>
<arg>'${result}'=='PASS'</arg>
<arg>LOG</arg>
<arg>frame定位成功</arg>
<arg>ELSE</arg>
<arg>select_vicframe</arg>
</arguments>
<kw name="Log" library="BuiltIn">
<doc>Logs the given message with the given level.</doc>
<arguments>
<arg>frame定位成功</arg>
</arguments>
<msg timestamp="20201219 17:20:06.970" level="INFO">frame定位成功</msg>
<status status="PASS" starttime="20201219 17:20:06.970" endtime="20201219 17:20:06.970"></status>
</kw>
<status status="PASS" starttime="20201219 17:20:06.969" endtime="20201219 17:20:06.970"></status>
</kw>
<status status="PASS" starttime="20201219 17:20:06.085" endtime="20201219 17:20:06.970"></status>
</kw>
<kw name="wait Rightclick" library="Resource">
<doc>果看到某个按钮没有加载出来，或者点击无反应，我们会稍等下再点点看。</doc>
<arguments>
<arg>${bustidXPATH}</arg>
</arguments>
<kw name="wait element" library="Resource">
<arguments>
<arg>${element locator}</arg>
</arguments>
<kw name="Wait Until Page Contains Element" library="Selenium2Library">
<doc>Waits until the element ``locator`` appears on the current page.</doc>
<arguments>
<arg>${element locator}</arg>
<arg>${wait time}</arg>
</arguments>
<status status="PASS" starttime="20201219 17:20:06.971" endtime="20201219 17:20:06.980"></status>
</kw>
<kw name="Wait Until Element Is Enabled" library="Selenium2Library">
<doc>Waits until the element ``locator`` is enabled.</doc>
<arguments>
<arg>${element locator}</arg>
<arg>${wait time}</arg>
</arguments>
<status status="PASS" starttime="20201219 17:20:06.980" endtime="20201219 17:20:06.997"></status>
</kw>
<kw name="Wait Until Element Is Visible" library="Selenium2Library">
<doc>Waits until the element ``locator`` is visible.</doc>
<arguments>
<arg>${element locator}</arg>
<arg>${wait time}</arg>
</arguments>
<status status="PASS" starttime="20201219 17:20:06.997" endtime="20201219 17:20:07.016"></status>
</kw>
<kw name="Sleep" library="BuiltIn">
<doc>Pauses the test executed for the given time.</doc>
<arguments>
<arg>1</arg>
</arguments>
<msg timestamp="20201219 17:20:08.031" level="INFO">Slept 1 second</msg>
<status status="PASS" starttime="20201219 17:20:07.016" endtime="20201219 17:20:08.031"></status>
</kw>
<status status="PASS" starttime="20201219 17:20:06.970" endtime="20201219 17:20:08.031"></status>
</kw>
<kw name="Set Focus To Element" library="Selenium2Library">
<doc>Sets the focus to the element identified by ``locator``.</doc>
<arguments>
<arg>${element locator}</arg>
</arguments>
<status status="PASS" starttime="20201219 17:20:08.032" endtime="20201219 17:20:08.043"></status>
</kw>
<kw name="Wait Until Keyword Succeeds" library="BuiltIn">
<doc>Runs the specified keyword and retries if it fails.</doc>
<arguments>
<arg>${retry times}</arg>
<arg>5s</arg>
<arg>Right Click Element</arg>
<arg>${element locator}</arg>
</arguments>
<kw name="Right Click Element" library="Selenium2Library">
<arguments>
<arg>${element locator}</arg>
</arguments>
<status status="PASS" starttime="20201219 17:20:08.044" endtime="20201219 17:20:08.376"></status>
</kw>
<status status="PASS" starttime="20201219 17:20:08.043" endtime="20201219 17:20:08.376"></status>
</kw>
<status status="PASS" starttime="20201219 17:20:06.970" endtime="20201219 17:20:08.376"></status>
</kw>
<kw name="wait BsBusdiagrameIframe" library="Resource">
<doc>重试简图调度的iframe
如果主iframe失败，则进入副iframe
如果副iframe，则全部退出到top iframe</doc>
<kw name="Run Keyword And Ignore Error" library="BuiltIn">
<doc>Runs the given keyword with the given arguments and ignores possible error.</doc>
<arguments>
<arg>Select Frame</arg>
<arg>${iframe_tab}</arg>
</arguments>
<assign>
<var>${result}</var>
<var>${returnvalue}</var>
</assign>
<kw name="Select Frame" library="Selenium2Library">
<doc>Sets frame identified by ``locator`` as the current frame.</doc>
<arguments>
<arg>${iframe_tab}</arg>
</arguments>
<msg timestamp="20201219 17:20:08.377" level="INFO">Selecting frame 'id=iframe_tab_BsBusdiagarm-Maplist-417768025'.</msg>
<kw name="Capture Page Screenshot" library="Selenium2Library">
<doc>Takes a screenshot of the current page and embeds it into a log file.</doc>
<msg timestamp="20201219 17:20:08.712" level="INFO" html="yes">&lt;/td&gt;&lt;/tr&gt;&lt;tr&gt;&lt;td colspan="3"&gt;&lt;a href="selenium-screenshot-2.png"&gt;&lt;img src="selenium-screenshot-2.png" width="800px"&gt;&lt;/a&gt;</msg>
<status status="PASS" starttime="20201219 17:20:08.383" endtime="20201219 17:20:08.712"></status>
</kw>
<msg timestamp="20201219 17:20:08.713" level="FAIL">Element with locator 'id=iframe_tab_BsBusdiagarm-Maplist-417768025' not found.</msg>
<status status="FAIL" starttime="20201219 17:20:08.377" endtime="20201219 17:20:08.713"></status>
</kw>
<msg timestamp="20201219 17:20:08.713" level="INFO">${result} = FAIL</msg>
<msg timestamp="20201219 17:20:08.713" level="INFO">${returnvalue} = Element with locator 'id=iframe_tab_BsBusdiagarm-Maplist-417768025' not found.</msg>
<status status="PASS" starttime="20201219 17:20:08.377" endtime="20201219 17:20:08.713"></status>
</kw>
<kw name="Evaluate" library="BuiltIn">
<doc>Evaluates the given expression in Python and returns the results.</doc>
<arguments>
<arg>type($result)</arg>
</arguments>
<assign>
<var>${typeresult}</var>
</assign>
<msg timestamp="20201219 17:20:08.714" level="INFO">${typeresult} = &lt;class 'str'&gt;</msg>
<status status="PASS" starttime="20201219 17:20:08.713" endtime="20201219 17:20:08.714"></status>
</kw>
<kw name="Run Keyword If" library="BuiltIn">
<doc>Runs the given keyword with the given arguments, if ``condition`` is true.</doc>
<arguments>
<arg>'${result}'=='PASS'</arg>
<arg>LOG</arg>
<arg>frame定位成功</arg>
<arg>ELSE</arg>
<arg>select_iframe</arg>
</arguments>
<kw name="select_iframe" library="Resource">
<kw name="Unselect Frame" library="Selenium2Library">
<doc>Sets the main frame as the current frame.</doc>
<status status="PASS" starttime="20201219 17:20:08.715" endtime="20201219 17:20:08.717"></status>
</kw>
<kw name="Select Frame" library="Selenium2Library">
<doc>Sets frame identified by ``locator`` as the current frame.</doc>
<arguments>
<arg>${iframe_tab}</arg>
</arguments>
<msg timestamp="20201219 17:20:08.717" level="INFO">Selecting frame 'id=iframe_tab_BsBusdiagarm-Maplist-417768025'.</msg>
<status status="PASS" starttime="20201219 17:20:08.717" endtime="20201219 17:20:08.733"></status>
</kw>
<status status="PASS" starttime="20201219 17:20:08.714" endtime="20201219 17:20:08.733"></status>
</kw>
<status status="PASS" starttime="20201219 17:20:08.714" endtime="20201219 17:20:08.733"></status>
</kw>
<status status="PASS" starttime="20201219 17:20:08.377" endtime="20201219 17:20:08.733"></status>
</kw>
<status status="PASS" starttime="20201219 17:19:57.346" endtime="20201219 17:20:08.733"></status>
</kw>
<kw name="Get WebElements" library="Selenium2Library">
<doc>Returns a list of WebElement objects matching the ``locator``.</doc>
<arguments>
<arg>&amp;{dropdown_menuDict}[GPS_history]</arg>
</arguments>
<assign>
<var>${elementxpath}</var>
</assign>
<msg timestamp="20201219 17:20:08.745" level="INFO">${elementxpath} = [&lt;selenium.webdriver.remote.webelement.WebElement (session="c515d1d147c03f414ffd25dc88f1caf0", element="2b398337-383f-492a-9298-eb0f748a5165")&gt;, &lt;selenium.webdriver.remote.webelement.WebElement (sessi...</msg>
<status status="PASS" starttime="20201219 17:20:08.734" endtime="20201219 17:20:08.745"></status>
</kw>
<kw name="wait click" library="Resource">
<doc>果看到某个按钮没有加载出来，或者点击无反应，我们会稍等下再点点看。</doc>
<arguments>
<arg>${elementxpath}[-1]</arg>
</arguments>
<kw name="wait element" library="Resource">
<arguments>
<arg>${element locator}</arg>
</arguments>
<kw name="Wait Until Page Contains Element" library="Selenium2Library">
<doc>Waits until the element ``locator`` appears on the current page.</doc>
<arguments>
<arg>${element locator}</arg>
<arg>${wait time}</arg>
</arguments>
<status status="PASS" starttime="20201219 17:20:08.746" endtime="20201219 17:20:08.746"></status>
</kw>
<kw name="Wait Until Element Is Enabled" library="Selenium2Library">
<doc>Waits until the element ``locator`` is enabled.</doc>
<arguments>
<arg>${element locator}</arg>
<arg>${wait time}</arg>
</arguments>
<status status="PASS" starttime="20201219 17:20:08.746" endtime="20201219 17:20:08.758"></status>
</kw>
<kw name="Wait Until Element Is Visible" library="Selenium2Library">
<doc>Waits until the element ``locator`` is visible.</doc>
<arguments>
<arg>${element locator}</arg>
<arg>${wait time}</arg>
</arguments>
<status status="PASS" starttime="20201219 17:20:08.759" endtime="20201219 17:20:08.767"></status>
</kw>
<kw name="Sleep" library="BuiltIn">
<doc>Pauses the test executed for the given time.</doc>
<arguments>
<arg>1</arg>
</arguments>
<msg timestamp="20201219 17:20:09.769" level="INFO">Slept 1 second</msg>
<status status="PASS" starttime="20201219 17:20:08.768" endtime="20201219 17:20:09.769"></status>
</kw>
<status status="PASS" starttime="20201219 17:20:08.746" endtime="20201219 17:20:09.770"></status>
</kw>
<kw name="Set Focus To Element" library="Selenium2Library">
<doc>Sets the focus to the element identified by ``locator``.</doc>
<arguments>
<arg>${element locator}</arg>
</arguments>
<status status="PASS" starttime="20201219 17:20:09.770" endtime="20201219 17:20:09.777"></status>
</kw>
<kw name="Wait Until Keyword Succeeds" library="BuiltIn">
<doc>Runs the specified keyword and retries if it fails.</doc>
<arguments>
<arg>${retry times}</arg>
<arg>5s</arg>
<arg>click element</arg>
<arg>${element locator}</arg>
</arguments>
<kw name="Click Element" library="Selenium2Library">
<doc>Click the element identified by ``locator``.</doc>
<arguments>
<arg>${element locator}</arg>
</arguments>
<msg timestamp="20201219 17:20:09.778" level="INFO">Clicking element '&lt;selenium.webdriver.remote.webelement.WebElement (session="c515d1d147c03f414ffd25dc88f1caf0", element="97eb5b2c-b170-4858-9553-09332c519e29")&gt;'.</msg>
<status status="PASS" starttime="20201219 17:20:09.778" endtime="20201219 17:20:09.858"></status>
</kw>
<status status="PASS" starttime="20201219 17:20:09.778" endtime="20201219 17:20:09.858"></status>
</kw>
<status status="PASS" starttime="20201219 17:20:08.746" endtime="20201219 17:20:09.858"></status>
</kw>
<kw name="wait contains" library="Resource">
<arguments>
<arg>回放日期</arg>
</arguments>
<kw name="Sleep" library="BuiltIn">
<doc>Pauses the test executed for the given time.</doc>
<arguments>
<arg>3</arg>
</arguments>
<msg timestamp="20201219 17:20:12.859" level="INFO">Slept 3 seconds</msg>
<status status="PASS" starttime="20201219 17:20:09.859" endtime="20201219 17:20:12.859"></status>
</kw>
<kw name="Capture Page Screenshot" library="Selenium2Library">
<doc>Takes a screenshot of the current page and embeds it into a log file.</doc>
<msg timestamp="20201219 17:20:13.193" level="INFO" html="yes">&lt;/td&gt;&lt;/tr&gt;&lt;tr&gt;&lt;td colspan="3"&gt;&lt;a href="selenium-screenshot-3.png"&gt;&lt;img src="selenium-screenshot-3.png" width="800px"&gt;&lt;/a&gt;</msg>
<status status="PASS" starttime="20201219 17:20:12.859" endtime="20201219 17:20:13.193"></status>
</kw>
<kw name="Wait Until Page Contains" library="Selenium2Library">
<doc>Waits until ``text`` appears on the current page.</doc>
<arguments>
<arg>${wait text}</arg>
<arg>${wait time}</arg>
</arguments>
<status status="PASS" starttime="20201219 17:20:13.193" endtime="20201219 17:20:13.207"></status>
</kw>
<kw name="Sleep" library="BuiltIn">
<doc>Pauses the test executed for the given time.</doc>
<arguments>
<arg>1</arg>
</arguments>
<msg timestamp="20201219 17:20:14.209" level="INFO">Slept 1 second</msg>
<status status="PASS" starttime="20201219 17:20:13.207" endtime="20201219 17:20:14.209"></status>
</kw>
<status status="PASS" starttime="20201219 17:20:09.859" endtime="20201219 17:20:14.209"></status>
</kw>
<kw name="wait click" library="Resource">
<doc>果看到某个按钮没有加载出来，或者点击无反应，我们会稍等下再点点看。</doc>
<arguments>
<arg>xpath=//button[contains(text(),'返回')]</arg>
</arguments>
<kw name="wait element" library="Resource">
<arguments>
<arg>${element locator}</arg>
</arguments>
<kw name="Wait Until Page Contains Element" library="Selenium2Library">
<doc>Waits until the element ``locator`` appears on the current page.</doc>
<arguments>
<arg>${element locator}</arg>
<arg>${wait time}</arg>
</arguments>
<status status="PASS" starttime="20201219 17:20:14.210" endtime="20201219 17:20:14.220"></status>
</kw>
<kw name="Wait Until Element Is Enabled" library="Selenium2Library">
<doc>Waits until the element ``locator`` is enabled.</doc>
<arguments>
<arg>${element locator}</arg>
<arg>${wait time}</arg>
</arguments>
<status status="PASS" starttime="20201219 17:20:14.220" endtime="20201219 17:20:14.243"></status>
</kw>
<kw name="Wait Until Element Is Visible" library="Selenium2Library">
<doc>Waits until the element ``locator`` is visible.</doc>
<arguments>
<arg>${element locator}</arg>
<arg>${wait time}</arg>
</arguments>
<status status="PASS" starttime="20201219 17:20:14.243" endtime="20201219 17:20:14.262"></status>
</kw>
<kw name="Sleep" library="BuiltIn">
<doc>Pauses the test executed for the given time.</doc>
<arguments>
<arg>1</arg>
</arguments>
<msg timestamp="20201219 17:20:15.262" level="INFO">Slept 1 second</msg>
<status status="PASS" starttime="20201219 17:20:14.262" endtime="20201219 17:20:15.262"></status>
</kw>
<status status="PASS" starttime="20201219 17:20:14.210" endtime="20201219 17:20:15.262"></status>
</kw>
<kw name="Set Focus To Element" library="Selenium2Library">
<doc>Sets the focus to the element identified by ``locator``.</doc>
<arguments>
<arg>${element locator}</arg>
</arguments>
<status status="PASS" starttime="20201219 17:20:15.262" endtime="20201219 17:20:15.278"></status>
</kw>
<kw name="Wait Until Keyword Succeeds" library="BuiltIn">
<doc>Runs the specified keyword and retries if it fails.</doc>
<arguments>
<arg>${retry times}</arg>
<arg>5s</arg>
<arg>click element</arg>
<arg>${element locator}</arg>
</arguments>
<kw name="Click Element" library="Selenium2Library">
<doc>Click the element identified by ``locator``.</doc>
<arguments>
<arg>${element locator}</arg>
</arguments>
<msg timestamp="20201219 17:20:15.279" level="INFO">Clicking element 'xpath=//button[contains(text(),'返回')]'.</msg>
<status status="PASS" starttime="20201219 17:20:15.278" endtime="20201219 17:20:15.347"></status>
</kw>
<status status="PASS" starttime="20201219 17:20:15.278" endtime="20201219 17:20:15.347"></status>
</kw>
<status status="PASS" starttime="20201219 17:20:14.210" endtime="20201219 17:20:15.347"></status>
</kw>
<kw name="Create List" library="BuiltIn">
<doc>Returns a list containing given items.</doc>
<arguments>
<arg>&amp;{dropdown_menuDict}[mapGPS]</arg>
<arg>&amp;{dropdown_menuDict}[roadGPS]</arg>
<arg>&amp;{dropdown_menuDict}[video]</arg>
<arg>&amp;{dropdown_menuDict}[roadGPS]</arg>
</arguments>
<assign>
<var>@{elementsXpath}</var>
</assign>
<msg timestamp="20201219 17:20:15.349" level="INFO">@{elementsXpath} = [ xpath=//a[contains(text(),"定位") and @tabindex='-1'] | xpath=//a[contains(text(),"线路") and @tabindex='-1'] | xpath=//a[contains(text(),"视频") and @tabindex='-1'] | xpath=//a[contains(text(),"线路") and ...</msg>
<status status="PASS" starttime="20201219 17:20:15.348" endtime="20201219 17:20:15.349"></status>
</kw>
<kw name="${XPATH} IN [ @{elementsXpath} ]" type="for">
<kw name="${XPATH} = xpath=//a[contains(text(),&quot;定位&quot;) and @tabindex='-1']" type="foritem">
<kw name="wait BsBusdiagrameViceIframe" library="Resource">
<doc>重试简图调度的iframe
如果主iframe失败，则进入副iframe
如果副iframe，则全部退出到top iframe</doc>
<kw name="Run Keyword And Ignore Error" library="BuiltIn">
<doc>Runs the given keyword with the given arguments and ignores possible error.</doc>
<arguments>
<arg>Select Frame</arg>
<arg>${iframe_line}</arg>
</arguments>
<assign>
<var>${result}</var>
<var>${returnvalue}</var>
</assign>
<kw name="Select Frame" library="Selenium2Library">
<doc>Sets frame identified by ``locator`` as the current frame.</doc>
<arguments>
<arg>${iframe_line}</arg>
</arguments>
<msg timestamp="20201219 17:20:15.351" level="INFO">Selecting frame 'css=#line_417768025'.</msg>
<status status="PASS" starttime="20201219 17:20:15.351" endtime="20201219 17:20:15.377"></status>
</kw>
<msg timestamp="20201219 17:20:15.377" level="INFO">${result} = PASS</msg>
<msg timestamp="20201219 17:20:15.377" level="INFO">${returnvalue} = None</msg>
<status status="PASS" starttime="20201219 17:20:15.350" endtime="20201219 17:20:15.377"></status>
</kw>
<kw name="Run Keyword If" library="BuiltIn">
<doc>Runs the given keyword with the given arguments, if ``condition`` is true.</doc>
<arguments>
<arg>'${result}'=='PASS'</arg>
<arg>LOG</arg>
<arg>frame定位成功</arg>
<arg>ELSE</arg>
<arg>select_vicframe</arg>
</arguments>
<kw name="Log" library="BuiltIn">
<doc>Logs the given message with the given level.</doc>
<arguments>
<arg>frame定位成功</arg>
</arguments>
<msg timestamp="20201219 17:20:15.378" level="INFO">frame定位成功</msg>
<status status="PASS" starttime="20201219 17:20:15.377" endtime="20201219 17:20:15.378"></status>
</kw>
<status status="PASS" starttime="20201219 17:20:15.377" endtime="20201219 17:20:15.378"></status>
</kw>
<status status="PASS" starttime="20201219 17:20:15.349" endtime="20201219 17:20:15.378"></status>
</kw>
<kw name="wait Rightclick" library="Resource">
<doc>果看到某个按钮没有加载出来，或者点击无反应，我们会稍等下再点点看。</doc>
<arguments>
<arg>${bustidXPATH}</arg>
</arguments>
<kw name="wait element" library="Resource">
<arguments>
<arg>${element locator}</arg>
</arguments>
<kw name="Wait Until Page Contains Element" library="Selenium2Library">
<doc>Waits until the element ``locator`` appears on the current page.</doc>
<arguments>
<arg>${element locator}</arg>
<arg>${wait time}</arg>
</arguments>
<status status="PASS" starttime="20201219 17:20:15.378" endtime="20201219 17:20:15.388"></status>
</kw>
<kw name="Wait Until Element Is Enabled" library="Selenium2Library">
<doc>Waits until the element ``locator`` is enabled.</doc>
<arguments>
<arg>${element locator}</arg>
<arg>${wait time}</arg>
</arguments>
<status status="PASS" starttime="20201219 17:20:15.388" endtime="20201219 17:20:15.406"></status>
</kw>
<kw name="Wait Until Element Is Visible" library="Selenium2Library">
<doc>Waits until the element ``locator`` is visible.</doc>
<arguments>
<arg>${element locator}</arg>
<arg>${wait time}</arg>
</arguments>
<status status="PASS" starttime="20201219 17:20:15.406" endtime="20201219 17:20:15.426"></status>
</kw>
<kw name="Sleep" library="BuiltIn">
<doc>Pauses the test executed for the given time.</doc>
<arguments>
<arg>1</arg>
</arguments>
<msg timestamp="20201219 17:20:16.430" level="INFO">Slept 1 second</msg>
<status status="PASS" starttime="20201219 17:20:15.426" endtime="20201219 17:20:16.430"></status>
</kw>
<status status="PASS" starttime="20201219 17:20:15.378" endtime="20201219 17:20:16.430"></status>
</kw>
<kw name="Set Focus To Element" library="Selenium2Library">
<doc>Sets the focus to the element identified by ``locator``.</doc>
<arguments>
<arg>${element locator}</arg>
</arguments>
<status status="PASS" starttime="20201219 17:20:16.430" endtime="20201219 17:20:16.446"></status>
</kw>
<kw name="Wait Until Keyword Succeeds" library="BuiltIn">
<doc>Runs the specified keyword and retries if it fails.</doc>
<arguments>
<arg>${retry times}</arg>
<arg>5s</arg>
<arg>Right Click Element</arg>
<arg>${element locator}</arg>
</arguments>
<kw name="Right Click Element" library="Selenium2Library">
<arguments>
<arg>${element locator}</arg>
</arguments>
<status status="PASS" starttime="20201219 17:20:16.447" endtime="20201219 17:20:16.779"></status>
</kw>
<status status="PASS" starttime="20201219 17:20:16.446" endtime="20201219 17:20:16.779"></status>
</kw>
<status status="PASS" starttime="20201219 17:20:15.378" endtime="20201219 17:20:16.779"></status>
</kw>
<kw name="wait BsBusdiagrameIframe" library="Resource">
<doc>重试简图调度的iframe
如果主iframe失败，则进入副iframe
如果副iframe，则全部退出到top iframe</doc>
<kw name="Run Keyword And Ignore Error" library="BuiltIn">
<doc>Runs the given keyword with the given arguments and ignores possible error.</doc>
<arguments>
<arg>Select Frame</arg>
<arg>${iframe_tab}</arg>
</arguments>
<assign>
<var>${result}</var>
<var>${returnvalue}</var>
</assign>
<kw name="Select Frame" library="Selenium2Library">
<doc>Sets frame identified by ``locator`` as the current frame.</doc>
<arguments>
<arg>${iframe_tab}</arg>
</arguments>
<msg timestamp="20201219 17:20:16.781" level="INFO">Selecting frame 'id=iframe_tab_BsBusdiagarm-Maplist-417768025'.</msg>
<kw name="Capture Page Screenshot" library="Selenium2Library">
<doc>Takes a screenshot of the current page and embeds it into a log file.</doc>
<msg timestamp="20201219 17:20:17.129" level="INFO" html="yes">&lt;/td&gt;&lt;/tr&gt;&lt;tr&gt;&lt;td colspan="3"&gt;&lt;a href="selenium-screenshot-4.png"&gt;&lt;img src="selenium-screenshot-4.png" width="800px"&gt;&lt;/a&gt;</msg>
<status status="PASS" starttime="20201219 17:20:16.790" endtime="20201219 17:20:17.129"></status>
</kw>
<msg timestamp="20201219 17:20:17.129" level="FAIL">Element with locator 'id=iframe_tab_BsBusdiagarm-Maplist-417768025' not found.</msg>
<status status="FAIL" starttime="20201219 17:20:16.780" endtime="20201219 17:20:17.130"></status>
</kw>
<msg timestamp="20201219 17:20:17.130" level="INFO">${result} = FAIL</msg>
<msg timestamp="20201219 17:20:17.130" level="INFO">${returnvalue} = Element with locator 'id=iframe_tab_BsBusdiagarm-Maplist-417768025' not found.</msg>
<status status="PASS" starttime="20201219 17:20:16.780" endtime="20201219 17:20:17.130"></status>
</kw>
<kw name="Evaluate" library="BuiltIn">
<doc>Evaluates the given expression in Python and returns the results.</doc>
<arguments>
<arg>type($result)</arg>
</arguments>
<assign>
<var>${typeresult}</var>
</assign>
<msg timestamp="20201219 17:20:17.130" level="INFO">${typeresult} = &lt;class 'str'&gt;</msg>
<status status="PASS" starttime="20201219 17:20:17.130" endtime="20201219 17:20:17.130"></status>
</kw>
<kw name="Run Keyword If" library="BuiltIn">
<doc>Runs the given keyword with the given arguments, if ``condition`` is true.</doc>
<arguments>
<arg>'${result}'=='PASS'</arg>
<arg>LOG</arg>
<arg>frame定位成功</arg>
<arg>ELSE</arg>
<arg>select_iframe</arg>
</arguments>
<kw name="select_iframe" library="Resource">
<kw name="Unselect Frame" library="Selenium2Library">
<doc>Sets the main frame as the current frame.</doc>
<status status="PASS" starttime="20201219 17:20:17.131" endtime="20201219 17:20:17.133"></status>
</kw>
<kw name="Select Frame" library="Selenium2Library">
<doc>Sets frame identified by ``locator`` as the current frame.</doc>
<arguments>
<arg>${iframe_tab}</arg>
</arguments>
<msg timestamp="20201219 17:20:17.134" level="INFO">Selecting frame 'id=iframe_tab_BsBusdiagarm-Maplist-417768025'.</msg>
<status status="PASS" starttime="20201219 17:20:17.133" endtime="20201219 17:20:17.154"></status>
</kw>
<status status="PASS" starttime="20201219 17:20:17.131" endtime="20201219 17:20:17.154"></status>
</kw>
<status status="PASS" starttime="20201219 17:20:17.131" endtime="20201219 17:20:17.154"></status>
</kw>
<status status="PASS" starttime="20201219 17:20:16.779" endtime="20201219 17:20:17.154"></status>
</kw>
<kw name="wait click" library="Resource">
<doc>果看到某个按钮没有加载出来，或者点击无反应，我们会稍等下再点点看。</doc>
<arguments>
<arg>${XPATH}</arg>
</arguments>
<kw name="wait element" library="Resource">
<arguments>
<arg>${element locator}</arg>
</arguments>
<kw name="Wait Until Page Contains Element" library="Selenium2Library">
<doc>Waits until the element ``locator`` appears on the current page.</doc>
<arguments>
<arg>${element locator}</arg>
<arg>${wait time}</arg>
</arguments>
<status status="PASS" starttime="20201219 17:20:17.155" endtime="20201219 17:20:17.166"></status>
</kw>
<kw name="Wait Until Element Is Enabled" library="Selenium2Library">
<doc>Waits until the element ``locator`` is enabled.</doc>
<arguments>
<arg>${element locator}</arg>
<arg>${wait time}</arg>
</arguments>
<status status="PASS" starttime="20201219 17:20:17.166" endtime="20201219 17:20:17.184"></status>
</kw>
<kw name="Wait Until Element Is Visible" library="Selenium2Library">
<doc>Waits until the element ``locator`` is visible.</doc>
<arguments>
<arg>${element locator}</arg>
<arg>${wait time}</arg>
</arguments>
<status status="PASS" starttime="20201219 17:20:17.184" endtime="20201219 17:20:17.201"></status>
</kw>
<kw name="Sleep" library="BuiltIn">
<doc>Pauses the test executed for the given time.</doc>
<arguments>
<arg>1</arg>
</arguments>
<msg timestamp="20201219 17:20:18.210" level="INFO">Slept 1 second</msg>
<status status="PASS" starttime="20201219 17:20:17.201" endtime="20201219 17:20:18.210"></status>
</kw>
<status status="PASS" starttime="20201219 17:20:17.155" endtime="20201219 17:20:18.210"></status>
</kw>
<kw name="Set Focus To Element" library="Selenium2Library">
<doc>Sets the focus to the element identified by ``locator``.</doc>
<arguments>
<arg>${element locator}</arg>
</arguments>
<status status="PASS" starttime="20201219 17:20:18.211" endtime="20201219 17:20:18.226"></status>
</kw>
<kw name="Wait Until Keyword Succeeds" library="BuiltIn">
<doc>Runs the specified keyword and retries if it fails.</doc>
<arguments>
<arg>${retry times}</arg>
<arg>5s</arg>
<arg>click element</arg>
<arg>${element locator}</arg>
</arguments>
<kw name="Click Element" library="Selenium2Library">
<doc>Click the element identified by ``locator``.</doc>
<arguments>
<arg>${element locator}</arg>
</arguments>
<msg timestamp="20201219 17:20:18.226" level="INFO">Clicking element 'xpath=//a[contains(text(),"定位") and @tabindex='-1']'.</msg>
<status status="PASS" starttime="20201219 17:20:18.226" endtime="20201219 17:20:18.299"></status>
</kw>
<status status="PASS" starttime="20201219 17:20:18.226" endtime="20201219 17:20:18.299"></status>
</kw>
<status status="PASS" starttime="20201219 17:20:17.154" endtime="20201219 17:20:18.299"></status>
</kw>
<kw name="wait click" library="Resource">
<doc>果看到某个按钮没有加载出来，或者点击无反应，我们会稍等下再点点看。</doc>
<arguments>
<arg>xpath=//button[contains(text(),'返回')]</arg>
</arguments>
<kw name="wait element" library="Resource">
<arguments>
<arg>${element locator}</arg>
</arguments>
<kw name="Wait Until Page Contains Element" library="Selenium2Library">
<doc>Waits until the element ``locator`` appears on the current page.</doc>
<arguments>
<arg>${element locator}</arg>
<arg>${wait time}</arg>
</arguments>
<status status="PASS" starttime="20201219 17:20:18.300" endtime="20201219 17:20:18.307"></status>
</kw>
<kw name="Wait Until Element Is Enabled" library="Selenium2Library">
<doc>Waits until the element ``locator`` is enabled.</doc>
<arguments>
<arg>${element locator}</arg>
<arg>${wait time}</arg>
</arguments>
<status status="PASS" starttime="20201219 17:20:18.308" endtime="20201219 17:20:18.331"></status>
</kw>
<kw name="Wait Until Element Is Visible" library="Selenium2Library">
<doc>Waits until the element ``locator`` is visible.</doc>
<arguments>
<arg>${element locator}</arg>
<arg>${wait time}</arg>
</arguments>
<status status="PASS" starttime="20201219 17:20:18.331" endtime="20201219 17:20:18.347"></status>
</kw>
<kw name="Sleep" library="BuiltIn">
<doc>Pauses the test executed for the given time.</doc>
<arguments>
<arg>1</arg>
</arguments>
<msg timestamp="20201219 17:20:19.359" level="INFO">Slept 1 second</msg>
<status status="PASS" starttime="20201219 17:20:18.347" endtime="20201219 17:20:19.359"></status>
</kw>
<status status="PASS" starttime="20201219 17:20:18.299" endtime="20201219 17:20:19.359"></status>
</kw>
<kw name="Set Focus To Element" library="Selenium2Library">
<doc>Sets the focus to the element identified by ``locator``.</doc>
<arguments>
<arg>${element locator}</arg>
</arguments>
<status status="PASS" starttime="20201219 17:20:19.360" endtime="20201219 17:20:19.374"></status>
</kw>
<kw name="Wait Until Keyword Succeeds" library="BuiltIn">
<doc>Runs the specified keyword and retries if it fails.</doc>
<arguments>
<arg>${retry times}</arg>
<arg>5s</arg>
<arg>click element</arg>
<arg>${element locator}</arg>
</arguments>
<kw name="Click Element" library="Selenium2Library">
<doc>Click the element identified by ``locator``.</doc>
<arguments>
<arg>${element locator}</arg>
</arguments>
<msg timestamp="20201219 17:20:19.375" level="INFO">Clicking element 'xpath=//button[contains(text(),'返回')]'.</msg>
<status status="PASS" starttime="20201219 17:20:19.375" endtime="20201219 17:20:19.437"></status>
</kw>
<status status="PASS" starttime="20201219 17:20:19.374" endtime="20201219 17:20:19.437"></status>
</kw>
<status status="PASS" starttime="20201219 17:20:18.299" endtime="20201219 17:20:19.437"></status>
</kw>
<status status="PASS" starttime="20201219 17:20:15.349" endtime="20201219 17:20:19.437"></status>
</kw>
<kw name="${XPATH} = xpath=//a[contains(text(),&quot;线路&quot;) and @tabindex='-1']" type="foritem">
<kw name="wait BsBusdiagrameViceIframe" library="Resource">
<doc>重试简图调度的iframe
如果主iframe失败，则进入副iframe
如果副iframe，则全部退出到top iframe</doc>
<kw name="Run Keyword And Ignore Error" library="BuiltIn">
<doc>Runs the given keyword with the given arguments and ignores possible error.</doc>
<arguments>
<arg>Select Frame</arg>
<arg>${iframe_line}</arg>
</arguments>
<assign>
<var>${result}</var>
<var>${returnvalue}</var>
</assign>
<kw name="Select Frame" library="Selenium2Library">
<doc>Sets frame identified by ``locator`` as the current frame.</doc>
<arguments>
<arg>${iframe_line}</arg>
</arguments>
<msg timestamp="20201219 17:20:19.438" level="INFO">Selecting frame 'css=#line_417768025'.</msg>
<status status="PASS" starttime="20201219 17:20:19.438" endtime="20201219 17:20:19.459"></status>
</kw>
<msg timestamp="20201219 17:20:19.459" level="INFO">${result} = PASS</msg>
<msg timestamp="20201219 17:20:19.459" level="INFO">${returnvalue} = None</msg>
<status status="PASS" starttime="20201219 17:20:19.438" endtime="20201219 17:20:19.459"></status>
</kw>
<kw name="Run Keyword If" library="BuiltIn">
<doc>Runs the given keyword with the given arguments, if ``condition`` is true.</doc>
<arguments>
<arg>'${result}'=='PASS'</arg>
<arg>LOG</arg>
<arg>frame定位成功</arg>
<arg>ELSE</arg>
<arg>select_vicframe</arg>
</arguments>
<kw name="Log" library="BuiltIn">
<doc>Logs the given message with the given level.</doc>
<arguments>
<arg>frame定位成功</arg>
</arguments>
<msg timestamp="20201219 17:20:19.460" level="INFO">frame定位成功</msg>
<status status="PASS" starttime="20201219 17:20:19.460" endtime="20201219 17:20:19.460"></status>
</kw>
<status status="PASS" starttime="20201219 17:20:19.459" endtime="20201219 17:20:19.460"></status>
</kw>
<status status="PASS" starttime="20201219 17:20:19.438" endtime="20201219 17:20:19.460"></status>
</kw>
<kw name="wait Rightclick" library="Resource">
<doc>果看到某个按钮没有加载出来，或者点击无反应，我们会稍等下再点点看。</doc>
<arguments>
<arg>${bustidXPATH}</arg>
</arguments>
<kw name="wait element" library="Resource">
<arguments>
<arg>${element locator}</arg>
</arguments>
<kw name="Wait Until Page Contains Element" library="Selenium2Library">
<doc>Waits until the element ``locator`` appears on the current page.</doc>
<arguments>
<arg>${element locator}</arg>
<arg>${wait time}</arg>
</arguments>
<status status="PASS" starttime="20201219 17:20:19.461" endtime="20201219 17:20:19.468"></status>
</kw>
<kw name="Wait Until Element Is Enabled" library="Selenium2Library">
<doc>Waits until the element ``locator`` is enabled.</doc>
<arguments>
<arg>${element locator}</arg>
<arg>${wait time}</arg>
</arguments>
<status status="PASS" starttime="20201219 17:20:19.468" endtime="20201219 17:20:19.485"></status>
</kw>
<kw name="Wait Until Element Is Visible" library="Selenium2Library">
<doc>Waits until the element ``locator`` is visible.</doc>
<arguments>
<arg>${element locator}</arg>
<arg>${wait time}</arg>
</arguments>
<status status="PASS" starttime="20201219 17:20:19.485" endtime="20201219 17:20:19.500"></status>
</kw>
<kw name="Sleep" library="BuiltIn">
<doc>Pauses the test executed for the given time.</doc>
<arguments>
<arg>1</arg>
</arguments>
<msg timestamp="20201219 17:20:20.513" level="INFO">Slept 1 second</msg>
<status status="PASS" starttime="20201219 17:20:19.500" endtime="20201219 17:20:20.513"></status>
</kw>
<status status="PASS" starttime="20201219 17:20:19.460" endtime="20201219 17:20:20.514"></status>
</kw>
<kw name="Set Focus To Element" library="Selenium2Library">
<doc>Sets the focus to the element identified by ``locator``.</doc>
<arguments>
<arg>${element locator}</arg>
</arguments>
<status status="PASS" starttime="20201219 17:20:20.514" endtime="20201219 17:20:20.527"></status>
</kw>
<kw name="Wait Until Keyword Succeeds" library="BuiltIn">
<doc>Runs the specified keyword and retries if it fails.</doc>
<arguments>
<arg>${retry times}</arg>
<arg>5s</arg>
<arg>Right Click Element</arg>
<arg>${element locator}</arg>
</arguments>
<kw name="Right Click Element" library="Selenium2Library">
<arguments>
<arg>${element locator}</arg>
</arguments>
<status status="PASS" starttime="20201219 17:20:20.528" endtime="20201219 17:20:20.843"></status>
</kw>
<status status="PASS" starttime="20201219 17:20:20.528" endtime="20201219 17:20:20.843"></status>
</kw>
<status status="PASS" starttime="20201219 17:20:19.460" endtime="20201219 17:20:20.843"></status>
</kw>
<kw name="wait BsBusdiagrameIframe" library="Resource">
<doc>重试简图调度的iframe
如果主iframe失败，则进入副iframe
如果副iframe，则全部退出到top iframe</doc>
<kw name="Run Keyword And Ignore Error" library="BuiltIn">
<doc>Runs the given keyword with the given arguments and ignores possible error.</doc>
<arguments>
<arg>Select Frame</arg>
<arg>${iframe_tab}</arg>
</arguments>
<assign>
<var>${result}</var>
<var>${returnvalue}</var>
</assign>
<kw name="Select Frame" library="Selenium2Library">
<doc>Sets frame identified by ``locator`` as the current frame.</doc>
<arguments>
<arg>${iframe_tab}</arg>
</arguments>
<msg timestamp="20201219 17:20:20.844" level="INFO">Selecting frame 'id=iframe_tab_BsBusdiagarm-Maplist-417768025'.</msg>
<kw name="Capture Page Screenshot" library="Selenium2Library">
<doc>Takes a screenshot of the current page and embeds it into a log file.</doc>
<msg timestamp="20201219 17:20:21.171" level="INFO" html="yes">&lt;/td&gt;&lt;/tr&gt;&lt;tr&gt;&lt;td colspan="3"&gt;&lt;a href="selenium-screenshot-5.png"&gt;&lt;img src="selenium-screenshot-5.png" width="800px"&gt;&lt;/a&gt;</msg>
<status status="PASS" starttime="20201219 17:20:20.852" endtime="20201219 17:20:21.171"></status>
</kw>
<msg timestamp="20201219 17:20:21.172" level="FAIL">Element with locator 'id=iframe_tab_BsBusdiagarm-Maplist-417768025' not found.</msg>
<status status="FAIL" starttime="20201219 17:20:20.844" endtime="20201219 17:20:21.172"></status>
</kw>
<msg timestamp="20201219 17:20:21.172" level="INFO">${result} = FAIL</msg>
<msg timestamp="20201219 17:20:21.172" level="INFO">${returnvalue} = Element with locator 'id=iframe_tab_BsBusdiagarm-Maplist-417768025' not found.</msg>
<status status="PASS" starttime="20201219 17:20:20.844" endtime="20201219 17:20:21.172"></status>
</kw>
<kw name="Evaluate" library="BuiltIn">
<doc>Evaluates the given expression in Python and returns the results.</doc>
<arguments>
<arg>type($result)</arg>
</arguments>
<assign>
<var>${typeresult}</var>
</assign>
<msg timestamp="20201219 17:20:21.173" level="INFO">${typeresult} = &lt;class 'str'&gt;</msg>
<status status="PASS" starttime="20201219 17:20:21.172" endtime="20201219 17:20:21.173"></status>
</kw>
<kw name="Run Keyword If" library="BuiltIn">
<doc>Runs the given keyword with the given arguments, if ``condition`` is true.</doc>
<arguments>
<arg>'${result}'=='PASS'</arg>
<arg>LOG</arg>
<arg>frame定位成功</arg>
<arg>ELSE</arg>
<arg>select_iframe</arg>
</arguments>
<kw name="select_iframe" library="Resource">
<kw name="Unselect Frame" library="Selenium2Library">
<doc>Sets the main frame as the current frame.</doc>
<status status="PASS" starttime="20201219 17:20:21.173" endtime="20201219 17:20:21.176"></status>
</kw>
<kw name="Select Frame" library="Selenium2Library">
<doc>Sets frame identified by ``locator`` as the current frame.</doc>
<arguments>
<arg>${iframe_tab}</arg>
</arguments>
<msg timestamp="20201219 17:20:21.176" level="INFO">Selecting frame 'id=iframe_tab_BsBusdiagarm-Maplist-417768025'.</msg>
<status status="PASS" starttime="20201219 17:20:21.176" endtime="20201219 17:20:21.191"></status>
</kw>
<status status="PASS" starttime="20201219 17:20:21.173" endtime="20201219 17:20:21.191"></status>
</kw>
<status status="PASS" starttime="20201219 17:20:21.173" endtime="20201219 17:20:21.191"></status>
</kw>
<status status="PASS" starttime="20201219 17:20:20.843" endtime="20201219 17:20:21.191"></status>
</kw>
<kw name="wait click" library="Resource">
<doc>果看到某个按钮没有加载出来，或者点击无反应，我们会稍等下再点点看。</doc>
<arguments>
<arg>${XPATH}</arg>
</arguments>
<kw name="wait element" library="Resource">
<arguments>
<arg>${element locator}</arg>
</arguments>
<kw name="Wait Until Page Contains Element" library="Selenium2Library">
<doc>Waits until the element ``locator`` appears on the current page.</doc>
<arguments>
<arg>${element locator}</arg>
<arg>${wait time}</arg>
</arguments>
<status status="PASS" starttime="20201219 17:20:21.193" endtime="20201219 17:20:21.202"></status>
</kw>
<kw name="Wait Until Element Is Enabled" library="Selenium2Library">
<doc>Waits until the element ``locator`` is enabled.</doc>
<arguments>
<arg>${element locator}</arg>
<arg>${wait time}</arg>
</arguments>
<status status="PASS" starttime="20201219 17:20:21.202" endtime="20201219 17:20:21.221"></status>
</kw>
<kw name="Wait Until Element Is Visible" library="Selenium2Library">
<doc>Waits until the element ``locator`` is visible.</doc>
<arguments>
<arg>${element locator}</arg>
<arg>${wait time}</arg>
</arguments>
<status status="PASS" starttime="20201219 17:20:21.221" endtime="20201219 17:20:21.237"></status>
</kw>
<kw name="Sleep" library="BuiltIn">
<doc>Pauses the test executed for the given time.</doc>
<arguments>
<arg>1</arg>
</arguments>
<msg timestamp="20201219 17:20:22.240" level="INFO">Slept 1 second</msg>
<status status="PASS" starttime="20201219 17:20:21.237" endtime="20201219 17:20:22.240"></status>
</kw>
<status status="PASS" starttime="20201219 17:20:21.192" endtime="20201219 17:20:22.240"></status>
</kw>
<kw name="Set Focus To Element" library="Selenium2Library">
<doc>Sets the focus to the element identified by ``locator``.</doc>
<arguments>
<arg>${element locator}</arg>
</arguments>
<status status="PASS" starttime="20201219 17:20:22.241" endtime="20201219 17:20:22.254"></status>
</kw>
<kw name="Wait Until Keyword Succeeds" library="BuiltIn">
<doc>Runs the specified keyword and retries if it fails.</doc>
<arguments>
<arg>${retry times}</arg>
<arg>5s</arg>
<arg>click element</arg>
<arg>${element locator}</arg>
</arguments>
<kw name="Click Element" library="Selenium2Library">
<doc>Click the element identified by ``locator``.</doc>
<arguments>
<arg>${element locator}</arg>
</arguments>
<msg timestamp="20201219 17:20:22.255" level="INFO">Clicking element 'xpath=//a[contains(text(),"线路") and @tabindex='-1']'.</msg>
<status status="PASS" starttime="20201219 17:20:22.255" endtime="20201219 17:20:22.328"></status>
</kw>
<status status="PASS" starttime="20201219 17:20:22.254" endtime="20201219 17:20:22.328"></status>
</kw>
<status status="PASS" starttime="20201219 17:20:21.192" endtime="20201219 17:20:22.328"></status>
</kw>
<kw name="wait click" library="Resource">
<doc>果看到某个按钮没有加载出来，或者点击无反应，我们会稍等下再点点看。</doc>
<arguments>
<arg>xpath=//button[contains(text(),'返回')]</arg>
</arguments>
<kw name="wait element" library="Resource">
<arguments>
<arg>${element locator}</arg>
</arguments>
<kw name="Wait Until Page Contains Element" library="Selenium2Library">
<doc>Waits until the element ``locator`` appears on the current page.</doc>
<arguments>
<arg>${element locator}</arg>
<arg>${wait time}</arg>
</arguments>
<status status="PASS" starttime="20201219 17:20:22.329" endtime="20201219 17:20:22.336"></status>
</kw>
<kw name="Wait Until Element Is Enabled" library="Selenium2Library">
<doc>Waits until the element ``locator`` is enabled.</doc>
<arguments>
<arg>${element locator}</arg>
<arg>${wait time}</arg>
</arguments>
<status status="PASS" starttime="20201219 17:20:22.336" endtime="20201219 17:20:22.355"></status>
</kw>
<kw name="Wait Until Element Is Visible" library="Selenium2Library">
<doc>Waits until the element ``locator`` is visible.</doc>
<arguments>
<arg>${element locator}</arg>
<arg>${wait time}</arg>
</arguments>
<status status="PASS" starttime="20201219 17:20:22.355" endtime="20201219 17:20:22.370"></status>
</kw>
<kw name="Sleep" library="BuiltIn">
<doc>Pauses the test executed for the given time.</doc>
<arguments>
<arg>1</arg>
</arguments>
<msg timestamp="20201219 17:20:23.381" level="INFO">Slept 1 second</msg>
<status status="PASS" starttime="20201219 17:20:22.370" endtime="20201219 17:20:23.381"></status>
</kw>
<status status="PASS" starttime="20201219 17:20:22.329" endtime="20201219 17:20:23.381"></status>
</kw>
<kw name="Set Focus To Element" library="Selenium2Library">
<doc>Sets the focus to the element identified by ``locator``.</doc>
<arguments>
<arg>${element locator}</arg>
</arguments>
<status status="PASS" starttime="20201219 17:20:23.382" endtime="20201219 17:20:23.397"></status>
</kw>
<kw name="Wait Until Keyword Succeeds" library="BuiltIn">
<doc>Runs the specified keyword and retries if it fails.</doc>
<arguments>
<arg>${retry times}</arg>
<arg>5s</arg>
<arg>click element</arg>
<arg>${element locator}</arg>
</arguments>
<kw name="Click Element" library="Selenium2Library">
<doc>Click the element identified by ``locator``.</doc>
<arguments>
<arg>${element locator}</arg>
</arguments>
<msg timestamp="20201219 17:20:23.398" level="INFO">Clicking element 'xpath=//button[contains(text(),'返回')]'.</msg>
<status status="PASS" starttime="20201219 17:20:23.398" endtime="20201219 17:20:23.457"></status>
</kw>
<status status="PASS" starttime="20201219 17:20:23.397" endtime="20201219 17:20:23.457"></status>
</kw>
<status status="PASS" starttime="20201219 17:20:22.329" endtime="20201219 17:20:23.457"></status>
</kw>
<status status="PASS" starttime="20201219 17:20:19.437" endtime="20201219 17:20:23.457"></status>
</kw>
<kw name="${XPATH} = xpath=//a[contains(text(),&quot;视频&quot;) and @tabindex='-1']" type="foritem">
<kw name="wait BsBusdiagrameViceIframe" library="Resource">
<doc>重试简图调度的iframe
如果主iframe失败，则进入副iframe
如果副iframe，则全部退出到top iframe</doc>
<kw name="Run Keyword And Ignore Error" library="BuiltIn">
<doc>Runs the given keyword with the given arguments and ignores possible error.</doc>
<arguments>
<arg>Select Frame</arg>
<arg>${iframe_line}</arg>
</arguments>
<assign>
<var>${result}</var>
<var>${returnvalue}</var>
</assign>
<kw name="Select Frame" library="Selenium2Library">
<doc>Sets frame identified by ``locator`` as the current frame.</doc>
<arguments>
<arg>${iframe_line}</arg>
</arguments>
<msg timestamp="20201219 17:20:23.458" level="INFO">Selecting frame 'css=#line_417768025'.</msg>
<status status="PASS" starttime="20201219 17:20:23.457" endtime="20201219 17:20:23.477"></status>
</kw>
<msg timestamp="20201219 17:20:23.477" level="INFO">${result} = PASS</msg>
<msg timestamp="20201219 17:20:23.477" level="INFO">${returnvalue} = None</msg>
<status status="PASS" starttime="20201219 17:20:23.457" endtime="20201219 17:20:23.477"></status>
</kw>
<kw name="Run Keyword If" library="BuiltIn">
<doc>Runs the given keyword with the given arguments, if ``condition`` is true.</doc>
<arguments>
<arg>'${result}'=='PASS'</arg>
<arg>LOG</arg>
<arg>frame定位成功</arg>
<arg>ELSE</arg>
<arg>select_vicframe</arg>
</arguments>
<kw name="Log" library="BuiltIn">
<doc>Logs the given message with the given level.</doc>
<arguments>
<arg>frame定位成功</arg>
</arguments>
<msg timestamp="20201219 17:20:23.478" level="INFO">frame定位成功</msg>
<status status="PASS" starttime="20201219 17:20:23.478" endtime="20201219 17:20:23.478"></status>
</kw>
<status status="PASS" starttime="20201219 17:20:23.478" endtime="20201219 17:20:23.478"></status>
</kw>
<status status="PASS" starttime="20201219 17:20:23.457" endtime="20201219 17:20:23.478"></status>
</kw>
<kw name="wait Rightclick" library="Resource">
<doc>果看到某个按钮没有加载出来，或者点击无反应，我们会稍等下再点点看。</doc>
<arguments>
<arg>${bustidXPATH}</arg>
</arguments>
<kw name="wait element" library="Resource">
<arguments>
<arg>${element locator}</arg>
</arguments>
<kw name="Wait Until Page Contains Element" library="Selenium2Library">
<doc>Waits until the element ``locator`` appears on the current page.</doc>
<arguments>
<arg>${element locator}</arg>
<arg>${wait time}</arg>
</arguments>
<status status="PASS" starttime="20201219 17:20:23.479" endtime="20201219 17:20:23.486"></status>
</kw>
<kw name="Wait Until Element Is Enabled" library="Selenium2Library">
<doc>Waits until the element ``locator`` is enabled.</doc>
<arguments>
<arg>${element locator}</arg>
<arg>${wait time}</arg>
</arguments>
<status status="PASS" starttime="20201219 17:20:23.486" endtime="20201219 17:20:23.502"></status>
</kw>
<kw name="Wait Until Element Is Visible" library="Selenium2Library">
<doc>Waits until the element ``locator`` is visible.</doc>
<arguments>
<arg>${element locator}</arg>
<arg>${wait time}</arg>
</arguments>
<status status="PASS" starttime="20201219 17:20:23.502" endtime="20201219 17:20:23.517"></status>
</kw>
<kw name="Sleep" library="BuiltIn">
<doc>Pauses the test executed for the given time.</doc>
<arguments>
<arg>1</arg>
</arguments>
<msg timestamp="20201219 17:20:24.523" level="INFO">Slept 1 second</msg>
<status status="PASS" starttime="20201219 17:20:23.517" endtime="20201219 17:20:24.523"></status>
</kw>
<status status="PASS" starttime="20201219 17:20:23.479" endtime="20201219 17:20:24.523"></status>
</kw>
<kw name="Set Focus To Element" library="Selenium2Library">
<doc>Sets the focus to the element identified by ``locator``.</doc>
<arguments>
<arg>${element locator}</arg>
</arguments>
<status status="PASS" starttime="20201219 17:20:24.523" endtime="20201219 17:20:24.540"></status>
</kw>
<kw name="Wait Until Keyword Succeeds" library="BuiltIn">
<doc>Runs the specified keyword and retries if it fails.</doc>
<arguments>
<arg>${retry times}</arg>
<arg>5s</arg>
<arg>Right Click Element</arg>
<arg>${element locator}</arg>
</arguments>
<kw name="Right Click Element" library="Selenium2Library">
<arguments>
<arg>${element locator}</arg>
</arguments>
<status status="PASS" starttime="20201219 17:20:24.541" endtime="20201219 17:20:24.856"></status>
</kw>
<status status="PASS" starttime="20201219 17:20:24.540" endtime="20201219 17:20:24.856"></status>
</kw>
<status status="PASS" starttime="20201219 17:20:23.478" endtime="20201219 17:20:24.856"></status>
</kw>
<kw name="wait BsBusdiagrameIframe" library="Resource">
<doc>重试简图调度的iframe
如果主iframe失败，则进入副iframe
如果副iframe，则全部退出到top iframe</doc>
<kw name="Run Keyword And Ignore Error" library="BuiltIn">
<doc>Runs the given keyword with the given arguments and ignores possible error.</doc>
<arguments>
<arg>Select Frame</arg>
<arg>${iframe_tab}</arg>
</arguments>
<assign>
<var>${result}</var>
<var>${returnvalue}</var>
</assign>
<kw name="Select Frame" library="Selenium2Library">
<doc>Sets frame identified by ``locator`` as the current frame.</doc>
<arguments>
<arg>${iframe_tab}</arg>
</arguments>
<msg timestamp="20201219 17:20:24.857" level="INFO">Selecting frame 'id=iframe_tab_BsBusdiagarm-Maplist-417768025'.</msg>
<kw name="Capture Page Screenshot" library="Selenium2Library">
<doc>Takes a screenshot of the current page and embeds it into a log file.</doc>
<msg timestamp="20201219 17:20:25.217" level="INFO" html="yes">&lt;/td&gt;&lt;/tr&gt;&lt;tr&gt;&lt;td colspan="3"&gt;&lt;a href="selenium-screenshot-6.png"&gt;&lt;img src="selenium-screenshot-6.png" width="800px"&gt;&lt;/a&gt;</msg>
<status status="PASS" starttime="20201219 17:20:24.864" endtime="20201219 17:20:25.217"></status>
</kw>
<msg timestamp="20201219 17:20:25.217" level="FAIL">Element with locator 'id=iframe_tab_BsBusdiagarm-Maplist-417768025' not found.</msg>
<status status="FAIL" starttime="20201219 17:20:24.857" endtime="20201219 17:20:25.217"></status>
</kw>
<msg timestamp="20201219 17:20:25.217" level="INFO">${result} = FAIL</msg>
<msg timestamp="20201219 17:20:25.217" level="INFO">${returnvalue} = Element with locator 'id=iframe_tab_BsBusdiagarm-Maplist-417768025' not found.</msg>
<status status="PASS" starttime="20201219 17:20:24.857" endtime="20201219 17:20:25.217"></status>
</kw>
<kw name="Evaluate" library="BuiltIn">
<doc>Evaluates the given expression in Python and returns the results.</doc>
<arguments>
<arg>type($result)</arg>
</arguments>
<assign>
<var>${typeresult}</var>
</assign>
<msg timestamp="20201219 17:20:25.218" level="INFO">${typeresult} = &lt;class 'str'&gt;</msg>
<status status="PASS" starttime="20201219 17:20:25.217" endtime="20201219 17:20:25.218"></status>
</kw>
<kw name="Run Keyword If" library="BuiltIn">
<doc>Runs the given keyword with the given arguments, if ``condition`` is true.</doc>
<arguments>
<arg>'${result}'=='PASS'</arg>
<arg>LOG</arg>
<arg>frame定位成功</arg>
<arg>ELSE</arg>
<arg>select_iframe</arg>
</arguments>
<kw name="select_iframe" library="Resource">
<kw name="Unselect Frame" library="Selenium2Library">
<doc>Sets the main frame as the current frame.</doc>
<status status="PASS" starttime="20201219 17:20:25.219" endtime="20201219 17:20:25.221"></status>
</kw>
<kw name="Select Frame" library="Selenium2Library">
<doc>Sets frame identified by ``locator`` as the current frame.</doc>
<arguments>
<arg>${iframe_tab}</arg>
</arguments>
<msg timestamp="20201219 17:20:25.221" level="INFO">Selecting frame 'id=iframe_tab_BsBusdiagarm-Maplist-417768025'.</msg>
<status status="PASS" starttime="20201219 17:20:25.221" endtime="20201219 17:20:25.237"></status>
</kw>
<status status="PASS" starttime="20201219 17:20:25.218" endtime="20201219 17:20:25.237"></status>
</kw>
<status status="PASS" starttime="20201219 17:20:25.218" endtime="20201219 17:20:25.237"></status>
</kw>
<status status="PASS" starttime="20201219 17:20:24.856" endtime="20201219 17:20:25.237"></status>
</kw>
<kw name="wait click" library="Resource">
<doc>果看到某个按钮没有加载出来，或者点击无反应，我们会稍等下再点点看。</doc>
<arguments>
<arg>${XPATH}</arg>
</arguments>
<kw name="wait element" library="Resource">
<arguments>
<arg>${element locator}</arg>
</arguments>
<kw name="Wait Until Page Contains Element" library="Selenium2Library">
<doc>Waits until the element ``locator`` appears on the current page.</doc>
<arguments>
<arg>${element locator}</arg>
<arg>${wait time}</arg>
</arguments>
<status status="PASS" starttime="20201219 17:20:25.238" endtime="20201219 17:20:25.249"></status>
</kw>
<kw name="Wait Until Element Is Enabled" library="Selenium2Library">
<doc>Waits until the element ``locator`` is enabled.</doc>
<arguments>
<arg>${element locator}</arg>
<arg>${wait time}</arg>
</arguments>
<status status="PASS" starttime="20201219 17:20:25.249" endtime="20201219 17:20:25.267"></status>
</kw>
<kw name="Wait Until Element Is Visible" library="Selenium2Library">
<doc>Waits until the element ``locator`` is visible.</doc>
<arguments>
<arg>${element locator}</arg>
<arg>${wait time}</arg>
</arguments>
<status status="PASS" starttime="20201219 17:20:25.267" endtime="20201219 17:20:25.284"></status>
</kw>
<kw name="Sleep" library="BuiltIn">
<doc>Pauses the test executed for the given time.</doc>
<arguments>
<arg>1</arg>
</arguments>
<msg timestamp="20201219 17:20:26.295" level="INFO">Slept 1 second</msg>
<status status="PASS" starttime="20201219 17:20:25.284" endtime="20201219 17:20:26.295"></status>
</kw>
<status status="PASS" starttime="20201219 17:20:25.238" endtime="20201219 17:20:26.295"></status>
</kw>
<kw name="Set Focus To Element" library="Selenium2Library">
<doc>Sets the focus to the element identified by ``locator``.</doc>
<arguments>
<arg>${element locator}</arg>
</arguments>
<status status="PASS" starttime="20201219 17:20:26.295" endtime="20201219 17:20:26.311"></status>
</kw>
<kw name="Wait Until Keyword Succeeds" library="BuiltIn">
<doc>Runs the specified keyword and retries if it fails.</doc>
<arguments>
<arg>${retry times}</arg>
<arg>5s</arg>
<arg>click element</arg>
<arg>${element locator}</arg>
</arguments>
<kw name="Click Element" library="Selenium2Library">
<doc>Click the element identified by ``locator``.</doc>
<arguments>
<arg>${element locator}</arg>
</arguments>
<msg timestamp="20201219 17:20:26.311" level="INFO">Clicking element 'xpath=//a[contains(text(),"视频") and @tabindex='-1']'.</msg>
<status status="PASS" starttime="20201219 17:20:26.311" endtime="20201219 17:20:26.522"></status>
</kw>
<status status="PASS" starttime="20201219 17:20:26.311" endtime="20201219 17:20:26.522"></status>
</kw>
<status status="PASS" starttime="20201219 17:20:25.237" endtime="20201219 17:20:26.522"></status>
</kw>
<kw name="wait click" library="Resource">
<doc>果看到某个按钮没有加载出来，或者点击无反应，我们会稍等下再点点看。</doc>
<arguments>
<arg>xpath=//button[contains(text(),'返回')]</arg>
</arguments>
<kw name="wait element" library="Resource">
<arguments>
<arg>${element locator}</arg>
</arguments>
<kw name="Wait Until Page Contains Element" library="Selenium2Library">
<doc>Waits until the element ``locator`` appears on the current page.</doc>
<arguments>
<arg>${element locator}</arg>
<arg>${wait time}</arg>
</arguments>
<status status="PASS" starttime="20201219 17:20:26.523" endtime="20201219 17:20:26.532"></status>
</kw>
<kw name="Wait Until Element Is Enabled" library="Selenium2Library">
<doc>Waits until the element ``locator`` is enabled.</doc>
<arguments>
<arg>${element locator}</arg>
<arg>${wait time}</arg>
</arguments>
<status status="PASS" starttime="20201219 17:20:26.532" endtime="20201219 17:20:26.552"></status>
</kw>
<kw name="Wait Until Element Is Visible" library="Selenium2Library">
<doc>Waits until the element ``locator`` is visible.</doc>
<arguments>
<arg>${element locator}</arg>
<arg>${wait time}</arg>
</arguments>
<status status="PASS" starttime="20201219 17:20:26.552" endtime="20201219 17:20:26.566"></status>
</kw>
<kw name="Sleep" library="BuiltIn">
<doc>Pauses the test executed for the given time.</doc>
<arguments>
<arg>1</arg>
</arguments>
<msg timestamp="20201219 17:20:27.568" level="INFO">Slept 1 second</msg>
<status status="PASS" starttime="20201219 17:20:26.566" endtime="20201219 17:20:27.568"></status>
</kw>
<status status="PASS" starttime="20201219 17:20:26.523" endtime="20201219 17:20:27.568"></status>
</kw>
<kw name="Set Focus To Element" library="Selenium2Library">
<doc>Sets the focus to the element identified by ``locator``.</doc>
<arguments>
<arg>${element locator}</arg>
</arguments>
<status status="PASS" starttime="20201219 17:20:27.568" endtime="20201219 17:20:27.585"></status>
</kw>
<kw name="Wait Until Keyword Succeeds" library="BuiltIn">
<doc>Runs the specified keyword and retries if it fails.</doc>
<arguments>
<arg>${retry times}</arg>
<arg>5s</arg>
<arg>click element</arg>
<arg>${element locator}</arg>
</arguments>
<kw name="Click Element" library="Selenium2Library">
<doc>Click the element identified by ``locator``.</doc>
<arguments>
<arg>${element locator}</arg>
</arguments>
<msg timestamp="20201219 17:20:27.586" level="INFO">Clicking element 'xpath=//button[contains(text(),'返回')]'.</msg>
<status status="PASS" starttime="20201219 17:20:27.586" endtime="20201219 17:20:27.650"></status>
</kw>
<status status="PASS" starttime="20201219 17:20:27.585" endtime="20201219 17:20:27.650"></status>
</kw>
<status status="PASS" starttime="20201219 17:20:26.523" endtime="20201219 17:20:27.650"></status>
</kw>
<status status="PASS" starttime="20201219 17:20:23.457" endtime="20201219 17:20:27.650"></status>
</kw>
<kw name="${XPATH} = xpath=//a[contains(text(),&quot;线路&quot;) and @tabindex='-1']" type="foritem">
<kw name="wait BsBusdiagrameViceIframe" library="Resource">
<doc>重试简图调度的iframe
如果主iframe失败，则进入副iframe
如果副iframe，则全部退出到top iframe</doc>
<kw name="Run Keyword And Ignore Error" library="BuiltIn">
<doc>Runs the given keyword with the given arguments and ignores possible error.</doc>
<arguments>
<arg>Select Frame</arg>
<arg>${iframe_line}</arg>
</arguments>
<assign>
<var>${result}</var>
<var>${returnvalue}</var>
</assign>
<kw name="Select Frame" library="Selenium2Library">
<doc>Sets frame identified by ``locator`` as the current frame.</doc>
<arguments>
<arg>${iframe_line}</arg>
</arguments>
<msg timestamp="20201219 17:20:27.651" level="INFO">Selecting frame 'css=#line_417768025'.</msg>
<status status="PASS" starttime="20201219 17:20:27.651" endtime="20201219 17:20:27.671"></status>
</kw>
<msg timestamp="20201219 17:20:27.671" level="INFO">${result} = PASS</msg>
<msg timestamp="20201219 17:20:27.671" level="INFO">${returnvalue} = None</msg>
<status status="PASS" starttime="20201219 17:20:27.651" endtime="20201219 17:20:27.671"></status>
</kw>
<kw name="Run Keyword If" library="BuiltIn">
<doc>Runs the given keyword with the given arguments, if ``condition`` is true.</doc>
<arguments>
<arg>'${result}'=='PASS'</arg>
<arg>LOG</arg>
<arg>frame定位成功</arg>
<arg>ELSE</arg>
<arg>select_vicframe</arg>
</arguments>
<kw name="Log" library="BuiltIn">
<doc>Logs the given message with the given level.</doc>
<arguments>
<arg>frame定位成功</arg>
</arguments>
<msg timestamp="20201219 17:20:27.672" level="INFO">frame定位成功</msg>
<status status="PASS" starttime="20201219 17:20:27.672" endtime="20201219 17:20:27.672"></status>
</kw>
<status status="PASS" starttime="20201219 17:20:27.672" endtime="20201219 17:20:27.672"></status>
</kw>
<status status="PASS" starttime="20201219 17:20:27.651" endtime="20201219 17:20:27.672"></status>
</kw>
<kw name="wait Rightclick" library="Resource">
<doc>果看到某个按钮没有加载出来，或者点击无反应，我们会稍等下再点点看。</doc>
<arguments>
<arg>${bustidXPATH}</arg>
</arguments>
<kw name="wait element" library="Resource">
<arguments>
<arg>${element locator}</arg>
</arguments>
<kw name="Wait Until Page Contains Element" library="Selenium2Library">
<doc>Waits until the element ``locator`` appears on the current page.</doc>
<arguments>
<arg>${element locator}</arg>
<arg>${wait time}</arg>
</arguments>
<status status="PASS" starttime="20201219 17:20:27.673" endtime="20201219 17:20:27.680"></status>
</kw>
<kw name="Wait Until Element Is Enabled" library="Selenium2Library">
<doc>Waits until the element ``locator`` is enabled.</doc>
<arguments>
<arg>${element locator}</arg>
<arg>${wait time}</arg>
</arguments>
<status status="PASS" starttime="20201219 17:20:27.680" endtime="20201219 17:20:27.699"></status>
</kw>
<kw name="Wait Until Element Is Visible" library="Selenium2Library">
[...]
<doc>Waits until the element ``locator`` appears on the current page.</doc>
<arguments>
<arg>${element locator}</arg>
<arg>${wait time}</arg>
</arguments>
<status status="PASS" starttime="20201219 17:21:34.797" endtime="20201219 17:21:34.806"></status>
</kw>
<kw name="Wait Until Element Is Enabled" library="Selenium2Library">
<doc>Waits until the element ``locator`` is enabled.</doc>
<arguments>
<arg>${element locator}</arg>
<arg>${wait time}</arg>
</arguments>
<status status="PASS" starttime="20201219 17:21:34.807" endtime="20201219 17:21:34.825"></status>
</kw>
<kw name="Wait Until Element Is Visible" library="Selenium2Library">
<doc>Waits until the element ``locator`` is visible.</doc>
<arguments>
<arg>${element locator}</arg>
<arg>${wait time}</arg>
</arguments>
<status status="PASS" starttime="20201219 17:21:34.825" endtime="20201219 17:21:34.840"></status>
</kw>
<kw name="Sleep" library="BuiltIn">
<doc>Pauses the test executed for the given time.</doc>
<arguments>
<arg>1</arg>
</arguments>
<msg timestamp="20201219 17:21:35.841" level="INFO">Slept 1 second</msg>
<status status="PASS" starttime="20201219 17:21:34.840" endtime="20201219 17:21:35.841"></status>
</kw>
<status status="PASS" starttime="20201219 17:21:34.796" endtime="20201219 17:21:35.841"></status>
</kw>
<kw name="Set Focus To Element" library="Selenium2Library">
<doc>Sets the focus to the element identified by ``locator``.</doc>
<arguments>
<arg>${element locator}</arg>
</arguments>
<status status="PASS" starttime="20201219 17:21:35.842" endtime="20201219 17:21:35.853"></status>
</kw>
<kw name="Wait Until Keyword Succeeds" library="BuiltIn">
<doc>Runs the specified keyword and retries if it fails.</doc>
<arguments>
<arg>${retry times}</arg>
<arg>5s</arg>
<arg>Right Click Element</arg>
<arg>${element locator}</arg>
</arguments>
<kw name="Right Click Element" library="Selenium2Library">
<arguments>
<arg>${element locator}</arg>
</arguments>
<status status="PASS" starttime="20201219 17:21:35.854" endtime="20201219 17:21:36.193"></status>
</kw>
<status status="PASS" starttime="20201219 17:21:35.854" endtime="20201219 17:21:36.193"></status>
</kw>
<status status="PASS" starttime="20201219 17:21:34.796" endtime="20201219 17:21:36.193"></status>
</kw>
<kw name="wait BsBusdiagrameIframe" library="Resource">
<doc>重试简图调度的iframe
如果主iframe失败，则进入副iframe
如果副iframe，则全部退出到top iframe</doc>
<kw name="Run Keyword And Ignore Error" library="BuiltIn">
<doc>Runs the given keyword with the given arguments and ignores possible error.</doc>
<arguments>
<arg>Select Frame</arg>
<arg>${iframe_tab}</arg>
</arguments>
<assign>
<var>${result}</var>
<var>${returnvalue}</var>
</assign>
<kw name="Select Frame" library="Selenium2Library">
<doc>Sets frame identified by ``locator`` as the current frame.</doc>
<arguments>
<arg>${iframe_tab}</arg>
</arguments>
<msg timestamp="20201219 17:21:36.194" level="INFO">Selecting frame 'id=iframe_tab_BsBusdiagarm-Maplist-417768025'.</msg>
<kw name="Capture Page Screenshot" library="Selenium2Library">
<doc>Takes a screenshot of the current page and embeds it into a log file.</doc>
<msg timestamp="20201219 17:21:36.545" level="INFO" html="yes">&lt;/td&gt;&lt;/tr&gt;&lt;tr&gt;&lt;td colspan="3"&gt;&lt;a href="selenium-screenshot-8.png"&gt;&lt;img src="selenium-screenshot-8.png" width="800px"&gt;&lt;/a&gt;</msg>
<status status="PASS" starttime="20201219 17:21:36.202" endtime="20201219 17:21:36.545"></status>
</kw>
<msg timestamp="20201219 17:21:36.546" level="FAIL">Element with locator 'id=iframe_tab_BsBusdiagarm-Maplist-417768025' not found.</msg>
<status status="FAIL" starttime="20201219 17:21:36.194" endtime="20201219 17:21:36.546"></status>
</kw>
<msg timestamp="20201219 17:21:36.546" level="INFO">${result} = FAIL</msg>
<msg timestamp="20201219 17:21:36.546" level="INFO">${returnvalue} = Element with locator 'id=iframe_tab_BsBusdiagarm-Maplist-417768025' not found.</msg>
<status status="PASS" starttime="20201219 17:21:36.193" endtime="20201219 17:21:36.546"></status>
</kw>
<kw name="Evaluate" library="BuiltIn">
<doc>Evaluates the given expression in Python and returns the results.</doc>
<arguments>
<arg>type($result)</arg>
</arguments>
<assign>
<var>${typeresult}</var>
</assign>
<msg timestamp="20201219 17:21:36.547" level="INFO">${typeresult} = &lt;class 'str'&gt;</msg>
<status status="PASS" starttime="20201219 17:21:36.546" endtime="20201219 17:21:36.547"></status>
</kw>
<kw name="Run Keyword If" library="BuiltIn">
<doc>Runs the given keyword with the given arguments, if ``condition`` is true.</doc>
<arguments>
<arg>'${result}'=='PASS'</arg>
<arg>LOG</arg>
<arg>frame定位成功</arg>
<arg>ELSE</arg>
<arg>select_iframe</arg>
</arguments>
<kw name="select_iframe" library="Resource">
<kw name="Unselect Frame" library="Selenium2Library">
<doc>Sets the main frame as the current frame.</doc>
<status status="PASS" starttime="20201219 17:21:36.547" endtime="20201219 17:21:36.550"></status>
</kw>
<kw name="Select Frame" library="Selenium2Library">
<doc>Sets frame identified by ``locator`` as the current frame.</doc>
<arguments>
<arg>${iframe_tab}</arg>
</arguments>
<msg timestamp="20201219 17:21:36.550" level="INFO">Selecting frame 'id=iframe_tab_BsBusdiagarm-Maplist-417768025'.</msg>
<status status="PASS" starttime="20201219 17:21:36.550" endtime="20201219 17:21:36.565"></status>
</kw>
<status status="PASS" starttime="20201219 17:21:36.547" endtime="20201219 17:21:36.566"></status>
</kw>
<status status="PASS" starttime="20201219 17:21:36.547" endtime="20201219 17:21:36.566"></status>
</kw>
<status status="PASS" starttime="20201219 17:21:36.193" endtime="20201219 17:21:36.566"></status>
</kw>
<status status="PASS" starttime="20201219 17:21:29.431" endtime="20201219 17:21:36.566"></status>
</kw>
<kw name="wait click" library="Resource">
<doc>果看到某个按钮没有加载出来，或者点击无反应，我们会稍等下再点点看。</doc>
<arguments>
<arg>&amp;{dropdown_menuDict}[notify]</arg>
</arguments>
<kw name="wait element" library="Resource">
<arguments>
<arg>${element locator}</arg>
</arguments>
<kw name="Wait Until Page Contains Element" library="Selenium2Library">
<doc>Waits until the element ``locator`` appears on the current page.</doc>
<arguments>
<arg>${element locator}</arg>
<arg>${wait time}</arg>
</arguments>
<status status="PASS" starttime="20201219 17:21:36.567" endtime="20201219 17:21:36.582"></status>
</kw>
<kw name="Wait Until Element Is Enabled" library="Selenium2Library">
<doc>Waits until the element ``locator`` is enabled.</doc>
<arguments>
<arg>${element locator}</arg>
<arg>${wait time}</arg>
</arguments>
<status status="PASS" starttime="20201219 17:21:36.582" endtime="20201219 17:21:36.609"></status>
</kw>
<kw name="Wait Until Element Is Visible" library="Selenium2Library">
<doc>Waits until the element ``locator`` is visible.</doc>
<arguments>
<arg>${element locator}</arg>
<arg>${wait time}</arg>
</arguments>
<status status="PASS" starttime="20201219 17:21:36.609" endtime="20201219 17:21:36.625"></status>
</kw>
<kw name="Sleep" library="BuiltIn">
<doc>Pauses the test executed for the given time.</doc>
<arguments>
<arg>1</arg>
</arguments>
<msg timestamp="20201219 17:21:37.631" level="INFO">Slept 1 second</msg>
<status status="PASS" starttime="20201219 17:21:36.625" endtime="20201219 17:21:37.631"></status>
</kw>
<status status="PASS" starttime="20201219 17:21:36.567" endtime="20201219 17:21:37.631"></status>
</kw>
<kw name="Set Focus To Element" library="Selenium2Library">
<doc>Sets the focus to the element identified by ``locator``.</doc>
<arguments>
<arg>${element locator}</arg>
</arguments>
<status status="PASS" starttime="20201219 17:21:37.632" endtime="20201219 17:21:37.647"></status>
</kw>
<kw name="Wait Until Keyword Succeeds" library="BuiltIn">
<doc>Runs the specified keyword and retries if it fails.</doc>
<arguments>
<arg>${retry times}</arg>
<arg>5s</arg>
<arg>click element</arg>
<arg>${element locator}</arg>
</arguments>
<kw name="Click Element" library="Selenium2Library">
<doc>Click the element identified by ``locator``.</doc>
<arguments>
<arg>${element locator}</arg>
</arguments>
<msg timestamp="20201219 17:21:37.648" level="INFO">Clicking element 'xpath=//a[contains(text(),"通知") and @tabindex='-1']'.</msg>
<status status="PASS" starttime="20201219 17:21:37.648" endtime="20201219 17:21:37.716"></status>
</kw>
<status status="PASS" starttime="20201219 17:21:37.648" endtime="20201219 17:21:37.716"></status>
</kw>
<status status="PASS" starttime="20201219 17:21:36.566" endtime="20201219 17:21:37.716"></status>
</kw>
<kw name="wait click" library="Resource">
<doc>果看到某个按钮没有加载出来，或者点击无反应，我们会稍等下再点点看。</doc>
<arguments>
<arg>id=ztreeData_2_switch</arg>
</arguments>
<kw name="wait element" library="Resource">
<arguments>
<arg>${element locator}</arg>
</arguments>
<kw name="Wait Until Page Contains Element" library="Selenium2Library">
<doc>Waits until the element ``locator`` appears on the current page.</doc>
<arguments>
<arg>${element locator}</arg>
<arg>${wait time}</arg>
</arguments>
<status status="PASS" starttime="20201219 17:21:37.717" endtime="20201219 17:21:40.552"></status>
</kw>
<kw name="Wait Until Element Is Enabled" library="Selenium2Library">
<doc>Waits until the element ``locator`` is enabled.</doc>
<arguments>
<arg>${element locator}</arg>
<arg>${wait time}</arg>
</arguments>
<status status="PASS" starttime="20201219 17:21:40.552" endtime="20201219 17:21:40.568"></status>
</kw>
<kw name="Wait Until Element Is Visible" library="Selenium2Library">
<doc>Waits until the element ``locator`` is visible.</doc>
<arguments>
<arg>${element locator}</arg>
<arg>${wait time}</arg>
</arguments>
<status status="PASS" starttime="20201219 17:21:40.568" endtime="20201219 17:21:40.582"></status>
</kw>
<kw name="Sleep" library="BuiltIn">
<doc>Pauses the test executed for the given time.</doc>
<arguments>
<arg>1</arg>
</arguments>
<msg timestamp="20201219 17:21:41.594" level="INFO">Slept 1 second</msg>
<status status="PASS" starttime="20201219 17:21:40.582" endtime="20201219 17:21:41.594"></status>
</kw>
<status status="PASS" starttime="20201219 17:21:37.717" endtime="20201219 17:21:41.594"></status>
</kw>
<kw name="Set Focus To Element" library="Selenium2Library">
<doc>Sets the focus to the element identified by ``locator``.</doc>
<arguments>
<arg>${element locator}</arg>
</arguments>
<status status="PASS" starttime="20201219 17:21:41.594" endtime="20201219 17:21:41.607"></status>
</kw>
<kw name="Wait Until Keyword Succeeds" library="BuiltIn">
<doc>Runs the specified keyword and retries if it fails.</doc>
<arguments>
<arg>${retry times}</arg>
<arg>5s</arg>
<arg>click element</arg>
<arg>${element locator}</arg>
</arguments>
<kw name="Click Element" library="Selenium2Library">
<doc>Click the element identified by ``locator``.</doc>
<arguments>
<arg>${element locator}</arg>
</arguments>
<msg timestamp="20201219 17:21:41.608" level="INFO">Clicking element 'id=ztreeData_2_switch'.</msg>
<status status="PASS" starttime="20201219 17:21:41.608" endtime="20201219 17:21:41.678"></status>
</kw>
<status status="PASS" starttime="20201219 17:21:41.607" endtime="20201219 17:21:41.678"></status>
</kw>
<status status="PASS" starttime="20201219 17:21:37.717" endtime="20201219 17:21:41.679"></status>
</kw>
<kw name="wait input" library="Resource">
<doc>重试机制</doc>
<arguments>
<arg>id=phrase_textID</arg>
<arg>Notify_robotframework</arg>
</arguments>
<kw name="wait element" library="Resource">
<arguments>
<arg>${element locator}</arg>
</arguments>
<kw name="Wait Until Page Contains Element" library="Selenium2Library">
<doc>Waits until the element ``locator`` appears on the current page.</doc>
<arguments>
<arg>${element locator}</arg>
<arg>${wait time}</arg>
</arguments>
<status status="PASS" starttime="20201219 17:21:41.680" endtime="20201219 17:21:41.691"></status>
</kw>
<kw name="Wait Until Element Is Enabled" library="Selenium2Library">
<doc>Waits until the element ``locator`` is enabled.</doc>
<arguments>
<arg>${element locator}</arg>
<arg>${wait time}</arg>
</arguments>
<status status="PASS" starttime="20201219 17:21:41.691" endtime="20201219 17:21:41.712"></status>
</kw>
<kw name="Wait Until Element Is Visible" library="Selenium2Library">
<doc>Waits until the element ``locator`` is visible.</doc>
<arguments>
<arg>${element locator}</arg>
<arg>${wait time}</arg>
</arguments>
<status status="PASS" starttime="20201219 17:21:41.712" endtime="20201219 17:21:41.728"></status>
</kw>
<kw name="Sleep" library="BuiltIn">
<doc>Pauses the test executed for the given time.</doc>
<arguments>
<arg>1</arg>
</arguments>
<msg timestamp="20201219 17:21:42.734" level="INFO">Slept 1 second</msg>
<status status="PASS" starttime="20201219 17:21:41.729" endtime="20201219 17:21:42.734"></status>
</kw>
<status status="PASS" starttime="20201219 17:21:41.679" endtime="20201219 17:21:42.734"></status>
</kw>
<kw name="Set Focus To Element" library="Selenium2Library">
<doc>Sets the focus to the element identified by ``locator``.</doc>
<arguments>
<arg>${element locator}</arg>
</arguments>
<status status="PASS" starttime="20201219 17:21:42.734" endtime="20201219 17:21:42.748"></status>
</kw>
<kw name="Wait Until Keyword Succeeds" library="BuiltIn">
<doc>Runs the specified keyword and retries if it fails.</doc>
<arguments>
<arg>${retry times}</arg>
<arg>5s</arg>
<arg>input text</arg>
<arg>${element locator}</arg>
<arg>${input text}</arg>
</arguments>
<kw name="Input Text" library="Selenium2Library">
<doc>Types the given ``text`` into the text field identified by ``locator``.</doc>
<arguments>
<arg>${element locator}</arg>
<arg>${input text}</arg>
</arguments>
<msg timestamp="20201219 17:21:42.749" level="INFO">Typing text 'Notify_robotframework' into text field 'id=phrase_textID'.</msg>
<status status="PASS" starttime="20201219 17:21:42.749" endtime="20201219 17:21:42.812"></status>
</kw>
<status status="PASS" starttime="20201219 17:21:42.748" endtime="20201219 17:21:42.812"></status>
</kw>
<status status="PASS" starttime="20201219 17:21:41.679" endtime="20201219 17:21:42.812"></status>
</kw>
<kw name="wait click" library="Resource">
<doc>果看到某个按钮没有加载出来，或者点击无反应，我们会稍等下再点点看。</doc>
<arguments>
<arg>id=save</arg>
</arguments>
<kw name="wait element" library="Resource">
<arguments>
<arg>${element locator}</arg>
</arguments>
<kw name="Wait Until Page Contains Element" library="Selenium2Library">
<doc>Waits until the element ``locator`` appears on the current page.</doc>
<arguments>
<arg>${element locator}</arg>
<arg>${wait time}</arg>
</arguments>
<status status="PASS" starttime="20201219 17:21:42.813" endtime="20201219 17:21:42.822"></status>
</kw>
<kw name="Wait Until Element Is Enabled" library="Selenium2Library">
<doc>Waits until the element ``locator`` is enabled.</doc>
<arguments>
<arg>${element locator}</arg>
<arg>${wait time}</arg>
</arguments>
<status status="PASS" starttime="20201219 17:21:42.822" endtime="20201219 17:21:42.839"></status>
</kw>
<kw name="Wait Until Element Is Visible" library="Selenium2Library">
<doc>Waits until the element ``locator`` is visible.</doc>
<arguments>
<arg>${element locator}</arg>
<arg>${wait time}</arg>
</arguments>
<status status="PASS" starttime="20201219 17:21:42.839" endtime="20201219 17:21:42.854"></status>
</kw>
<kw name="Sleep" library="BuiltIn">
<doc>Pauses the test executed for the given time.</doc>
<arguments>
<arg>1</arg>
</arguments>
<msg timestamp="20201219 17:21:43.856" level="INFO">Slept 1 second</msg>
<status status="PASS" starttime="20201219 17:21:42.854" endtime="20201219 17:21:43.856"></status>
</kw>
<status status="PASS" starttime="20201219 17:21:42.813" endtime="20201219 17:21:43.856"></status>
</kw>
<kw name="Set Focus To Element" library="Selenium2Library">
<doc>Sets the focus to the element identified by ``locator``.</doc>
<arguments>
<arg>${element locator}</arg>
</arguments>
<status status="PASS" starttime="20201219 17:21:43.856" endtime="20201219 17:21:43.868"></status>
</kw>
<kw name="Wait Until Keyword Succeeds" library="BuiltIn">
<doc>Runs the specified keyword and retries if it fails.</doc>
<arguments>
<arg>${retry times}</arg>
<arg>5s</arg>
<arg>click element</arg>
<arg>${element locator}</arg>
</arguments>
<kw name="Click Element" library="Selenium2Library">
<doc>Click the element identified by ``locator``.</doc>
<arguments>
<arg>${element locator}</arg>
</arguments>
<msg timestamp="20201219 17:21:43.869" level="INFO">Clicking element 'id=save'.</msg>
<status status="PASS" starttime="20201219 17:21:43.868" endtime="20201219 17:21:43.944"></status>
</kw>
<status status="PASS" starttime="20201219 17:21:43.868" endtime="20201219 17:21:43.944"></status>
</kw>
<status status="PASS" starttime="20201219 17:21:42.813" endtime="20201219 17:21:43.944"></status>
</kw>
<kw name="wait contains" library="Resource">
<arguments>
<arg>发送成功</arg>
</arguments>
<kw name="Sleep" library="BuiltIn">
<doc>Pauses the test executed for the given time.</doc>
<arguments>
<arg>3</arg>
</arguments>
<msg timestamp="20201219 17:21:46.957" level="INFO">Slept 3 seconds</msg>
<status status="PASS" starttime="20201219 17:21:43.945" endtime="20201219 17:21:46.957"></status>
</kw>
<kw name="Capture Page Screenshot" library="Selenium2Library">
<doc>Takes a screenshot of the current page and embeds it into a log file.</doc>
<msg timestamp="20201219 17:21:47.292" level="INFO" html="yes">&lt;/td&gt;&lt;/tr&gt;&lt;tr&gt;&lt;td colspan="3"&gt;&lt;a href="selenium-screenshot-9.png"&gt;&lt;img src="selenium-screenshot-9.png" width="800px"&gt;&lt;/a&gt;</msg>
<status status="PASS" starttime="20201219 17:21:46.957" endtime="20201219 17:21:47.292"></status>
</kw>
<kw name="Wait Until Page Contains" library="Selenium2Library">
<doc>Waits until ``text`` appears on the current page.</doc>
<arguments>
<arg>${wait text}</arg>
<arg>${wait time}</arg>
</arguments>
<status status="PASS" starttime="20201219 17:21:47.292" endtime="20201219 17:21:47.309"></status>
</kw>
<kw name="Sleep" library="BuiltIn">
<doc>Pauses the test executed for the given time.</doc>
<arguments>
<arg>1</arg>
</arguments>
<msg timestamp="20201219 17:21:48.313" level="INFO">Slept 1 second</msg>
<status status="PASS" starttime="20201219 17:21:47.309" endtime="20201219 17:21:48.313"></status>
</kw>
<status status="PASS" starttime="20201219 17:21:43.945" endtime="20201219 17:21:48.314"></status>
</kw>
<kw name="wait click" library="Resource">
<doc>果看到某个按钮没有加载出来，或者点击无反应，我们会稍等下再点点看。</doc>
<arguments>
<arg>xpath=//button[contains(text(),"返回")]</arg>
</arguments>
<kw name="wait element" library="Resource">
<arguments>
<arg>${element locator}</arg>
</arguments>
<kw name="Wait Until Page Contains Element" library="Selenium2Library">
<doc>Waits until the element ``locator`` appears on the current page.</doc>
<arguments>
<arg>${element locator}</arg>
<arg>${wait time}</arg>
</arguments>
<status status="PASS" starttime="20201219 17:21:48.315" endtime="20201219 17:21:48.324"></status>
</kw>
<kw name="Wait Until Element Is Enabled" library="Selenium2Library">
<doc>Waits until the element ``locator`` is enabled.</doc>
<arguments>
<arg>${element locator}</arg>
<arg>${wait time}</arg>
</arguments>
<status status="PASS" starttime="20201219 17:21:48.325" endtime="20201219 17:21:48.341"></status>
</kw>
<kw name="Wait Until Element Is Visible" library="Selenium2Library">
<doc>Waits until the element ``locator`` is visible.</doc>
<arguments>
<arg>${element locator}</arg>
<arg>${wait time}</arg>
</arguments>
<status status="PASS" starttime="20201219 17:21:48.341" endtime="20201219 17:21:48.354"></status>
</kw>
<kw name="Sleep" library="BuiltIn">
<doc>Pauses the test executed for the given time.</doc>
<arguments>
<arg>1</arg>
</arguments>
<msg timestamp="20201219 17:21:49.361" level="INFO">Slept 1 second</msg>
<status status="PASS" starttime="20201219 17:21:48.355" endtime="20201219 17:21:49.361"></status>
</kw>
<status status="PASS" starttime="20201219 17:21:48.315" endtime="20201219 17:21:49.361"></status>
</kw>
<kw name="Set Focus To Element" library="Selenium2Library">