<?xml version="1.0" encoding="UTF-8"?>
<robot generator="Robot 3.1.2 (Python 3.7.3 on win32)" generated="20201212 16:33:05.014" rpa="false">
<suite id="s1" name="dispatchRobot" source="D:\Study\robotframework\testProject\dispatchRobot">
<suite id="s1-s1" name="主流程" source="D:\Study\robotframework\testProject\dispatchRobot\主流程.robot">
<test id="s1-s1-t1" name="1、三台车手动进站获取排班">
<kw name="登陆" library="公共方法" type="setup">
<kw name="初始化基本资料" library="公共方法">
<kw name="Create List" library="BuiltIn">
<doc>Returns a list containing given items.</doc>
<arguments>
<arg>${bus_1}[bustid]</arg>
<arg>${bus_2}[bustid]</arg>
<arg>${bus_3}[bustid]</arg>
</arguments>
<assign>
<var>@{bustidLst}</var>
</assign>
<msg timestamp="20201212 16:33:05.307" level="INFO">@{bustidLst} = [ 201126142457482 | 201128093425842 | 201128093440756 ]</msg>
<status status="PASS" starttime="20201212 16:33:05.307" endtime="20201212 16:33:05.307"></status>
</kw>
<kw name="Create List" library="BuiltIn">
<doc>Returns a list containing given items.</doc>
<assign>
<var>@{bustidXPAHLst}</var>
</assign>
<msg timestamp="20201212 16:33:05.307" level="INFO">@{bustidXPAHLst} = [ ]</msg>
<status status="PASS" starttime="20201212 16:33:05.307" endtime="20201212 16:33:05.307"></status>
</kw>
<kw name="Create List" library="BuiltIn">
<doc>Returns a list containing given items.</doc>
<assign>
<var>@{bustidXPAHLst_2}</var>
</assign>
<msg timestamp="20201212 16:33:05.307" level="INFO">@{bustidXPAHLst_2} = [ ]</msg>
<status status="PASS" starttime="20201212 16:33:05.307" endtime="20201212 16:33:05.307"></status>
</kw>
<kw name="${bustid} IN [ @{bustidLst} ]" type="for">
<kw name="${bustid} = 201126142457482" type="foritem">
<kw name="Catenate" library="BuiltIn">
<doc>Catenates the given items together and returns the resulted string.</doc>
<arguments>
<arg>SEPARATOR=</arg>
<arg>css=div[id='</arg>
<arg>${bustid}</arg>
<arg>']&gt;div[class='bus-body']</arg>
</arguments>
<assign>
<var>${bustidXPATH}</var>
</assign>
<msg timestamp="20201212 16:33:05.308" level="INFO">${bustidXPATH} = css=div[id='201126142457482']&gt;div[class='bus-body']</msg>
<status status="PASS" starttime="20201212 16:33:05.308" endtime="20201212 16:33:05.308"></status>
</kw>
<kw name="Log" library="BuiltIn">
<doc>Logs the given message with the given level.</doc>
<arguments>
<arg>${bustidXPATH}</arg>
</arguments>
<msg timestamp="20201212 16:33:05.308" level="INFO">css=div[id='201126142457482']&gt;div[class='bus-body']</msg>
<status status="PASS" starttime="20201212 16:33:05.308" endtime="20201212 16:33:05.308"></status>
</kw>
<kw name="Catenate" library="BuiltIn">
<doc>Catenates the given items together and returns the resulted string.</doc>
<arguments>
<arg>SEPARATOR=</arg>
<arg>xpath=//div[@id='DownStationList']/div[@id='</arg>
<arg>${bustid}</arg>
<arg>']/div[@class='init-plantime alpha-bg']</arg>
</arguments>
<assign>
<var>${bustidXPATH_2}</var>
</assign>
<msg timestamp="20201212 16:33:05.308" level="INFO">${bustidXPATH_2} = xpath=//div[@id='DownStationList']/div[@id='201126142457482']/div[@class='init-plantime alpha-bg']</msg>
<status status="PASS" starttime="20201212 16:33:05.308" endtime="20201212 16:33:05.308"></status>
</kw>
<kw name="Log" library="BuiltIn">
<doc>Logs the given message with the given level.</doc>
<arguments>
<arg>${bustidXPATH_2}</arg>
</arguments>
<msg timestamp="20201212 16:33:05.308" level="INFO">xpath=//div[@id='DownStationList']/div[@id='201126142457482']/div[@class='init-plantime alpha-bg']</msg>
<status status="PASS" starttime="20201212 16:33:05.308" endtime="20201212 16:33:05.308"></status>
</kw>
<kw name="Append To List" library="Collections">
<doc>Adds ``values`` to the end of ``list``.</doc>
<arguments>
<arg>${bustidXPAHLst}</arg>
<arg>${bustidXPATH}</arg>
</arguments>
<status status="PASS" starttime="20201212 16:33:05.309" endtime="20201212 16:33:05.309"></status>
</kw>
<kw name="Append To List" library="Collections">
<doc>Adds ``values`` to the end of ``list``.</doc>
<arguments>
<arg>${bustidXPAHLst_2}</arg>
<arg>${bustidXPATH_2}</arg>
</arguments>
<status status="PASS" starttime="20201212 16:33:05.309" endtime="20201212 16:33:05.309"></status>
</kw>
<status status="PASS" starttime="20201212 16:33:05.307" endtime="20201212 16:33:05.309"></status>
</kw>
<kw name="${bustid} = 201128093425842" type="foritem">
<kw name="Catenate" library="BuiltIn">
<doc>Catenates the given items together and returns the resulted string.</doc>
<arguments>
<arg>SEPARATOR=</arg>
<arg>css=div[id='</arg>
<arg>${bustid}</arg>
<arg>']&gt;div[class='bus-body']</arg>
</arguments>
<assign>
<var>${bustidXPATH}</var>
</assign>
<msg timestamp="20201212 16:33:05.309" level="INFO">${bustidXPATH} = css=div[id='201128093425842']&gt;div[class='bus-body']</msg>
<status status="PASS" starttime="20201212 16:33:05.309" endtime="20201212 16:33:05.309"></status>
</kw>
<kw name="Log" library="BuiltIn">
<doc>Logs the given message with the given level.</doc>
<arguments>
<arg>${bustidXPATH}</arg>
</arguments>
<msg timestamp="20201212 16:33:05.309" level="INFO">css=div[id='201128093425842']&gt;div[class='bus-body']</msg>
<status status="PASS" starttime="20201212 16:33:05.309" endtime="20201212 16:33:05.309"></status>
</kw>
<kw name="Catenate" library="BuiltIn">
<doc>Catenates the given items together and returns the resulted string.</doc>
<arguments>
<arg>SEPARATOR=</arg>
<arg>xpath=//div[@id='DownStationList']/div[@id='</arg>
<arg>${bustid}</arg>
<arg>']/div[@class='init-plantime alpha-bg']</arg>
</arguments>
<assign>
<var>${bustidXPATH_2}</var>
</assign>
<msg timestamp="20201212 16:33:05.310" level="INFO">${bustidXPATH_2} = xpath=//div[@id='DownStationList']/div[@id='201128093425842']/div[@class='init-plantime alpha-bg']</msg>
<status status="PASS" starttime="20201212 16:33:05.310" endtime="20201212 16:33:05.310"></status>
</kw>
<kw name="Log" library="BuiltIn">
<doc>Logs the given message with the given level.</doc>
<arguments>
<arg>${bustidXPATH_2}</arg>
</arguments>
<msg timestamp="20201212 16:33:05.310" level="INFO">xpath=//div[@id='DownStationList']/div[@id='201128093425842']/div[@class='init-plantime alpha-bg']</msg>
<status status="PASS" starttime="20201212 16:33:05.310" endtime="20201212 16:33:05.310"></status>
</kw>
<kw name="Append To List" library="Collections">
<doc>Adds ``values`` to the end of ``list``.</doc>
<arguments>
<arg>${bustidXPAHLst}</arg>
<arg>${bustidXPATH}</arg>
</arguments>
<status status="PASS" starttime="20201212 16:33:05.310" endtime="20201212 16:33:05.310"></status>
</kw>
<kw name="Append To List" library="Collections">
<doc>Adds ``values`` to the end of ``list``.</doc>
<arguments>
<arg>${bustidXPAHLst_2}</arg>
<arg>${bustidXPATH_2}</arg>
</arguments>
<status status="PASS" starttime="20201212 16:33:05.310" endtime="20201212 16:33:05.310"></status>
</kw>
<status status="PASS" starttime="20201212 16:33:05.309" endtime="20201212 16:33:05.310"></status>
</kw>
<kw name="${bustid} = 201128093440756" type="foritem">
<kw name="Catenate" library="BuiltIn">
<doc>Catenates the given items together and returns the resulted string.</doc>
<arguments>
<arg>SEPARATOR=</arg>
<arg>css=div[id='</arg>
<arg>${bustid}</arg>
<arg>']&gt;div[class='bus-body']</arg>
</arguments>
<assign>
<var>${bustidXPATH}</var>
</assign>
<msg timestamp="20201212 16:33:05.311" level="INFO">${bustidXPATH} = css=div[id='201128093440756']&gt;div[class='bus-body']</msg>
<status status="PASS" starttime="20201212 16:33:05.311" endtime="20201212 16:33:05.311"></status>
</kw>
<kw name="Log" library="BuiltIn">
<doc>Logs the given message with the given level.</doc>
<arguments>
<arg>${bustidXPATH}</arg>
</arguments>
<msg timestamp="20201212 16:33:05.311" level="INFO">css=div[id='201128093440756']&gt;div[class='bus-body']</msg>
<status status="PASS" starttime="20201212 16:33:05.311" endtime="20201212 16:33:05.311"></status>
</kw>
<kw name="Catenate" library="BuiltIn">
<doc>Catenates the given items together and returns the resulted string.</doc>
<arguments>
<arg>SEPARATOR=</arg>
<arg>xpath=//div[@id='DownStationList']/div[@id='</arg>
<arg>${bustid}</arg>
<arg>']/div[@class='init-plantime alpha-bg']</arg>
</arguments>
<assign>
<var>${bustidXPATH_2}</var>
</assign>
<msg timestamp="20201212 16:33:05.311" level="INFO">${bustidXPATH_2} = xpath=//div[@id='DownStationList']/div[@id='201128093440756']/div[@class='init-plantime alpha-bg']</msg>
<status status="PASS" starttime="20201212 16:33:05.311" endtime="20201212 16:33:05.311"></status>
</kw>
<kw name="Log" library="BuiltIn">
<doc>Logs the given message with the given level.</doc>
<arguments>
<arg>${bustidXPATH_2}</arg>
</arguments>
<msg timestamp="20201212 16:33:05.312" level="INFO">xpath=//div[@id='DownStationList']/div[@id='201128093440756']/div[@class='init-plantime alpha-bg']</msg>
<status status="PASS" starttime="20201212 16:33:05.311" endtime="20201212 16:33:05.312"></status>
</kw>
<kw name="Append To List" library="Collections">
<doc>Adds ``values`` to the end of ``list``.</doc>
<arguments>
<arg>${bustidXPAHLst}</arg>
<arg>${bustidXPATH}</arg>
</arguments>
<status status="PASS" starttime="20201212 16:33:05.312" endtime="20201212 16:33:05.312"></status>
</kw>
<kw name="Append To List" library="Collections">
<doc>Adds ``values`` to the end of ``list``.</doc>
<arguments>
<arg>${bustidXPAHLst_2}</arg>
<arg>${bustidXPATH_2}</arg>
</arguments>
<status status="PASS" starttime="20201212 16:33:05.312" endtime="20201212 16:33:05.312"></status>
</kw>
<status status="PASS" starttime="20201212 16:33:05.310" endtime="20201212 16:33:05.312"></status>
</kw>
<status status="PASS" starttime="20201212 16:33:05.307" endtime="20201212 16:33:05.312"></status>
</kw>
<kw name="Set Global Variable" library="BuiltIn">
<doc>Makes a variable available globally in all tests and suites.</doc>
<arguments>
<arg>${bustidXPAHLst}</arg>
</arguments>
<msg timestamp="20201212 16:33:05.312" level="INFO">${bustidXPAHLst} = ["css=div[id='201126142457482']&gt;div[class='bus-body']", "css=div[id='201128093425842']&gt;div[class='bus-body']", "css=div[id='201128093440756']&gt;div[class='bus-body']"]</msg>
<status status="PASS" starttime="20201212 16:33:05.312" endtime="20201212 16:33:05.312"></status>
</kw>
<kw name="Set Global Variable" library="BuiltIn">
<doc>Makes a variable available globally in all tests and suites.</doc>
<arguments>
<arg>${bustidXPAHLst_2}</arg>
</arguments>
<msg timestamp="20201212 16:33:05.313" level="INFO">${bustidXPAHLst_2} = ["xpath=//div[@id='DownStationList']/div[@id='201126142457482']/div[@class='init-plantime alpha-bg']", "xpath=//div[@id='DownStationList']/div[@id='201128093425842']/div[@class='init-plantime alpha-bg...</msg>
<status status="PASS" starttime="20201212 16:33:05.312" endtime="20201212 16:33:05.313"></status>
</kw>
<status status="PASS" starttime="20201212 16:33:05.306" endtime="20201212 16:33:05.313"></status>
</kw>
<kw name="webservice请求" library="公共方法">
<kw name="Create Dictionary" library="BuiltIn">
<doc>Creates and returns a dictionary based on the given ``items``.</doc>
<assign>
<var>${headers}</var>
</assign>
<msg timestamp="20201212 16:33:05.313" level="INFO">${headers} = {}</msg>
<status status="PASS" starttime="20201212 16:33:05.313" endtime="20201212 16:33:05.313"></status>
</kw>
<kw name="Set To Dictionary" library="Collections">
<doc>Adds the given ``key_value_pairs`` and ``items`` to the ``dictionary``.</doc>
<arguments>
<arg>${headers}</arg>
<arg>Content-Type=application/json;charset=UTF-8</arg>
</arguments>
<status status="PASS" starttime="20201212 16:33:05.313" endtime="20201212 16:33:05.313"></status>
</kw>
<kw name="Get Caronline Json" library="CustomLibrary">
<doc> 返回调度系统车辆上线的json报文,报文类型为dict
 :param key:hostcode
 :return: requestJson
 Examples base64 code.
| `get_caronline_json` | hostcode |  # return requestJson|</doc>
<arguments>
<arg>${bus_1}[hostcode]</arg>
</arguments>
<assign>
<var>${caronline}</var>
</assign>
<msg timestamp="20201212 16:33:05.314" level="INFO">${caronline} = {'caronline': {'device_type': '000', 'device_id': 'robot1', 'ip': '1000', 'port': '8090'}}</msg>
<status status="PASS" starttime="20201212 16:33:05.313" endtime="20201212 16:33:05.314"></status>
</kw>
<kw name="Create Session" library="RequestsLibrary">
<doc>Create Session: create a HTTP session to a server</doc>
<arguments>
<arg>api</arg>
<arg>${ip}</arg>
<arg>${headers}</arg>
</arguments>
<msg timestamp="20201212 16:33:05.314" level="INFO">Creating Session using : alias=api, url=http://10.200.9.183:8074, headers={'Content-Type': 'application/json;charset=UTF-8'},                     cookies={}, auth=None, timeout=None, proxies=None, verify=False,                     debug=0 </msg>
<status status="PASS" starttime="20201212 16:33:05.314" endtime="20201212 16:33:05.314"></status>
</kw>
<kw name="Post Request" library="RequestsLibrary">
<doc>Send a POST request on the session object found using the
given `alias`</doc>
<arguments>
<arg>api</arg>
<arg>/webservice/rest/caronline</arg>
<arg>data=${caronline}</arg>
</arguments>
<assign>
<var>${data}</var>
</assign>
<msg timestamp="20201212 16:33:05.584" level="INFO">POST Request : url=http://10.200.9.183:8074/webservice/rest/caronline 
 path_url=/webservice/rest/caronline 
 headers={'User-Agent': 'python-requests/2.21.0', 'Accept-Encoding': 'gzip, deflate', 'Accept': '*/*', 'Connection': 'keep-alive', 'Content-Type': 'application/json;charset=UTF-8', 'Content-Length': '90'} 
 body={"caronline": {"device_type": "000", "device_id": "robot1", "ip": "1000", "port": "8090"}} 
 </msg>
<msg timestamp="20201212 16:33:05.585" level="INFO">POST Response : url=http://10.200.9.183:8074/webservice/rest/caronline 
 status=200, reason=OK 
 body={"error_code":"0","error_text":"上报成功"} 
 </msg>
<msg timestamp="20201212 16:33:05.585" level="INFO">${data} = &lt;Response [200]&gt;</msg>
<status status="PASS" starttime="20201212 16:33:05.314" endtime="20201212 16:33:05.585"></status>
</kw>
<kw name="To Json" library="RequestsLibrary">
<doc>Convert a string to a JSON object</doc>
<arguments>
<arg>${data.content}</arg>
</arguments>
<assign>
<var>${result}</var>
</assign>
<msg timestamp="20201212 16:33:05.585" level="INFO">To JSON using : content={"error_code":"0","error_text":"上报成功"} </msg>
<msg timestamp="20201212 16:33:05.586" level="INFO">To JSON using : pretty_print=False </msg>
<msg timestamp="20201212 16:33:05.586" level="INFO">${result} = {'error_code': '0', 'error_text': '上报成功'}</msg>
<status status="PASS" starttime="20201212 16:33:05.585" endtime="20201212 16:33:05.586"></status>
</kw>
<kw name="Should Contain" library="BuiltIn">
<doc>Fails if ``container`` does not contain ``item`` one or more times.</doc>
<arguments>
<arg>${result}[error_text]</arg>
<arg>上报成功</arg>
</arguments>
<status status="PASS" starttime="20201212 16:33:05.586" endtime="20201212 16:33:05.586"></status>
</kw>
<status status="PASS" starttime="20201212 16:33:05.313" endtime="20201212 16:33:05.586"></status>
</kw>
<kw name="Catenate" library="BuiltIn">
<doc>Catenates the given items together and returns the resulted string.</doc>
<arguments>
<arg>SEPARATOR=</arg>
<arg>${ip}</arg>
<arg>/login.koala</arg>
</arguments>
<assign>
<var>${login_ip}</var>
</assign>
<msg timestamp="20201212 16:33:05.587" level="INFO">${login_ip} = http://10.200.9.183:8074/login.koala</msg>
<status status="PASS" starttime="20201212 16:33:05.587" endtime="20201212 16:33:05.587"></status>
</kw>
<kw name="Log" library="BuiltIn">
<doc>Logs the given message with the given level.</doc>
<arguments>
<arg>${login_ip}</arg>
</arguments>
<msg timestamp="20201212 16:33:05.588" level="INFO">http://10.200.9.183:8074/login.koala</msg>
<status status="PASS" starttime="20201212 16:33:05.587" endtime="20201212 16:33:05.588"></status>
</kw>
<kw name="Open Browser" library="Selenium2Library">
<doc>Opens a new browser instance to the optional ``url``.</doc>
<arguments>
<arg>${login_ip}</arg>
<arg>Chrome</arg>
</arguments>
<msg timestamp="20201212 16:33:05.588" level="INFO">Opening browser 'Chrome' to base url 'http://10.200.9.183:8074/login.koala'.</msg>
<status status="PASS" starttime="20201212 16:33:05.588" endtime="20201212 16:33:11.729"></status>
</kw>
<kw name="Sleep" library="BuiltIn">
<doc>Pauses the test executed for the given time.</doc>
<arguments>
<arg>1</arg>
</arguments>
<msg timestamp="20201212 16:33:12.742" level="INFO">Slept 1 second</msg>
<status status="PASS" starttime="20201212 16:33:11.729" endtime="20201212 16:33:12.742"></status>
</kw>
<kw name="Input Text" library="Selenium2Library">
<doc>Types the given ``text`` into the text field identified by ``locator``.</doc>
<arguments>
<arg>id=j_username</arg>
<arg>${username}</arg>
</arguments>
<msg timestamp="20201212 16:33:12.742" level="INFO">Typing text 'enler' into text field 'id=j_username'.</msg>
<status status="PASS" starttime="20201212 16:33:12.742" endtime="20201212 16:33:12.814"></status>
</kw>
<kw name="Input Text" library="Selenium2Library">
<doc>Types the given ``text`` into the text field identified by ``locator``.</doc>
<arguments>
<arg>id=j_password</arg>
<arg>${password}</arg>
</arguments>
<msg timestamp="20201212 16:33:12.814" level="INFO">Typing text '888888' into text field 'id=j_password'.</msg>
<status status="PASS" starttime="20201212 16:33:12.814" endtime="20201212 16:33:12.879"></status>
</kw>
<kw name="Input Text" library="Selenium2Library">
<doc>Types the given ``text`` into the text field identified by ``locator``.</doc>
<arguments>
<arg>id=jCaptchaCode</arg>
<arg>111111</arg>
</arguments>
<msg timestamp="20201212 16:33:12.879" level="INFO">Typing text '111111' into text field 'id=jCaptchaCode'.</msg>
<status status="PASS" starttime="20201212 16:33:12.879" endtime="20201212 16:33:12.938"></status>
</kw>
<kw name="Click Element" library="Selenium2Library">
<doc>Click the element identified by ``locator``.</doc>
<arguments>
<arg>id=loginBtn</arg>
</arguments>
<msg timestamp="20201212 16:33:12.939" level="INFO">Clicking element 'id=loginBtn'.</msg>
<status status="PASS" starttime="20201212 16:33:12.938" endtime="20201212 16:33:12.973"></status>
</kw>
<kw name="Sleep" library="BuiltIn">
<doc>Pauses the test executed for the given time.</doc>
<arguments>
<arg>1</arg>
</arguments>
<msg timestamp="20201212 16:33:13.978" level="INFO">Slept 1 second</msg>
<status status="PASS" starttime="20201212 16:33:12.973" endtime="20201212 16:33:13.978"></status>
</kw>
<kw name="Get Window Titles" library="Selenium2Library">
<doc>Returns and logs titles of all windows of the selected browser.</doc>
<assign>
<var>${window}</var>
</assign>
<msg timestamp="20201212 16:33:34.714" level="INFO">Altogether 1 item.
1: 巴士在线 - 主页面</msg>
<msg timestamp="20201212 16:33:34.715" level="INFO">${window} = ['巴士在线 - 主页面']</msg>
<status status="PASS" starttime="20201212 16:33:13.978" endtime="20201212 16:33:34.715"></status>
</kw>
<kw name="Set Global Variable" library="BuiltIn">
<doc>Makes a variable available globally in all tests and suites.</doc>
<arguments>
<arg>${window}</arg>
</arguments>
<msg timestamp="20201212 16:33:34.715" level="INFO">${window} = ['巴士在线 - 主页面']</msg>
<status status="PASS" starttime="20201212 16:33:34.715" endtime="20201212 16:33:34.715"></status>
</kw>
<kw name="Maximize Browser Window" library="Selenium2Library">
<doc>Maximizes current browser window.</doc>
<status status="PASS" starttime="20201212 16:33:34.715" endtime="20201212 16:33:36.876"></status>
</kw>
<status status="PASS" starttime="20201212 16:33:05.306" endtime="20201212 16:33:36.876"></status>
</kw>
<kw name="打开简图调度" library="简图调度">
<kw name="Select Window" library="Selenium2Library">
<doc>DEPRECATED in Selenium2Library 4.0. , use `Switch Window` instead.</doc>
<arguments>
<arg>${window}</arg>
</arguments>
<status status="PASS" starttime="20201212 16:33:36.877" endtime="20201212 16:33:36.883"></status>
</kw>
<kw name="Click Element" library="Selenium2Library">
<doc>Click the element identified by ``locator``.</doc>
<arguments>
<arg>&amp;{menuDict}[operative_monitor]</arg>
</arguments>
<msg timestamp="20201212 16:33:36.884" level="INFO">Clicking element 'xpath=//a[@href='#menuMark181']'.</msg>
<status status="PASS" starttime="20201212 16:33:36.883" endtime="20201212 16:33:36.933"></status>
</kw>
<kw name="Sleep" library="BuiltIn">
<doc>Pauses the test executed for the given time.</doc>
<arguments>
<arg>1</arg>
</arguments>
<msg timestamp="20201212 16:33:37.944" level="INFO">Slept 1 second</msg>
<status status="PASS" starttime="20201212 16:33:36.934" endtime="20201212 16:33:37.944"></status>
</kw>
<kw name="Click Element" library="Selenium2Library">
<doc>Click the element identified by ``locator``.</doc>
<arguments>
<arg>&amp;{menuDict}[diagram_disapth]</arg>
</arguments>
<msg timestamp="20201212 16:33:37.945" level="INFO">Clicking element 'css=li[data-mark='menuMark214']'.</msg>
<status status="PASS" starttime="20201212 16:33:37.944" endtime="20201212 16:33:37.992"></status>
</kw>
<kw name="Sleep" library="BuiltIn">
<doc>Pauses the test executed for the given time.</doc>
<arguments>
<arg>3</arg>
</arguments>
<msg timestamp="20201212 16:33:40.996" level="INFO">Slept 3 seconds</msg>
<status status="PASS" starttime="20201212 16:33:37.992" endtime="20201212 16:33:40.996"></status>
</kw>
<kw name="Click Element" library="Selenium2Library">
<doc>Click the element identified by ``locator``.</doc>
<arguments>
<arg>${roadXpath_diagram}</arg>
</arguments>
<msg timestamp="20201212 16:33:40.996" level="INFO">Clicking element 'id=mtLocationRunDiagramTree_2_span'.</msg>
<status status="PASS" starttime="20201212 16:33:40.996" endtime="20201212 16:33:41.058"></status>
</kw>
<kw name="Sleep" library="BuiltIn">
<doc>Pauses the test executed for the given time.</doc>
<arguments>
<arg>5</arg>
</arguments>
<msg timestamp="20201212 16:33:46.062" level="INFO">Slept 5 seconds</msg>
<status status="PASS" starttime="20201212 16:33:41.058" endtime="20201212 16:33:46.063"></status>
</kw>
<status status="PASS" starttime="20201212 16:33:36.876" endtime="20201212 16:33:46.063"></status>
</kw>
<kw name="Create List" library="BuiltIn">
<doc>Returns a list containing given items.</doc>
<arguments>
<arg>${bus_1}[bustid]</arg>
<arg>${bus_2}[bustid]</arg>
<arg>${bus_3}[bustid]</arg>
</arguments>
<assign>
<var>@{bustidLst}</var>
</assign>
<msg timestamp="20201212 16:33:46.063" level="INFO">@{bustidLst} = [ 201126142457482 | 201128093425842 | 201128093440756 ]</msg>
<status status="PASS" starttime="20201212 16:33:46.063" endtime="20201212 16:33:46.063"></status>
</kw>
<kw name="三台车手动进站获取排班时间" library="简图调度">
<arguments>
<arg>@{bustidLst}</arg>
</arguments>
<kw name="Create List" library="BuiltIn">
<doc>Returns a list containing given items.</doc>
<assign>
<var>@{plantimeLst}</var>
</assign>
<msg timestamp="20201212 16:33:46.064" level="INFO">@{plantimeLst} = [ ]</msg>
<status status="PASS" starttime="20201212 16:33:46.064" endtime="20201212 16:33:46.064"></status>
</kw>
<kw name="Set Global Variable" library="BuiltIn">
<doc>Makes a variable available globally in all tests and suites.</doc>
<arguments>
<arg>@{plantimeLst}</arg>
</arguments>
<msg timestamp="20201212 16:33:46.071" level="INFO">@{plantimeLst} = [ ]</msg>
<status status="PASS" starttime="20201212 16:33:46.065" endtime="20201212 16:33:46.071"></status>
</kw>
<kw name="${bustid} IN [ @{bustidLst} ]" type="for">
<kw name="${bustid} = 201126142457482" type="foritem">
<kw name="Catenate" library="BuiltIn">
<doc>Catenates the given items together and returns the resulted string.</doc>
<arguments>
<arg>SEPARATOR=</arg>
<arg>xpath=//div[@id='DownStationList']/div[@id='</arg>
<arg>${bustid}</arg>
<arg>']/div[@class='init-plantime alpha-bg']</arg>
</arguments>
<assign>
<var>${bustidXPATH_2}</var>
</assign>
<msg timestamp="20201212 16:33:46.074" level="INFO">${bustidXPATH_2} = xpath=//div[@id='DownStationList']/div[@id='201126142457482']/div[@class='init-plantime alpha-bg']</msg>
<status status="PASS" starttime="20201212 16:33:46.074" endtime="20201212 16:33:46.075"></status>
</kw>
<kw name="切换简图domain_frame" library="简图调度">
<kw name="Wait Until Element Is Enabled" library="Selenium2Library">
<doc>Waits until the element ``locator`` is enabled.</doc>
<arguments>
<arg>${iframe_tab}</arg>
</arguments>
<status status="PASS" starttime="20201212 16:33:46.075" endtime="20201212 16:33:46.446"></status>
</kw>
<kw name="Select Frame" library="Selenium2Library">
<doc>Sets frame identified by ``locator`` as the current frame.</doc>
<arguments>
<arg>${iframe_tab}</arg>
</arguments>
<msg timestamp="20201212 16:33:46.447" level="INFO">Selecting frame 'id=iframe_tab_BsBusdiagarm-Maplist-417768025'.</msg>
<status status="PASS" starttime="20201212 16:33:46.447" endtime="20201212 16:33:47.143"></status>
</kw>
<kw name="Sleep" library="BuiltIn">
<doc>Pauses the test executed for the given time.</doc>
<arguments>
<arg>2</arg>
</arguments>
<msg timestamp="20201212 16:33:49.150" level="INFO">Slept 2 seconds</msg>
<status status="PASS" starttime="20201212 16:33:47.143" endtime="20201212 16:33:49.150"></status>
</kw>
<status status="PASS" starttime="20201212 16:33:46.075" endtime="20201212 16:33:49.150"></status>
</kw>
<kw name="获取简图车辆更多菜单" library="简图调度">
<arguments>
<arg>${bustid}</arg>
<arg>&amp;{dropdown_menuDict}[goToSite]</arg>
</arguments>
<kw name="Catenate" library="BuiltIn">
<doc>Catenates the given items together and returns the resulted string.</doc>
<arguments>
<arg>SEPARATOR=</arg>
<arg>css=div[id='</arg>
<arg>${bustid}</arg>
<arg>']&gt;div[class='bus-body']</arg>
</arguments>
<assign>
<var>${bustidXPATH}</var>
</assign>
<msg timestamp="20201212 16:33:49.152" level="INFO">${bustidXPATH} = css=div[id='201126142457482']&gt;div[class='bus-body']</msg>
<status status="PASS" starttime="20201212 16:33:49.151" endtime="20201212 16:33:49.152"></status>
</kw>
<kw name="Wait Until Element Is Enabled" library="Selenium2Library">
<doc>Waits until the element ``locator`` is enabled.</doc>
<arguments>
<arg>${iframe_line}</arg>
</arguments>
<status status="PASS" starttime="20201212 16:33:49.152" endtime="20201212 16:33:49.173"></status>
</kw>
<kw name="Select Frame" library="Selenium2Library">
<doc>Sets frame identified by ``locator`` as the current frame.</doc>
<arguments>
<arg>${iframe_line}</arg>
</arguments>
<msg timestamp="20201212 16:33:49.174" level="INFO">Selecting frame 'css=#line_417768025'.</msg>
<status status="PASS" starttime="20201212 16:33:49.174" endtime="20201212 16:33:49.198"></status>
</kw>
<kw name="Sleep" library="BuiltIn">
<doc>Pauses the test executed for the given time.</doc>
<arguments>
<arg>1</arg>
</arguments>
<msg timestamp="20201212 16:33:50.206" level="INFO">Slept 1 second</msg>
<status status="PASS" starttime="20201212 16:33:49.198" endtime="20201212 16:33:50.207"></status>
</kw>
<kw name="Right Click Element" library="Selenium2Library">
<arguments>
<arg>${bustidXPATH}</arg>
</arguments>
<status status="PASS" starttime="20201212 16:33:50.207" endtime="20201212 16:33:50.545"></status>
</kw>
<kw name="Sleep" library="BuiltIn">
<doc>Pauses the test executed for the given time.</doc>
<arguments>
<arg>2</arg>
</arguments>
<msg timestamp="20201212 16:33:52.560" level="INFO">Slept 2 seconds</msg>
<status status="PASS" starttime="20201212 16:33:50.546" endtime="20201212 16:33:52.560"></status>
</kw>
<kw name="Unselect Frame" library="Selenium2Library">
<doc>Sets the main frame as the current frame.</doc>
<status status="PASS" starttime="20201212 16:33:52.560" endtime="20201212 16:33:52.564"></status>
</kw>
<kw name="Select Frame" library="Selenium2Library">
<doc>Sets frame identified by ``locator`` as the current frame.</doc>
<arguments>
<arg>${iframe_tab}</arg>
</arguments>
<msg timestamp="20201212 16:33:52.564" level="INFO">Selecting frame 'id=iframe_tab_BsBusdiagarm-Maplist-417768025'.</msg>
<status status="PASS" starttime="20201212 16:33:52.564" endtime="20201212 16:33:52.585"></status>
</kw>
<kw name="Sleep" library="BuiltIn">
<doc>Pauses the test executed for the given time.</doc>
<arguments>
<arg>1</arg>
</arguments>
<msg timestamp="20201212 16:33:53.596" level="INFO">Slept 1 second</msg>
<status status="PASS" starttime="20201212 16:33:52.586" endtime="20201212 16:33:53.596"></status>
</kw>
<kw name="Click Element" library="Selenium2Library">
<doc>Click the element identified by ``locator``.</doc>
<arguments>
<arg>${dropDownPath}</arg>
</arguments>
<msg timestamp="20201212 16:33:53.596" level="INFO">Clicking element ' xpath=//a[contains(text(),"进站") and @tabindex='-1']'.</msg>
<status status="PASS" starttime="20201212 16:33:53.596" endtime="20201212 16:33:53.676"></status>
</kw>
<kw name="Sleep" library="BuiltIn">
<doc>Pauses the test executed for the given time.</doc>
<arguments>
<arg>1</arg>
</arguments>
<msg timestamp="20201212 16:33:54.679" level="INFO">Slept 1 second</msg>
<status status="PASS" starttime="20201212 16:33:53.676" endtime="20201212 16:33:54.679"></status>
</kw>
<status status="PASS" starttime="20201212 16:33:49.151" endtime="20201212 16:33:54.679"></status>
</kw>
<kw name="Click Element" library="Selenium2Library">
<doc>Click the element identified by ``locator``.</doc>
<arguments>
<arg>xpath=//button[@id='save']</arg>
</arguments>
<msg timestamp="20201212 16:33:54.679" level="INFO">Clicking element 'xpath=//button[@id='save']'.</msg>
<status status="PASS" starttime="20201212 16:33:54.679" endtime="20201212 16:33:54.746"></status>
</kw>
<kw name="Sleep" library="BuiltIn">
<doc>Pauses the test executed for the given time.</doc>
<arguments>
<arg>3</arg>
</arguments>
<msg timestamp="20201212 16:33:57.750" level="INFO">Slept 3 seconds</msg>
<status status="PASS" starttime="20201212 16:33:54.746" endtime="20201212 16:33:57.750"></status>
</kw>
<kw name="Wait Until Element Is Enabled" library="Selenium2Library">
<doc>Waits until the element ``locator`` is enabled.</doc>
<arguments>
<arg>${iframe_line}</arg>
</arguments>
<status status="PASS" starttime="20201212 16:33:57.750" endtime="20201212 16:33:57.771"></status>
</kw>
<kw name="Select Frame" library="Selenium2Library">
<doc>Sets frame identified by ``locator`` as the current frame.</doc>
<arguments>
<arg>${iframe_line}</arg>
</arguments>
<msg timestamp="20201212 16:33:57.772" level="INFO">Selecting frame 'css=#line_417768025'.</msg>
<status status="PASS" starttime="20201212 16:33:57.772" endtime="20201212 16:33:57.788"></status>
</kw>
<kw name="Get Text" library="Selenium2Library">
<doc>Returns the text value of the element identified by ``locator``.</doc>
<arguments>
<arg>${bustidXPATH_2}</arg>
</arguments>
<assign>
<var>${plantime}</var>
</assign>
<msg timestamp="20201212 16:33:57.807" level="INFO">${plantime} = 16:33</msg>
<status status="PASS" starttime="20201212 16:33:57.788" endtime="20201212 16:33:57.807"></status>
</kw>
<kw name="Unselect Frame" library="Selenium2Library">
<doc>Sets the main frame as the current frame.</doc>
<status status="PASS" starttime="20201212 16:33:57.807" endtime="20201212 16:33:57.809"></status>
</kw>
<kw name="Append To List" library="Collections">
<doc>Adds ``values`` to the end of ``list``.</doc>
<arguments>
<arg>${plantimeLst}</arg>
<arg>${plantime}</arg>
</arguments>
<status status="PASS" starttime="20201212 16:33:57.809" endtime="20201212 16:33:57.809"></status>
</kw>
<status status="PASS" starttime="20201212 16:33:46.072" endtime="20201212 16:33:57.809"></status>
</kw>
<kw name="${bustid} = 201128093425842" type="foritem">
<kw name="Catenate" library="BuiltIn">
<doc>Catenates the given items together and returns the resulted string.</doc>
<arguments>
<arg>SEPARATOR=</arg>
<arg>xpath=//div[@id='DownStationList']/div[@id='</arg>
<arg>${bustid}</arg>
<arg>']/div[@class='init-plantime alpha-bg']</arg>
</arguments>
<assign>
<var>${bustidXPATH_2}</var>
</assign>
<msg timestamp="20201212 16:33:57.809" level="INFO">${bustidXPATH_2} = xpath=//div[@id='DownStationList']/div[@id='201128093425842']/div[@class='init-plantime alpha-bg']</msg>
<status status="PASS" starttime="20201212 16:33:57.809" endtime="20201212 16:33:57.810"></status>
</kw>
<kw name="切换简图domain_frame" library="简图调度">
<kw name="Wait Until Element Is Enabled" library="Selenium2Library">
<doc>Waits until the element ``locator`` is enabled.</doc>
<arguments>
<arg>${iframe_tab}</arg>
</arguments>
<status status="PASS" starttime="20201212 16:33:57.810" endtime="20201212 16:33:57.827"></status>
</kw>
<kw name="Select Frame" library="Selenium2Library">
<doc>Sets frame identified by ``locator`` as the current frame.</doc>
<arguments>
<arg>${iframe_tab}</arg>
</arguments>
<msg timestamp="20201212 16:33:57.828" level="INFO">Selecting frame 'id=iframe_tab_BsBusdiagarm-Maplist-417768025'.</msg>
<status status="PASS" starttime="20201212 16:33:57.827" endtime="20201212 16:33:57.843"></status>
</kw>
<kw name="Sleep" library="BuiltIn">
<doc>Pauses the test executed for the given time.</doc>
<arguments>
<arg>2</arg>
</arguments>
<msg timestamp="20201212 16:33:59.857" level="INFO">Slept 2 seconds</msg>
<status status="PASS" starttime="20201212 16:33:57.843" endtime="20201212 16:33:59.857"></status>
</kw>
<status status="PASS" starttime="20201212 16:33:57.810" endtime="20201212 16:33:59.857"></status>
</kw>
<kw name="获取简图车辆更多菜单" library="简图调度">
<arguments>
<arg>${bustid}</arg>
<arg>&amp;{dropdown_menuDict}[goToSite]</arg>
</arguments>
<kw name="Catenate" library="BuiltIn">
<doc>Catenates the given items together and returns the resulted string.</doc>
<arguments>
<arg>SEPARATOR=</arg>
<arg>css=div[id='</arg>
<arg>${bustid}</arg>
<arg>']&gt;div[class='bus-body']</arg>
</arguments>
<assign>
<var>${bustidXPATH}</var>
</assign>
<msg timestamp="20201212 16:33:59.858" level="INFO">${bustidXPATH} = css=div[id='201128093425842']&gt;div[class='bus-body']</msg>
<status status="PASS" starttime="20201212 16:33:59.858" endtime="20201212 16:33:59.858"></status>
</kw>
<kw name="Wait Until Element Is Enabled" library="Selenium2Library">
<doc>Waits until the element ``locator`` is enabled.</doc>
<arguments>
<arg>${iframe_line}</arg>
</arguments>
<status status="PASS" starttime="20201212 16:33:59.859" endtime="20201212 16:33:59.877"></status>
</kw>
<kw name="Select Frame" library="Selenium2Library">
<doc>Sets frame identified by ``locator`` as the current frame.</doc>
<arguments>
<arg>${iframe_line}</arg>
</arguments>
<msg timestamp="20201212 16:33:59.877" level="INFO">Selecting frame 'css=#line_417768025'.</msg>
<status status="PASS" starttime="20201212 16:33:59.877" endtime="20201212 16:33:59.894"></status>
</kw>
<kw name="Sleep" library="BuiltIn">
<doc>Pauses the test executed for the given time.</doc>
<arguments>
<arg>1</arg>
</arguments>
<msg timestamp="20201212 16:34:00.898" level="INFO">Slept 1 second</msg>
<status status="PASS" starttime="20201212 16:33:59.894" endtime="20201212 16:34:00.898"></status>
</kw>
<kw name="Right Click Element" library="Selenium2Library">
<arguments>
<arg>${bustidXPATH}</arg>
</arguments>
<status status="PASS" starttime="20201212 16:34:00.898" endtime="20201212 16:34:01.210"></status>
</kw>
<kw name="Sleep" library="BuiltIn">
<doc>Pauses the test executed for the given time.</doc>
<arguments>
<arg>2</arg>
</arguments>
<msg timestamp="20201212 16:34:03.218" level="INFO">Slept 2 seconds</msg>
<status status="PASS" starttime="20201212 16:34:01.211" endtime="20201212 16:34:03.218"></status>
</kw>
<kw name="Unselect Frame" library="Selenium2Library">
<doc>Sets the main frame as the current frame.</doc>
<status status="PASS" starttime="20201212 16:34:03.218" endtime="20201212 16:34:03.221"></status>
</kw>
<kw name="Select Frame" library="Selenium2Library">
<doc>Sets frame identified by ``locator`` as the current frame.</doc>
<arguments>
<arg>${iframe_tab}</arg>
</arguments>
<msg timestamp="20201212 16:34:03.221" level="INFO">Selecting frame 'id=iframe_tab_BsBusdiagarm-Maplist-417768025'.</msg>
<status status="PASS" starttime="20201212 16:34:03.221" endtime="20201212 16:34:03.237"></status>
</kw>
<kw name="Sleep" library="BuiltIn">
<doc>Pauses the test executed for the given time.</doc>
<arguments>
<arg>1</arg>
</arguments>
<msg timestamp="20201212 16:34:04.241" level="INFO">Slept 1 second</msg>
<status status="PASS" starttime="20201212 16:34:03.237" endtime="20201212 16:34:04.241"></status>
</kw>
<kw name="Click Element" library="Selenium2Library">
<doc>Click the element identified by ``locator``.</doc>
<arguments>
<arg>${dropDownPath}</arg>
</arguments>
<msg timestamp="20201212 16:34:04.242" level="INFO">Clicking element ' xpath=//a[contains(text(),"进站") and @tabindex='-1']'.</msg>
<status status="PASS" starttime="20201212 16:34:04.241" endtime="20201212 16:34:04.306"></status>
</kw>
<kw name="Sleep" library="BuiltIn">
<doc>Pauses the test executed for the given time.</doc>
<arguments>
<arg>1</arg>
</arguments>
<msg timestamp="20201212 16:34:05.319" level="INFO">Slept 1 second</msg>
<status status="PASS" starttime="20201212 16:34:04.307" endtime="20201212 16:34:05.319"></status>
</kw>
<status status="PASS" starttime="20201212 16:33:59.858" endtime="20201212 16:34:05.319"></status>
</kw>
<kw name="Click Element" library="Selenium2Library">
<doc>Click the element identified by ``locator``.</doc>
<arguments>
<arg>xpath=//button[@id='save']</arg>
</arguments>
<msg timestamp="20201212 16:34:05.319" level="INFO">Clicking element 'xpath=//button[@id='save']'.</msg>
<status status="PASS" starttime="20201212 16:34:05.319" endtime="20201212 16:34:05.388"></status>
</kw>
<kw name="Sleep" library="BuiltIn">
<doc>Pauses the test executed for the given time.</doc>
<arguments>
<arg>3</arg>
</arguments>
<msg timestamp="20201212 16:34:08.404" level="INFO">Slept 3 seconds</msg>
<status status="PASS" starttime="20201212 16:34:05.388" endtime="20201212 16:34:08.405"></status>
</kw>
<kw name="Wait Until Element Is Enabled" library="Selenium2Library">
<doc>Waits until the element ``locator`` is enabled.</doc>
<arguments>
<arg>${iframe_line}</arg>
</arguments>
<status status="PASS" starttime="20201212 16:34:08.405" endtime="20201212 16:34:08.419"></status>
</kw>
<kw name="Select Frame" library="Selenium2Library">
<doc>Sets frame identified by ``locator`` as the current frame.</doc>
<arguments>
<arg>${iframe_line}</arg>
</arguments>
<msg timestamp="20201212 16:34:08.419" level="INFO">Selecting frame 'css=#line_417768025'.</msg>
<status status="PASS" starttime="20201212 16:34:08.419" endtime="20201212 16:34:08.434"></status>
</kw>
<kw name="Get Text" library="Selenium2Library">
<doc>Returns the text value of the element identified by ``locator``.</doc>
<arguments>
<arg>${bustidXPATH_2}</arg>
</arguments>
<assign>
<var>${plantime}</var>
</assign>
<msg timestamp="20201212 16:34:08.453" level="INFO">${plantime} = 16:36</msg>
<status status="PASS" starttime="20201212 16:34:08.434" endtime="20201212 16:34:08.453"></status>
</kw>
<kw name="Unselect Frame" library="Selenium2Library">
<doc>Sets the main frame as the current frame.</doc>
<status status="PASS" starttime="20201212 16:34:08.453" endtime="20201212 16:34:08.455"></status>
</kw>
<kw name="Append To List" library="Collections">
<doc>Adds ``values`` to the end of ``list``.</doc>
<arguments>
<arg>${plantimeLst}</arg>
<arg>${plantime}</arg>
</arguments>
<status status="PASS" starttime="20201212 16:34:08.455" endtime="20201212 16:34:08.456"></status>
</kw>
<status status="PASS" starttime="20201212 16:33:57.809" endtime="20201212 16:34:08.456"></status>
</kw>
<kw name="${bustid} = 201128093440756" type="foritem">
<kw name="Catenate" library="BuiltIn">
<doc>Catenates the given items together and returns the resulted string.</doc>
<arguments>
<arg>SEPARATOR=</arg>
<arg>xpath=//div[@id='DownStationList']/div[@id='</arg>
<arg>${bustid}</arg>
<arg>']/div[@class='init-plantime alpha-bg']</arg>
</arguments>
<assign>
<var>${bustidXPATH_2}</var>
</assign>
<msg timestamp="20201212 16:34:08.456" level="INFO">${bustidXPATH_2} = xpath=//div[@id='DownStationList']/div[@id='201128093440756']/div[@class='init-plantime alpha-bg']</msg>
<status status="PASS" starttime="20201212 16:34:08.456" endtime="20201212 16:34:08.456"></status>
</kw>
<kw name="切换简图domain_frame" library="简图调度">
<kw name="Wait Until Element Is Enabled" library="Selenium2Library">
<doc>Waits until the element ``locator`` is enabled.</doc>
<arguments>
<arg>${iframe_tab}</arg>
</arguments>
<status status="PASS" starttime="20201212 16:34:08.456" endtime="20201212 16:34:08.470"></status>
</kw>
<kw name="Select Frame" library="Selenium2Library">
<doc>Sets frame identified by ``locator`` as the current frame.</doc>
<arguments>
<arg>${iframe_tab}</arg>
</arguments>
<msg timestamp="20201212 16:34:08.470" level="INFO">Selecting frame 'id=iframe_tab_BsBusdiagarm-Maplist-417768025'.</msg>
<status status="PASS" starttime="20201212 16:34:08.470" endtime="20201212 16:34:08.484"></status>
</kw>
<kw name="Sleep" library="BuiltIn">
<doc>Pauses the test executed for the given time.</doc>
<arguments>
<arg>2</arg>
</arguments>
<msg timestamp="20201212 16:34:10.491" level="INFO">Slept 2 seconds</msg>
<status status="PASS" starttime="20201212 16:34:08.485" endtime="20201212 16:34:10.491"></status>
</kw>
<status status="PASS" starttime="20201212 16:34:08.456" endtime="20201212 16:34:10.491"></status>
</kw>
<kw name="获取简图车辆更多菜单" library="简图调度">
<arguments>
<arg>${bustid}</arg>
<arg>&amp;{dropdown_menuDict}[goToSite]</arg>
</arguments>
<kw name="Catenate" library="BuiltIn">
<doc>Catenates the given items together and returns the resulted string.</doc>
<arguments>
<arg>SEPARATOR=</arg>
<arg>css=div[id='</arg>
<arg>${bustid}</arg>
<arg>']&gt;div[class='bus-body']</arg>
</arguments>
<assign>
<var>${bustidXPATH}</var>
</assign>
<msg timestamp="20201212 16:34:10.492" level="INFO">${bustidXPATH} = css=div[id='201128093440756']&gt;div[class='bus-body']</msg>
<status status="PASS" starttime="20201212 16:34:10.492" endtime="20201212 16:34:10.493"></status>
</kw>
<kw name="Wait Until Element Is Enabled" library="Selenium2Library">
<doc>Waits until the element ``locator`` is enabled.</doc>
<arguments>
<arg>${iframe_line}</arg>
</arguments>
<status status="PASS" starttime="20201212 16:34:10.493" endtime="20201212 16:34:10.510"></status>
</kw>
<kw name="Select Frame" library="Selenium2Library">
<doc>Sets frame identified by ``locator`` as the current frame.</doc>
<arguments>
<arg>${iframe_line}</arg>
</arguments>
<msg timestamp="20201212 16:34:10.510" level="INFO">Selecting frame 'css=#line_417768025'.</msg>
<status status="PASS" starttime="20201212 16:34:10.510" endtime="20201212 16:34:10.526"></status>
</kw>
<kw name="Sleep" library="BuiltIn">
<doc>Pauses the test executed for the given time.</doc>
<arguments>
<arg>1</arg>
</arguments>
<msg timestamp="20201212 16:34:11.541" level="INFO">Slept 1 second</msg>
<status status="PASS" starttime="20201212 16:34:10.526" endtime="20201212 16:34:11.541"></status>
</kw>
<kw name="Right Click Element" library="Selenium2Library">
<arguments>
<arg>${bustidXPATH}</arg>
</arguments>
<status status="PASS" starttime="20201212 16:34:11.541" endtime="20201212 16:34:11.874"></status>
</kw>
<kw name="Sleep" library="BuiltIn">
<doc>Pauses the test executed for the given time.</doc>
<arguments>
<arg>2</arg>
</arguments>
<msg timestamp="20201212 16:34:13.877" level="INFO">Slept 2 seconds</msg>
<status status="PASS" starttime="20201212 16:34:11.874" endtime="20201212 16:34:13.877"></status>
</kw>
<kw name="Unselect Frame" library="Selenium2Library">
<doc>Sets the main frame as the current frame.</doc>
<status status="PASS" starttime="20201212 16:34:13.877" endtime="20201212 16:34:13.880"></status>
</kw>
<kw name="Select Frame" library="Selenium2Library">
<doc>Sets frame identified by ``locator`` as the current frame.</doc>
<arguments>
<arg>${iframe_tab}</arg>
</arguments>
<msg timestamp="20201212 16:34:13.881" level="INFO">Selecting frame 'id=iframe_tab_BsBusdiagarm-Maplist-417768025'.</msg>
<status status="PASS" starttime="20201212 16:34:13.881" endtime="20201212 16:34:13.899"></status>
</kw>
<kw name="Sleep" library="BuiltIn">
<doc>Pauses the test executed for the given time.</doc>
<arguments>
<arg>1</arg>
</arguments>
<msg timestamp="20201212 16:34:14.913" level="INFO">Slept 1 second</msg>
<status status="PASS" starttime="20201212 16:34:13.899" endtime="20201212 16:34:14.913"></status>
</kw>
<kw name="Click Element" library="Selenium2Library">
<doc>Click the element identified by ``locator``.</doc>
<arguments>
<arg>${dropDownPath}</arg>
</arguments>
<msg timestamp="20201212 16:34:14.914" level="INFO">Clicking element ' xpath=//a[contains(text(),"进站") and @tabindex='-1']'.</msg>
<status status="PASS" starttime="20201212 16:34:14.913" endtime="20201212 16:34:14.982"></status>
</kw>
<kw name="Sleep" library="BuiltIn">
<doc>Pauses the test executed for the given time.</doc>
<arguments>
<arg>1</arg>
</arguments>
<msg timestamp="20201212 16:34:15.983" level="INFO">Slept 1 second</msg>
<status status="PASS" starttime="20201212 16:34:14.982" endtime="20201212 16:34:15.983"></status>
</kw>
<status status="PASS" starttime="20201212 16:34:10.491" endtime="20201212 16:34:15.983"></status>
</kw>
<kw name="Click Element" library="Selenium2Library">
<doc>Click the element identified by ``locator``.</doc>
<arguments>
<arg>xpath=//button[@id='save']</arg>
</arguments>
<msg timestamp="20201212 16:34:15.984" level="INFO">Clicking element 'xpath=//button[@id='save']'.</msg>
<status status="PASS" starttime="20201212 16:34:15.984" endtime="20201212 16:34:16.048"></status>
</kw>
<kw name="Sleep" library="BuiltIn">
<doc>Pauses the test executed for the given time.</doc>
<arguments>
<arg>3</arg>
</arguments>
<msg timestamp="20201212 16:34:19.061" level="INFO">Slept 3 seconds</msg>
<status status="PASS" starttime="20201212 16:34:16.049" endtime="20201212 16:34:19.061"></status>
</kw>
<kw name="Wait Until Element Is Enabled" library="Selenium2Library">
<doc>Waits until the element ``locator`` is enabled.</doc>
<arguments>
<arg>${iframe_line}</arg>
</arguments>
<status status="PASS" starttime="20201212 16:34:19.062" endtime="20201212 16:34:19.077"></status>
</kw>
<kw name="Select Frame" library="Selenium2Library">
<doc>Sets frame identified by ``locator`` as the current frame.</doc>
<arguments>
<arg>${iframe_line}</arg>
</arguments>
<msg timestamp="20201212 16:34:19.077" level="INFO">Selecting frame 'css=#line_417768025'.</msg>
<status status="PASS" starttime="20201212 16:34:19.077" endtime="20201212 16:34:19.091"></status>
</kw>
<kw name="Get Text" library="Selenium2Library">
<doc>Returns the text value of the element identified by ``locator``.</doc>
<arguments>
<arg>${bustidXPATH_2}</arg>
</arguments>
<assign>
<var>${plantime}</var>
</assign>
<msg timestamp="20201212 16:34:19.110" level="INFO">${plantime} = 16:39</msg>
<status status="PASS" starttime="20201212 16:34:19.092" endtime="20201212 16:34:19.110"></status>
</kw>
<kw name="Unselect Frame" library="Selenium2Library">
<doc>Sets the main frame as the current frame.</doc>
<status status="PASS" starttime="20201212 16:34:19.110" endtime="20201212 16:34:19.112"></status>
</kw>
<kw name="Append To List" library="Collections">
<doc>Adds ``values`` to the end of ``list``.</doc>
<arguments>
<arg>${plantimeLst}</arg>
<arg>${plantime}</arg>
</arguments>
<status status="PASS" starttime="20201212 16:34:19.112" endtime="20201212 16:34:19.112"></status>
</kw>
<status status="PASS" starttime="20201212 16:34:08.456" endtime="20201212 16:34:19.112"></status>
</kw>
<status status="PASS" starttime="20201212 16:33:46.071" endtime="20201212 16:34:19.113"></status>
</kw>
<kw name="Log Many" library="BuiltIn">
<doc>Logs the given messages as separate entries using the INFO level.</doc>
<arguments>
<arg>@{plantimeLst}</arg>
</arguments>
<msg timestamp="20201212 16:34:19.113" level="INFO">16:33</msg>
<msg timestamp="20201212 16:34:19.113" level="INFO">16:36</msg>
<msg timestamp="20201212 16:34:19.113" level="INFO">16:39</msg>
<status status="PASS" starttime="20201212 16:34:19.113" endtime="20201212 16:34:19.113"></status>
</kw>
<kw name="List Should Not Contain Duplicates" library="Collections">
<doc>Fails if any element in the ``list`` is found from it more than once.</doc>
<arguments>
<arg>${plantimeLst}</arg>
</arguments>
<status status="PASS" starttime="20201212 16:34:19.113" endtime="20201212 16:34:19.113"></status>
</kw>
<kw name="Create List" library="BuiltIn">
<doc>Returns a list containing given items.</doc>
<arguments>
<arg>${bus_1}[hostcode]</arg>
<arg>${bus_2}[hostcode]</arg>
<arg>${bus_3}[hostcode]</arg>
</arguments>
<assign>
<var>@{hostcodeLst}</var>
</assign>
<msg timestamp="20201212 16:34:19.113" level="INFO">@{hostcodeLst} = [ robot1 | robot2 | robot3 ]</msg>
<status status="PASS" starttime="20201212 16:34:19.113" endtime="20201212 16:34:19.113"></status>
</kw>
<kw name="车辆停运再恢复运营" library="简图调度">
<arguments>
<arg>@{hostcodeLst}</arg>
</arguments>
<kw name="${hostcode} IN [ @{hostcodeLst} ]" type="for">
<kw name="${hostcode} = robot1" type="foritem">
<kw name="Get Caronline Json" library="CustomLibrary">
<doc> 返回调度系统车辆上线的json报文,报文类型为dict
 :param key:hostcode
 :return: requestJson
 Examples base64 code.
| `get_caronline_json` | hostcode |  # return requestJson|</doc>
<arguments>
<arg>${hostcode}</arg>
</arguments>
<assign>
<var>${caronline}</var>
</assign>
<msg timestamp="20201212 16:34:19.114" level="INFO">${caronline} = {'caronline': {'device_type': '000', 'device_id': 'robot1', 'ip': '1000', 'port': '8090'}}</msg>
<status status="PASS" starttime="20201212 16:34:19.114" endtime="20201212 16:34:19.114"></status>
</kw>
<kw name="Get Dispath Json" library="CustomLibrary">
<doc>返回调度系统车辆上报指令, 报文类型为dict
:param
key: hostcode, logitude, latitude
  cmd_time: %Y-%m-%d %H:%M:%S
:return: requestJson
 Examples get_dispath_json code.
| `get_dispath_json` | hostcode | business_request_code| # # return  dispathcodeJson|</doc>
<arguments>
<arg>${hostcode}</arg>
<arg>6</arg>
</arguments>
<assign>
<var>${dispathJson}</var>
</assign>
<msg timestamp="20201212 16:34:19.114" level="INFO">${dispathJson} = {'cmdinfo': {'cmd': '022006', 'cmd_time': '1607762059', 'device_id': 'robot1', 'extend': '{"serial_num": 3, "line_num": "XXX", "employee_num": "XXX", "business_request_code": "6"}'}}</msg>
<status status="PASS" starttime="20201212 16:34:19.114" endtime="20201212 16:34:19.114"></status>
</kw>
<kw name="Post Request" library="RequestsLibrary">
<doc>Send a POST request on the session object found using the
given `alias`</doc>
<arguments>
<arg>api</arg>
<arg>/webservice/rest/dispatch</arg>
<arg>data=${dispathJson}</arg>
</arguments>
<assign>
<var>${data2}</var>
</assign>
<msg timestamp="20201212 16:34:19.487" level="INFO">POST Request : url=http://10.200.9.183:8074/webservice/rest/dispatch 
 path_url=/webservice/rest/dispatch 
 headers={'User-Agent': 'python-requests/2.21.0', 'Accept-Encoding': 'gzip, deflate', 'Accept': '*/*', 'Connection': 'keep-alive', 'Content-Type': 'application/json;charset=UTF-8', 'Cookie': 'SHIRO-JSESSID=a1b69fbe-677f-4f42-9226-90d11e991912', 'Content-Length': '196'} 
 body={"cmdinfo": {"cmd": "022006", "cmd_time": "1607762059", "device_id": "robot1", "extend": "{\"serial_num\": 3, \"line_num\": \"XXX\", \"employee_num\": \"XXX\", \"business_request_code\": \"6\"}"}} 
 </msg>
<msg timestamp="20201212 16:34:19.488" level="INFO">POST Response : url=http://10.200.9.183:8074/webservice/rest/dispatch 
 status=200, reason=OK 
 body={"error_code":"0","error_text":"上报成功"} 
 </msg>
<msg timestamp="20201212 16:34:19.488" level="INFO">${data2} = &lt;Response [200]&gt;</msg>
<status status="PASS" starttime="20201212 16:34:19.114" endtime="20201212 16:34:19.488"></status>
</kw>
<kw name="To Json" library="RequestsLibrary">
<doc>Convert a string to a JSON object</doc>
<arguments>
<arg>${data2.content}</arg>
</arguments>
<assign>
<var>${result2}</var>
</assign>
<msg timestamp="20201212 16:34:19.488" level="INFO">To JSON using : content={"error_code":"0","error_text":"上报成功"} </msg>
<msg timestamp="20201212 16:34:19.488" level="INFO">To JSON using : pretty_print=False </msg>
<msg timestamp="20201212 16:34:19.489" level="INFO">${result2} = {'error_code': '0', 'error_text': '上报成功'}</msg>
<status status="PASS" starttime="20201212 16:34:19.488" endtime="20201212 16:34:19.489"></status>
</kw>
<kw name="Should Contain" library="BuiltIn">
<doc>Fails if ``container`` does not contain ``item`` one or more times.</doc>
<arguments>
<arg>${result2}[error_text]</arg>
<arg>上报成功</arg>
</arguments>
<status status="PASS" starttime="20201212 16:34:19.489" endtime="20201212 16:34:19.489"></status>
</kw>
<kw name="Sleep" library="BuiltIn">
<doc>Pauses the test executed for the given time.</doc>
<arguments>
<arg>3</arg>
</arguments>
<msg timestamp="20201212 16:34:22.501" level="INFO">Slept 3 seconds</msg>
<status status="PASS" starttime="20201212 16:34:19.489" endtime="20201212 16:34:22.501"></status>
</kw>
<kw name="Get Dispath Json" library="CustomLibrary">
<doc>返回调度系统车辆上报指令, 报文类型为dict
:param
key: hostcode, logitude, latitude
  cmd_time: %Y-%m-%d %H:%M:%S
:return: requestJson
 Examples get_dispath_json code.
| `get_dispath_json` | hostcode | business_request_code| # # return  dispathcodeJson|</doc>
<arguments>
<arg>${hostcode}</arg>
<arg>106</arg>
</arguments>
<assign>
<var>${dispathJson}</var>
</assign>
<msg timestamp="20201212 16:34:22.502" level="INFO">${dispathJson} = {'cmdinfo': {'cmd': '022006', 'cmd_time': '1607762062', 'device_id': 'robot1', 'extend': '{"serial_num": 3, "line_num": "XXX", "employee_num": "XXX", "business_request_code": "106"}'}}</msg>
<status status="PASS" starttime="20201212 16:34:22.502" endtime="20201212 16:34:22.502"></status>
</kw>
<kw name="Post Request" library="RequestsLibrary">
<doc>Send a POST request on the session object found using the
given `alias`</doc>
<arguments>
<arg>api</arg>
<arg>/webservice/rest/dispatch</arg>
<arg>data=${dispathJson}</arg>
</arguments>
<assign>
<var>${data3}</var>
</assign>
<msg timestamp="20201212 16:34:22.579" level="INFO">POST Request : url=http://10.200.9.183:8074/webservice/rest/dispatch 
 path_url=/webservice/rest/dispatch 
 headers={'User-Agent': 'python-requests/2.21.0', 'Accept-Encoding': 'gzip, deflate', 'Accept': '*/*', 'Connection': 'keep-alive', 'Content-Type': 'application/json;charset=UTF-8', 'Cookie': 'SHIRO-JSESSID=a1b69fbe-677f-4f42-9226-90d11e991912', 'Content-Length': '198'} 
 body={"cmdinfo": {"cmd": "022006", "cmd_time": "1607762062", "device_id": "robot1", "extend": "{\"serial_num\": 3, \"line_num\": \"XXX\", \"employee_num\": \"XXX\", \"business_request_code\": \"106\"}"}} 
 </msg>
<msg timestamp="20201212 16:34:22.579" level="INFO">POST Response : url=http://10.200.9.183:8074/webservice/rest/dispatch 
 status=200, reason=OK 
 body={"error_code":"0","error_text":"上报成功"} 
 </msg>
<msg timestamp="20201212 16:34:22.579" level="INFO">${data3} = &lt;Response [200]&gt;</msg>
<status status="PASS" starttime="20201212 16:34:22.502" endtime="20201212 16:34:22.579"></status>
</kw>
<kw name="To Json" library="RequestsLibrary">
<doc>Convert a string to a JSON object</doc>
<arguments>
<arg>${data3.content}</arg>
</arguments>
<assign>
<var>${result3}</var>
</assign>
<msg timestamp="20201212 16:34:22.580" level="INFO">To JSON using : content={"error_code":"0","error_text":"上报成功"} </msg>
<msg timestamp="20201212 16:34:22.580" level="INFO">To JSON using : pretty_print=False </msg>
<msg timestamp="20201212 16:34:22.580" level="INFO">${result3} = {'error_code': '0', 'error_text': '上报成功'}</msg>
<status status="PASS" starttime="20201212 16:34:22.579" endtime="20201212 16:34:22.580"></status>
</kw>
<kw name="Should Contain" library="BuiltIn">
<doc>Fails if ``container`` does not contain ``item`` one or more times.</doc>
<arguments>
<arg>${result3}[error_text]</arg>
<arg>上报成功</arg>
</arguments>
<status status="PASS" starttime="20201212 16:34:22.580" endtime="20201212 16:34:22.581"></status>
</kw>
<kw name="Sleep" library="BuiltIn">
<doc>Pauses the test executed for the given time.</doc>
<arguments>
<arg>3</arg>
</arguments>
<msg timestamp="20201212 16:34:25.582" level="INFO">Slept 3 seconds</msg>
<status status="PASS" starttime="20201212 16:34:22.581" endtime="20201212 16:34:25.582"></status>
</kw>
<status status="PASS" starttime="20201212 16:34:19.114" endtime="20201212 16:34:25.582"></status>
</kw>
<kw name="${hostcode} = robot2" type="foritem">
<kw name="Get Caronline Json" library="CustomLibrary">
<doc> 返回调度系统车辆上线的json报文,报文类型为dict
 :param key:hostcode
 :return: requestJson
 Examples base64 code.
| `get_caronline_json` | hostcode |  # return requestJson|</doc>
<arguments>
<arg>${hostcode}</arg>
</arguments>
<assign>
<var>${caronline}</var>
</assign>
<msg timestamp="20201212 16:34:25.583" level="INFO">${caronline} = {'caronline': {'device_type': '000', 'device_id': 'robot2', 'ip': '1000', 'port': '8090'}}</msg>
<status status="PASS" starttime="20201212 16:34:25.583" endtime="20201212 16:34:25.583"></status>
</kw>
<kw name="Get Dispath Json" library="CustomLibrary">
<doc>返回调度系统车辆上报指令, 报文类型为dict
:param
key: hostcode, logitude, latitude
  cmd_time: %Y-%m-%d %H:%M:%S
:return: requestJson
 Examples get_dispath_json code.
| `get_dispath_json` | hostcode | business_request_code| # # return  dispathcodeJson|</doc>
<arguments>
<arg>${hostcode}</arg>
<arg>6</arg>
</arguments>
<assign>
<var>${dispathJson}</var>
</assign>
<msg timestamp="20201212 16:34:25.584" level="INFO">${dispathJson} = {'cmdinfo': {'cmd': '022006', 'cmd_time': '1607762065', 'device_id': 'robot2', 'extend': '{"serial_num": 3, "line_num": "XXX", "employee_num": "XXX", "business_request_code": "6"}'}}</msg>
<status status="PASS" starttime="20201212 16:34:25.583" endtime="20201212 16:34:25.584"></status>
</kw>
<kw name="Post Request" library="RequestsLibrary">
<doc>Send a POST request on the session object found using the
given `alias`</doc>
<arguments>
<arg>api</arg>
<arg>/webservice/rest/dispatch</arg>
<arg>data=${dispathJson}</arg>
</arguments>
<assign>
<var>${data2}</var>
</assign>
<msg timestamp="20201212 16:34:25.689" level="INFO">POST Request : url=http://10.200.9.183:8074/webservice/rest/dispatch 
 path_url=/webservice/rest/dispatch 
 headers={'User-Agent': 'python-requests/2.21.0', 'Accept-Encoding': 'gzip, deflate', 'Accept': '*/*', 'Connection': 'keep-alive', 'Content-Type': 'application/json;charset=UTF-8', 'Cookie': 'SHIRO-JSESSID=a1b69fbe-677f-4f42-9226-90d11e991912', 'Content-Length': '196'} 
 body={"cmdinfo": {"cmd": "022006", "cmd_time": "1607762065", "device_id": "robot2", "extend": "{\"serial_num\": 3, \"line_num\": \"XXX\", \"employee_num\": \"XXX\", \"business_request_code\": \"6\"}"}} 
 </msg>
<msg timestamp="20201212 16:34:25.689" level="INFO">POST Response : url=http://10.200.9.183:8074/webservice/rest/dispatch 
 status=200, reason=OK 
 body={"error_code":"0","error_text":"上报成功"} 
 </msg>
<msg timestamp="20201212 16:34:25.689" level="INFO">${data2} = &lt;Response [200]&gt;</msg>
<status status="PASS" starttime="20201212 16:34:25.584" endtime="20201212 16:34:25.689"></status>
</kw>
<kw name="To Json" library="RequestsLibrary">
<doc>Convert a string to a JSON object</doc>
<arguments>
<arg>${data2.content}</arg>
</arguments>
<assign>
<var>${result2}</var>
</assign>
<msg timestamp="20201212 16:34:25.690" level="INFO">To JSON using : content={"error_code":"0","error_text":"上报成功"} </msg>
<msg timestamp="20201212 16:34:25.690" level="INFO">To JSON using : pretty_print=False </msg>
<msg timestamp="20201212 16:34:25.690" level="INFO">${result2} = {'error_code': '0', 'error_text': '上报成功'}</msg>
<status status="PASS" starttime="20201212 16:34:25.689" endtime="20201212 16:34:25.690"></status>
</kw>
<kw name="Should Contain" library="BuiltIn">
<doc>Fails if ``container`` does not contain ``item`` one or more times.</doc>
<arguments>
<arg>${result2}[error_text]</arg>
<arg>上报成功</arg>
</arguments>
<status status="PASS" starttime="20201212 16:34:25.690" endtime="20201212 16:34:25.690"></status>
</kw>
<kw name="Sleep" library="BuiltIn">
<doc>Pauses the test executed for the given time.</doc>
<arguments>
<arg>3</arg>
</arguments>
<msg timestamp="20201212 16:34:28.702" level="INFO">Slept 3 seconds</msg>
<status status="PASS" starttime="20201212 16:34:25.690" endtime="20201212 16:34:28.702"></status>
</kw>
<kw name="Get Dispath Json" library="CustomLibrary">
<doc>返回调度系统车辆上报指令, 报文类型为dict
:param
key: hostcode, logitude, latitude
  cmd_time: %Y-%m-%d %H:%M:%S
:return: requestJson
 Examples get_dispath_json code.
| `get_dispath_json` | hostcode | business_request_code| # # return  dispathcodeJson|</doc>
<arguments>
<arg>${hostcode}</arg>
<arg>106</arg>
</arguments>
<assign>
<var>${dispathJson}</var>
</assign>
<msg timestamp="20201212 16:34:28.703" level="INFO">${dispathJson} = {'cmdinfo': {'cmd': '022006', 'cmd_time': '1607762068', 'device_id': 'robot2', 'extend': '{"serial_num": 3, "line_num": "XXX", "employee_num": "XXX", "business_request_code": "106"}'}}</msg>
<status status="PASS" starttime="20201212 16:34:28.703" endtime="20201212 16:34:28.703"></status>
</kw>
<kw name="Post Request" library="RequestsLibrary">
<doc>Send a POST request on the session object found using the
given `alias`</doc>
<arguments>
<arg>api</arg>
<arg>/webservice/rest/dispatch</arg>
<arg>data=${dispathJson}</arg>
</arguments>
<assign>
<var>${data3}</var>
</assign>
<msg timestamp="20201212 16:34:28.797" level="INFO">POST Request : url=http://10.200.9.183:8074/webservice/rest/dispatch 
 path_url=/webservice/rest/dispatch 
 headers={'User-Agent': 'python-requests/2.21.0', 'Accept-Encoding': 'gzip, deflate', 'Accept': '*/*', 'Connection': 'keep-alive', 'Content-Type': 'application/json;charset=UTF-8', 'Cookie': 'SHIRO-JSESSID=a1b69fbe-677f-4f42-9226-90d11e991912', 'Content-Length': '198'} 
 body={"cmdinfo": {"cmd": "022006", "cmd_time": "1607762068", "device_id": "robot2", "extend": "{\"serial_num\": 3, \"line_num\": \"XXX\", \"employee_num\": \"XXX\", \"business_request_code\": \"106\"}"}} 
 </msg>
<msg timestamp="20201212 16:34:28.797" level="INFO">POST Response : url=http://10.200.9.183:8074/webservice/rest/dispatch 
 status=200, reason=OK 
 body={"error_code":"0","error_text":"上报成功"} 
 </msg>
<msg timestamp="20201212 16:34:28.797" level="INFO">${data3} = &lt;Response [200]&gt;</msg>
<status status="PASS" starttime="20201212 16:34:28.703" endtime="20201212 16:34:28.798"></status>
</kw>
<kw name="To Json" library="RequestsLibrary">
<doc>Convert a string to a JSON object</doc>
<arguments>
<arg>${data3.content}</arg>
</arguments>
<assign>
<var>${result3}</var>
</assign>
<msg timestamp="20201212 16:34:28.798" level="INFO">To JSON using : content={"error_code":"0","error_text":"上报成功"} </msg>
<msg timestamp="20201212 16:34:28.798" level="INFO">To JSON using : pretty_print=False </msg>
<msg timestamp="20201212 16:34:28.800" level="INFO">${result3} = {'error_code': '0', 'error_text': '上报成功'}</msg>
<status status="PASS" starttime="20201212 16:34:28.798" endtime="20201212 16:34:28.800"></status>
</kw>
<kw name="Should Contain" library="BuiltIn">
<doc>Fails if ``container`` does not contain ``item`` one or more times.</doc>
<arguments>
<arg>${result3}[error_text]</arg>
<arg>上报成功</arg>
</arguments>
<status status="PASS" starttime="20201212 16:34:28.800" endtime="20201212 16:34:28.800"></status>
</kw>
<kw name="Sleep" library="BuiltIn">
<doc>Pauses the test executed for the given time.</doc>
<arguments>
<arg>3</arg>
</arguments>
<msg timestamp="20201212 16:34:31.812" level="INFO">Slept 3 seconds</msg>
<status status="PASS" starttime="20201212 16:34:28.800" endtime="20201212 16:34:31.812"></status>
</kw>
<status status="PASS" starttime="20201212 16:34:25.582" endtime="20201212 16:34:31.812"></status>
</kw>
<kw name="${hostcode} = robot3" type="foritem">
<kw name="Get Caronline Json" library="CustomLibrary">
<doc> 返回调度系统车辆上线的json报文,报文类型为dict
 :param key:hostcode
 :return: requestJson
 Examples base64 code.
| `get_caronline_json` | hostcode |  # return requestJson|</doc>
<arguments>
<arg>${hostcode}</arg>
</arguments>
<assign>
<var>${caronline}</var>
</assign>
<msg timestamp="20201212 16:34:31.813" level="INFO">${caronline} = {'caronline': {'device_type': '000', 'device_id': 'robot3', 'ip': '1000', 'port': '8090'}}</msg>
<status status="PASS" starttime="20201212 16:34:31.813" endtime="20201212 16:34:31.813"></status>
</kw>
<kw name="Get Dispath Json" library="CustomLibrary">
<doc>返回调度系统车辆上报指令, 报文类型为dict
:param
key: hostcode, logitude, latitude
  cmd_time: %Y-%m-%d %H:%M:%S
:return: requestJson
 Examples get_dispath_json code.
| `get_dispath_json` | hostcode | business_request_code| # # return  dispathcodeJson|</doc>
<arguments>
<arg>${hostcode}</arg>
<arg>6</arg>
</arguments>
<assign>
<var>${dispathJson}</var>
</assign>
<msg timestamp="20201212 16:34:31.814" level="INFO">${dispathJson} = {'cmdinfo': {'cmd': '022006', 'cmd_time': '1607762071', 'device_id': 'robot3', 'extend': '{"serial_num": 3, "line_num": "XXX", "employee_num": "XXX", "business_request_code": "6"}'}}</msg>
<status status="PASS" starttime="20201212 16:34:31.814" endtime="20201212 16:34:31.814"></status>
</kw>
<kw name="Post Request" library="RequestsLibrary">
<doc>Send a POST request on the session object found using the
given `alias`</doc>
<arguments>
<arg>api</arg>
<arg>/webservice/rest/dispatch</arg>
<arg>data=${dispathJson}</arg>
</arguments>
<assign>
<var>${data2}</var>
</assign>
<msg timestamp="20201212 16:34:32.048" level="INFO">POST Request : url=http://10.200.9.183:8074/webservice/rest/dispatch 
 path_url=/webservice/rest/dispatch 
 headers={'User-Agent': 'python-requests/2.21.0', 'Accept-Encoding': 'gzip, deflate', 'Accept': '*/*', 'Connection': 'keep-alive', 'Content-Type': 'application/json;charset=UTF-8', 'Cookie': 'SHIRO-JSESSID=a1b69fbe-677f-4f42-9226-90d11e991912', 'Content-Length': '196'} 
 body={"cmdinfo": {"cmd": "022006", "cmd_time": "1607762071", "device_id": "robot3", "extend": "{\"serial_num\": 3, \"line_num\": \"XXX\", \"employee_num\": \"XXX\", \"business_request_code\": \"6\"}"}} 
 </msg>
<msg timestamp="20201212 16:34:32.049" level="INFO">POST Response : url=http://10.200.9.183:8074/webservice/rest/dispatch 
 status=200, reason=OK 
 body={"error_code":"0","error_text":"上报成功"} 
 </msg>
<msg timestamp="20201212 16:34:32.049" level="INFO">${data2} = &lt;Response [200]&gt;</msg>
<status status="PASS" starttime="20201212 16:34:31.814" endtime="20201212 16:34:32.049"></status>
</kw>
<kw name="To Json" library="RequestsLibrary">
<doc>Convert a string to a JSON object</doc>
<arguments>
<arg>${data2.content}</arg>
</arguments>
<assign>
<var>${result2}</var>
</assign>
<msg timestamp="20201212 16:34:32.050" level="INFO">To JSON using : content={"error_code":"0","error_text":"上报成功"} </msg>
<msg timestamp="20201212 16:34:32.050" level="INFO">To JSON using : pretty_print=False </msg>
<msg timestamp="20201212 16:34:32.050" level="INFO">${result2} = {'error_code': '0', 'error_text': '上报成功'}</msg>
<status status="PASS" starttime="20201212 16:34:32.049" endtime="20201212 16:34:32.050"></status>
</kw>
<kw name="Should Contain" library="BuiltIn">
<doc>Fails if ``container`` does not contain ``item`` one or more times.</doc>
<arguments>
<arg>${result2}[error_text]</arg>
<arg>上报成功</arg>
</arguments>
<status status="PASS" starttime="20201212 16:34:32.050" endtime="20201212 16:34:32.051"></status>
</kw>
<kw name="Sleep" library="BuiltIn">
<doc>Pauses the test executed for the given time.</doc>
<arguments>
<arg>3</arg>
</arguments>
<msg timestamp="20201212 16:34:35.065" level="INFO">Slept 3 seconds</msg>
<status status="PASS" starttime="20201212 16:34:32.051" endtime="20201212 16:34:35.065"></status>
</kw>
<kw name="Get Dispath Json" library="CustomLibrary">
<doc>返回调度系统车辆上报指令, 报文类型为dict
:param
key: hostcode, logitude, latitude
  cmd_time: %Y-%m-%d %H:%M:%S
:return: requestJson
 Examples get_dispath_json code.
| `get_dispath_json` | hostcode | business_request_code| # # return  dispathcodeJson|</doc>
<arguments>
<arg>${hostcode}</arg>
<arg>106</arg>
</arguments>
<assign>
<var>${dispathJson}</var>
</assign>
<msg timestamp="20201212 16:34:35.066" level="INFO">${dispathJson} = {'cmdinfo': {'cmd': '022006', 'cmd_time': '1607762075', 'device_id': 'robot3', 'extend': '{"serial_num": 3, "line_num": "XXX", "employee_num": "XXX", "business_request_code": "106"}'}}</msg>
<status status="PASS" starttime="20201212 16:34:35.065" endtime="20201212 16:34:35.066"></status>
</kw>
<kw name="Post Request" library="RequestsLibrary">
<doc>Send a POST request on the session object found using the
given `alias`</doc>
<arguments>
<arg>api</arg>
<arg>/webservice/rest/dispatch</arg>
<arg>data=${dispathJson}</arg>
</arguments>
<assign>
<var>${data3}</var>
</assign>
<msg timestamp="20201212 16:34:35.212" level="INFO">POST Request : url=http://10.200.9.183:8074/webservice/rest/dispatch 
 path_url=/webservice/rest/dispatch 
 headers={'User-Agent': 'python-requests/2.21.0', 'Accept-Encoding': 'gzip, deflate', 'Accept': '*/*', 'Connection': 'keep-alive', 'Content-Type': 'application/json;charset=UTF-8', 'Cookie': 'SHIRO-JSESSID=a1b69fbe-677f-4f42-9226-90d11e991912', 'Content-Length': '198'} 
 body={"cmdinfo": {"cmd": "022006", "cmd_time": "1607762075", "device_id": "robot3", "extend": "{\"serial_num\": 3, \"line_num\": \"XXX\", \"employee_num\": \"XXX\", \"business_request_code\": \"106\"}"}} 
 </msg>
<msg timestamp="20201212 16:34:35.212" level="INFO">POST Response : url=http://10.200.9.183:8074/webservice/rest/dispatch 
 status=200, reason=OK 
 body={"error_code":"0","error_text":"上报成功"} 
 </msg>
<msg timestamp="20201212 16:34:35.212" level="INFO">${data3} = &lt;Response [200]&gt;</msg>
<status status="PASS" starttime="20201212 16:34:35.066" endtime="20201212 16:34:35.212"></status>
</kw>
<kw name="To Json" library="RequestsLibrary">
<doc>Convert a string to a JSON object</doc>
<arguments>
<arg>${data3.content}</arg>
</arguments>
<assign>
<var>${result3}</var>
</assign>
<msg timestamp="20201212 16:34:35.212" level="INFO">To JSON using : content={"error_code":"0","error_text":"上报成功"} </msg>
<msg timestamp="20201212 16:34:35.212" level="INFO">To JSON using : pretty_print=False </msg>
<msg timestamp="20201212 16:34:35.212" level="INFO">${result3} = {'error_code': '0', 'error_text': '上报成功'}</msg>
<status status="PASS" starttime="20201212 16:34:35.212" endtime="20201212 16:34:35.212"></status>
</kw>
<kw name="Should Contain" library="BuiltIn">
<doc>Fails if ``container`` does not contain ``item`` one or more times.</doc>
<arguments>
<arg>${result3}[error_text]</arg>
<arg>上报成功</arg>
</arguments>
<status status="PASS" starttime="20201212 16:34:35.212" endtime="20201212 16:34:35.212"></status>
</kw>
<kw name="Sleep" library="BuiltIn">
<doc>Pauses the test executed for the given time.</doc>
<arguments>
<arg>3</arg>
</arguments>
<msg timestamp="20201212 16:34:38.226" level="INFO">Slept 3 seconds</msg>
<status status="PASS" starttime="20201212 16:34:35.212" endtime="20201212 16:34:38.226"></status>
</kw>
<status status="PASS" starttime="20201212 16:34:31.812" endtime="20201212 16:34:38.226"></status>
</kw>
<status status="PASS" starttime="20201212 16:34:19.114" endtime="20201212 16:34:38.226"></status>
</kw>
<status status="PASS" starttime="20201212 16:34:19.114" endtime="20201212 16:34:38.226"></status>
</kw>
<status status="PASS" starttime="20201212 16:33:46.063" endtime="20201212 16:34:38.227"></status>
</kw>
<doc>用例结束后，浏览器回到简图调度主frame
测试步骤
1.总站已有真实的主机车辆获取排班时间，第一、二、三辆车在简图上方，手动进站
2.观察真实的主机车辆获取的排班时间且是否符合发车间隔的间隔时间

期望结果：能正确获取排班时间且获取的排班时间不一样</doc>
<status status="PASS" starttime="20201212 16:33:05.302" endtime="20201212 16:34:38.227" critical="yes"></status>
</test>
<test id="s1-s1-t2" name="2、对调车位和车辆插队">
<kw name="切换简图domain_frame" library="简图调度">
<kw name="Wait Until Element Is Enabled" library="Selenium2Library">
<doc>Waits until the element ``locator`` is enabled.</doc>
<arguments>
<arg>${iframe_tab}</arg>
</arguments>
<status status="PASS" starttime="20201212 16:34:38.231" endtime="20201212 16:34:38.253"></status>
</kw>
<kw name="Select Frame" library="Selenium2Library">
<doc>Sets frame identified by ``locator`` as the current frame.</doc>
<arguments>
<arg>${iframe_tab}</arg>
</arguments>
<msg timestamp="20201212 16:34:38.253" level="INFO">Selecting frame 'id=iframe_tab_BsBusdiagarm-Maplist-417768025'.</msg>
<status status="PASS" starttime="20201212 16:34:38.253" endtime="20201212 16:34:38.270"></status>
</kw>
<kw name="Sleep" library="BuiltIn">
<doc>Pauses the test executed for the given time.</doc>
<arguments>
<arg>2</arg>
</arguments>
<msg timestamp="20201212 16:34:40.285" level="INFO">Slept 2 seconds</msg>
<status status="PASS" starttime="20201212 16:34:38.270" endtime="20201212 16:34:40.285"></status>
</kw>
<status status="PASS" starttime="20201212 16:34:38.231" endtime="20201212 16:34:40.285"></status>
</kw>
<kw name="Create List" library="BuiltIn">
<doc>Returns a list containing given items.</doc>
<arguments>
<arg>${bus_3}[bustid]</arg>
<arg>${bus_4}[bustid]</arg>
</arguments>
<assign>
<var>@{bustidLst}</var>
</assign>
<msg timestamp="20201212 16:34:40.286" level="INFO">@{bustidLst} = [ 201128093440756 | 201128111921140 ]</msg>
<status status="PASS" starttime="20201212 16:34:40.285" endtime="20201212 16:34:40.286"></status>
</kw>
<kw name="车辆手动进站" library="简图调度">
<arguments>
<arg>${bus_4}[bustid]</arg>
</arguments>
<kw name="获取简图车辆更多菜单" library="简图调度">
<arguments>
<arg>@{varLst}[0]</arg>
<arg>&amp;{dropdown_menuDict}[goToSite]</arg>
</arguments>
<kw name="Catenate" library="BuiltIn">
<doc>Catenates the given items together and returns the resulted string.</doc>
<arguments>
<arg>SEPARATOR=</arg>
<arg>css=div[id='</arg>
<arg>${bustid}</arg>
<arg>']&gt;div[class='bus-body']</arg>
</arguments>
<assign>
<var>${bustidXPATH}</var>
</assign>
<msg timestamp="20201212 16:34:40.287" level="INFO">${bustidXPATH} = css=div[id='201128111921140']&gt;div[class='bus-body']</msg>
<status status="PASS" starttime="20201212 16:34:40.286" endtime="20201212 16:34:40.287"></status>
</kw>
<kw name="Wait Until Element Is Enabled" library="Selenium2Library">
<doc>Waits until the element ``locator`` is enabled.</doc>
<arguments>
<arg>${iframe_line}</arg>
</arguments>
<status status="PASS" starttime="20201212 16:34:40.287" endtime="20201212 16:34:40.305"></status>
</kw>
<kw name="Select Frame" library="Selenium2Library">
<doc>Sets frame identified by ``locator`` as the current frame.</doc>
<arguments>
<arg>${iframe_line}</arg>
</arguments>
<msg timestamp="20201212 16:34:40.305" level="INFO">Selecting frame 'css=#line_417768025'.</msg>
<status status="PASS" starttime="20201212 16:34:40.305" endtime="20201212 16:34:40.320"></status>
</kw>
<kw name="Sleep" library="BuiltIn">
<doc>Pauses the test executed for the given time.</doc>
<arguments>
<arg>1</arg>
</arguments>
<msg timestamp="20201212 16:34:41.325" level="INFO">Slept 1 second</msg>
<status status="PASS" starttime="20201212 16:34:40.320" endtime="20201212 16:34:41.325"></status>
</kw>
<kw name="Right Click Element" library="Selenium2Library">
<arguments>
<arg>${bustidXPATH}</arg>
</arguments>
<status status="PASS" starttime="20201212 16:34:41.325" endtime="20201212 16:34:41.644"></status>
</kw>
<kw name="Sleep" library="BuiltIn">
<doc>Pauses the test executed for the given time.</doc>
<arguments>
<arg>2</arg>
</arguments>
<msg timestamp="20201212 16:34:43.654" level="INFO">Slept 2 seconds</msg>
<status status="PASS" starttime="20201212 16:34:41.644" endtime="20201212 16:34:43.654"></status>
</kw>
<kw name="Unselect Frame" library="Selenium2Library">
<doc>Sets the main frame as the current frame.</doc>
<status status="PASS" starttime="20201212 16:34:43.654" endtime="20201212 16:34:43.656"></status>
</kw>
<kw name="Select Frame" library="Selenium2Library">
<doc>Sets frame identified by ``locator`` as the current frame.</doc>
<arguments>
<arg>${iframe_tab}</arg>
</arguments>
<msg timestamp="20201212 16:34:43.657" level="INFO">Selecting frame 'id=iframe_tab_BsBusdiagarm-Maplist-417768025'.</msg>
<status status="PASS" starttime="20201212 16:34:43.656" endtime="20201212 16:34:43.670"></status>
</kw>
<kw name="Sleep" library="BuiltIn">
<doc>Pauses the test executed for the given time.</doc>
<arguments>
<arg>1</arg>
</arguments>
<msg timestamp="20201212 16:34:44.684" level="INFO">Slept 1 second</msg>
<status status="PASS" starttime="20201212 16:34:43.670" endtime="20201212 16:34:44.684"></status>
</kw>
<kw name="Click Element" library="Selenium2Library">
<doc>Click the element identified by ``locator``.</doc>
<arguments>
<arg>${dropDownPath}</arg>
</arguments>
<msg timestamp="20201212 16:34:44.685" level="INFO">Clicking element ' xpath=//a[contains(text(),"进站") and @tabindex='-1']'.</msg>
<status status="PASS" starttime="20201212 16:34:44.684" endtime="20201212 16:34:44.750"></status>
</kw>
<kw name="Sleep" library="BuiltIn">
<doc>Pauses the test executed for the given time.</doc>
<arguments>
<arg>1</arg>
</arguments>
<msg timestamp="20201212 16:34:45.762" level="INFO">Slept 1 second</msg>
<status status="PASS" starttime="20201212 16:34:44.751" endtime="20201212 16:34:45.762"></status>
</kw>
<status status="PASS" starttime="20201212 16:34:40.286" endtime="20201212 16:34:45.762"></status>
</kw>
<kw name="Set Variable" library="BuiltIn">
<doc>Returns the given values which can then be assigned to a variables.</doc>
<arguments>
<arg>@{varLst}[1]</arg>
</arguments>
<assign>
<var>${flag}</var>
</assign>
<msg timestamp="20201212 16:34:45.763" level="FAIL">List '@{varLst}' has no item in index 1.</msg>
<status status="FAIL" starttime="20201212 16:34:45.763" endtime="20201212 16:34:45.763"></status>
</kw>
<status status="FAIL" starttime="20201212 16:34:40.286" endtime="20201212 16:34:45.763"></status>
</kw>
<doc>调试车辆插队和车辆对调功能

1、两台车辆车依次进总站获取排班时间，
2、在简图下方的待执行路单右击-车辆对调/插队
3、确认执行车辆对调和车辆插队前后时间对比

期望结果：车辆对调和插队后，排班时间正确交换</doc>
<status status="FAIL" starttime="20201212 16:34:38.228" endtime="20201212 16:34:45.763" critical="yes">List '@{varLst}' has no item in index 1.</status>
</test>
<test id="s1-s1-t3" name="3、申请非运营指令同意后排班在简图和字轨表和待执行记录是否会取消">
<kw name="Create List" library="BuiltIn">
<doc>Returns a list containing given items.</doc>
<arguments>
<arg>${bus_1}[bustid]</arg>
<arg>${bus_2}[bustid]</arg>
<arg>${bus_3}[bustid]</arg>
</arguments>
<assign>
<var>@{bustidLst}</var>
</assign>
<msg timestamp="20201212 16:34:45.770" level="INFO">@{bustidLst} = [ 201126142457482 | 201128093425842 | 201128093440756 ]</msg>
<status status="PASS" starttime="20201212 16:34:45.770" endtime="20201212 16:34:45.770"></status>
</kw>
<kw name="切换简图domain_frame" library="简图调度">
<kw name="Wait Until Element Is Enabled" library="Selenium2Library">
<doc>Waits until the element ``locator`` is enabled.</doc>
<arguments>
<arg>${iframe_tab}</arg>
</arguments>
<kw name="Capture Page Screenshot" library="Selenium2Library">
<doc>Takes a screenshot of the current page and embeds it into a log file.</doc>
<msg timestamp="20201212 16:34:51.121" level="INFO" html="yes">&lt;/td&gt;&lt;/tr&gt;&lt;tr&gt;&lt;td colspan="3"&gt;&lt;a href="selenium-screenshot-1.png"&gt;&lt;img src="selenium-screenshot-1.png" width="800px"&gt;&lt;/a&gt;</msg>
<status status="PASS" starttime="20201212 16:34:50.778" endtime="20201212 16:34:51.121"></status>
</kw>
<msg timestamp="20201212 16:34:51.122" level="FAIL">Element with locator 'id=iframe_tab_BsBusdiagarm-Maplist-417768025' not found.</msg>
<status status="FAIL" starttime="20201212 16:34:45.771" endtime="20201212 16:34:51.122"></status>
</kw>
<status status="FAIL" starttime="20201212 16:34:45.770" endtime="20201212 16:34:51.123"></status>
</kw>
<doc>申请非运营指令同意后排班在简图和字轨表和待执行记录是否会取消

1、主机申请非运营指令
2、确认字轨表和待执行记录是否会取消（验证字轨表和待执行记录的数量是否会减少）

期望结果：
路单数量会减少。
${BusoperatrecordCount} &gt;${BusoperatrecordCount_new}
${plantimeCount}&gt;${plantimeCount_new} $获取简图调度字轨表中的时间</doc>
<status status="FAIL" starttime="20201212 16:34:45.767" endtime="20201212 16:34:51.123" critical="yes">Element with locator 'id=iframe_tab_BsBusdiagarm-Maplist-417768025' not found.</status>
</test>
<test id="s1-s1-t4" name="4、计划调整正确更改排班时间">
<kw name="车辆手动进站" library="简图调度">
<arguments>
<arg>${bus_4}[bustid]</arg>
</arguments>
<kw name="获取简图车辆更多菜单" library="简图调度">
<arguments>
<arg>@{varLst}[0]</arg>
<arg>&amp;{dropdown_menuDict}[goToSite]</arg>
</arguments>
<kw name="Catenate" library="BuiltIn">
<doc>Catenates the given items together and returns the resulted string.</doc>
<arguments>
<arg>SEPARATOR=</arg>
<arg>css=div[id='</arg>
<arg>${bustid}</arg>
<arg>']&gt;div[class='bus-body']</arg>
</arguments>
<assign>
<var>${bustidXPATH}</var>
</assign>
<msg timestamp="20201212 16:34:51.128" level="INFO">${bustidXPATH} = css=div[id='201128111921140']&gt;div[class='bus-body']</msg>
<status status="PASS" starttime="20201212 16:34:51.128" endtime="20201212 16:34:51.128"></status>
</kw>
<kw name="Wait Until Element Is Enabled" library="Selenium2Library">
<doc>Waits until the element ``locator`` is enabled.</doc>
<arguments>
<arg>${iframe_line}</arg>
</arguments>
<status status="PASS" starttime="20201212 16:34:51.128" endtime="20201212 16:34:51.144"></status>
</kw>
<kw name="Select Frame" library="Selenium2Library">
<doc>Sets frame identified by ``locator`` as the current frame.</doc>
<arguments>
<arg>${iframe_line}</arg>
</arguments>
<msg timestamp="20201212 16:34:51.144" level="INFO">Selecting frame 'css=#line_417768025'.</msg>
<status status="PASS" starttime="20201212 16:34:51.144" endtime="20201212 16:34:51.160"></status>
</kw>
<kw name="Sleep" library="BuiltIn">
<doc>Pauses the test executed for the given time.</doc>
<arguments>
<arg>1</arg>
</arguments>
<msg timestamp="20201212 16:34:52.161" level="INFO">Slept 1 second</msg>
<status status="PASS" starttime="20201212 16:34:51.160" endtime="20201212 16:34:52.161"></status>
</kw>
<kw name="Right Click Element" library="Selenium2Library">
<arguments>
<arg>${bustidXPATH}</arg>
</arguments>
<status status="PASS" starttime="20201212 16:34:52.161" endtime="20201212 16:34:52.466"></status>
</kw>
<kw name="Sleep" library="BuiltIn">
<doc>Pauses the test executed for the given time.</doc>
<arguments>
<arg>2</arg>
</arguments>
<msg timestamp="20201212 16:34:54.475" level="INFO">Slept 2 seconds</msg>
<status status="PASS" starttime="20201212 16:34:52.466" endtime="20201212 16:34:54.475"></status>
</kw>
<kw name="Unselect Frame" library="Selenium2Library">
<doc>Sets the main frame as the current frame.</doc>
<status status="PASS" starttime="20201212 16:34:54.475" endtime="20201212 16:34:54.478"></status>
</kw>
<kw name="Select Frame" library="Selenium2Library">
<doc>Sets frame identified by ``locator`` as the current frame.</doc>
<arguments>
<arg>${iframe_tab}</arg>
</arguments>
<msg timestamp="20201212 16:34:54.478" level="INFO">Selecting frame 'id=iframe_tab_BsBusdiagarm-Maplist-417768025'.</msg>
<status status="PASS" starttime="20201212 16:34:54.478" endtime="20201212 16:34:54.493"></status>
</kw>
<kw name="Sleep" library="BuiltIn">
<doc>Pauses the test executed for the given time.</doc>
<arguments>
<arg>1</arg>
</arguments>
<msg timestamp="20201212 16:34:55.500" level="INFO">Slept 1 second</msg>
<status status="PASS" starttime="20201212 16:34:54.493" endtime="20201212 16:34:55.500"></status>
</kw>
<kw name="Click Element" library="Selenium2Library">
<doc>Click the element identified by ``locator``.</doc>
<arguments>
<arg>${dropDownPath}</arg>
</arguments>
<msg timestamp="20201212 16:34:55.501" level="INFO">Clicking element ' xpath=//a[contains(text(),"进站") and @tabindex='-1']'.</msg>
<kw name="Capture Page Screenshot" library="Selenium2Library">
<doc>Takes a screenshot of the current page and embeds it into a log file.</doc>
<msg timestamp="20201212 16:34:55.840" level="INFO" html="yes">&lt;/td&gt;&lt;/tr&gt;&lt;tr&gt;&lt;td colspan="3"&gt;&lt;a href="selenium-screenshot-2.png"&gt;&lt;img src="selenium-screenshot-2.png" width="800px"&gt;&lt;/a&gt;</msg>
<status status="PASS" starttime="20201212 16:34:55.521" endtime="20201212 16:34:55.841"></status>
</kw>
<msg timestamp="20201212 16:34:55.843" level="FAIL">ElementNotInteractableException: Message: element not interactable
  (Session info: chrome=85.0.4183.83)
</msg>
<status status="FAIL" starttime="20201212 16:34:55.500" endtime="20201212 16:34:55.843"></status>
</kw>
<status status="FAIL" starttime="20201212 16:34:51.128" endtime="20201212 16:34:55.843"></status>
</kw>
<status status="FAIL" starttime="20201212 16:34:51.127" endtime="20201212 16:34:55.844"></status>
</kw>
<doc>1.robot4车进站获取到排班时间
2.进入简图调度-右击-计划调整 -&gt;robot4
3.车次设置为3，发车间隔为6
4. 后面的三台车分批次进入
5.确认三台车是否成功获取排班，且排班间隔为间隔6

期望结果：正确获取排班且排班间隔为6. 即${diff}[0]=[6.0,6.0]</doc>
<status status="FAIL" starttime="20201212 16:34:51.123" endtime="20201212 16:34:55.844" critical="yes">ElementNotInteractableException: Message: element not interactable
  (Session info: chrome=85.0.4183.83)
</status>
</test>
<test id="s1-s1-t5" name="5、司机刷卡获取排班时间通知">
<kw name="Get DispatchEmployee Json" library="CustomLibrary">
<doc>返回调度系统司机打卡 报文类型为dict
:param
key: hostcode, employee_num
cmd_time: %Y-%m-%d %H:%M:%S
:return: requestJson
 Examples get_dispatchEmployee_json code.
| `get_dispatchEmployee_json` | hostcode | employee_num| # # return  requestJson|</doc>
<arguments>
<arg>${bus_1}[hostcode]</arg>
<arg>212121213</arg>
</arguments>
<assign>
<var>${EmployeJson}</var>
</assign>
<msg timestamp="20201212 16:34:55.846" level="INFO">{'cmdinfo': {'cmd': '022001', 'cmd_time': '1607762095', 'device_id': 'robot1', 'extend': '{"line_num": "XXX", "employee_num": "212121213", "check_type": 1, "check_way": 1, "check_time": "2020-12-12 16:34:55"}'}}</msg>
<msg timestamp="20201212 16:34:55.846" level="INFO">${EmployeJson} = {'cmdinfo': {'cmd': '022001', 'cmd_time': '1607762095', 'device_id': 'robot1', 'extend': '{"line_num": "XXX", "employee_num": "212121213", "check_type": 1, "check_way": 1, "check_time": "2020-12-12 16...</msg>
<status status="PASS" starttime="20201212 16:34:55.845" endtime="20201212 16:34:55.846"></status>
</kw>
<kw name="Post Request" library="RequestsLibrary">
<doc>Send a POST request on the session object found using the
given `alias`</doc>
<arguments>
<arg>api</arg>
<arg>/webservice/rest/dispatch</arg>
<arg>data=${EmployeJson}</arg>
</arguments>
<assign>
<var>${data}</var>
</assign>
<msg timestamp="20201212 16:34:56.330" level="INFO">POST Request : url=http://10.200.9.183:8074/webservice/rest/dispatch 
 path_url=/webservice/rest/dispatch 
 headers={'User-Agent': 'python-requests/2.21.0', 'Accept-Encoding': 'gzip, deflate', 'Accept': '*/*', 'Connection': 'keep-alive', 'Content-Type': 'application/json;charset=UTF-8', 'Cookie': 'SHIRO-JSESSID=a1b69fbe-677f-4f42-9226-90d11e991912', 'Content-Length': '227'} 
 body={"cmdinfo": {"cmd": "022001", "cmd_time": "1607762095", "device_id": "robot1", "extend": "{\"line_num\": \"XXX\", \"employee_num\": \"212121213\", \"check_type\": 1, \"check_way\": 1, \"check_time\": \"2020-12-12 16:34:55\"}"}} 
 </msg>
<msg timestamp="20201212 16:34:56.331" level="INFO">POST Response : url=http://10.200.9.183:8074/webservice/rest/dispatch 
 status=200, reason=OK 
 body={"error_code":"0","error_text":"上报成功"} 
 </msg>
<msg timestamp="20201212 16:34:56.331" level="INFO">${data} = &lt;Response [200]&gt;</msg>
<status status="PASS" starttime="20201212 16:34:55.846" endtime="20201212 16:34:56.331"></status>
</kw>
<kw name="To Json" library="RequestsLibrary">
<doc>Convert a string to a JSON object</doc>
<arguments>
<arg>${data.content}</arg>
</arguments>
<assign>
<var>${result}</var>
</assign>
<msg timestamp="20201212 16:34:56.332" level="INFO">To JSON using : content={"error_code":"0","error_text":"上报成功"} </msg>
<msg timestamp="20201212 16:34:56.333" level="INFO">To JSON using : pretty_print=False </msg>
<msg timestamp="20201212 16:34:56.333" level="INFO">${result} = {'error_code': '0', 'error_text': '上报成功'}</msg>
<status status="PASS" starttime="20201212 16:34:56.331" endtime="20201212 16:34:56.333"></status>
</kw>
<kw name="Should Contain" library="BuiltIn">
<doc>Fails if ``container`` does not contain ``item`` one or more times.</doc>
<arguments>
<arg>${result}[error_text]</arg>
<arg>上报成功</arg>
</arguments>
<status status="PASS" starttime="20201212 16:34:56.333" endtime="20201212 16:34:56.334"></status>
</kw>
<kw name="打开通知报表" library="通知报表">
<kw name="Select Window" library="Selenium2Library">
<doc>DEPRECATED in Selenium2Library 4.0. , use `Switch Window` instead.</doc>
<arguments>
<arg>${window}</arg>
</arguments>
<status status="PASS" starttime="20201212 16:34:56.334" endtime="20201212 16:34:56.345"></status>
</kw>
<kw name="Click Element" library="Selenium2Library">
<doc>Click the element identified by ``locator``.</doc>
<arguments>
<arg>xpath=//a[@href='#menuMark486']</arg>
</arguments>
<msg timestamp="20201212 16:34:56.345" level="INFO">Clicking element 'xpath=//a[@href='#menuMark486']'.</msg>
<status status="PASS" starttime="20201212 16:34:56.345" endtime="20201212 16:34:56.409"></status>
</kw>
<kw name="Sleep" library="BuiltIn">
<doc>Pauses the test executed for the given time.</doc>
<arguments>
<arg>1</arg>
</arguments>
<msg timestamp="20201212 16:34:57.410" level="INFO">Slept 1 second</msg>
<status status="PASS" starttime="20201212 16:34:56.409" endtime="20201212 16:34:57.410"></status>
</kw>
<kw name="Click Element" library="Selenium2Library">
<doc>Click the element identified by ``locator``.</doc>
<arguments>
<arg>xpath=//a[contains(text(),"通知报表")]</arg>
</arguments>
<msg timestamp="20201212 16:34:57.411" level="INFO">Clicking element 'xpath=//a[contains(text(),"通知报表")]'.</msg>
<status status="PASS" starttime="20201212 16:34:57.410" endtime="20201212 16:34:57.459"></status>
</kw>
<kw name="Sleep" library="BuiltIn">
<doc>Pauses the test executed for the given time.</doc>
<arguments>
<arg>1</arg>
</arguments>
<msg timestamp="20201212 16:34:58.473" level="INFO">Slept 1 second</msg>
<status status="PASS" starttime="20201212 16:34:57.459" endtime="20201212 16:34:58.473"></status>
</kw>
<status status="PASS" starttime="20201212 16:34:56.334" endtime="20201212 16:34:58.473"></status>
</kw>
<kw name="Click Element" library="Selenium2Library">
<doc>Click the element identified by ``locator``.</doc>
<arguments>
<arg>xpath=//div[@data-role='notice_type']/button[@data-toggle='dropdown']</arg>
</arguments>
<msg timestamp="20201212 16:34:58.473" level="INFO">Clicking element 'xpath=//div[@data-role='notice_type']/button[@data-toggle='dropdown']'.</msg>
<status status="PASS" starttime="20201212 16:34:58.473" endtime="20201212 16:34:58.515"></status>
</kw>
<kw name="Sleep" library="BuiltIn">
<doc>Pauses the test executed for the given time.</doc>
<arguments>
<arg>1</arg>
</arguments>
<msg timestamp="20201212 16:34:59.526" level="INFO">Slept 1 second</msg>
<status status="PASS" starttime="20201212 16:34:58.515" endtime="20201212 16:34:59.526"></status>
</kw>
<kw name="Click Element" library="Selenium2Library">
<doc>Click the element identified by ``locator``.</doc>
<arguments>
<arg>xpath=//a[contains(text(),"通知公告")]</arg>
</arguments>
<msg timestamp="20201212 16:34:59.526" level="INFO">Clicking element 'xpath=//a[contains(text(),"通知公告")]'.</msg>
<status status="PASS" starttime="20201212 16:34:59.526" endtime="20201212 16:34:59.569"></status>
</kw>
<kw name="Sleep" library="BuiltIn">
<doc>Pauses the test executed for the given time.</doc>
<arguments>
<arg>5</arg>
</arguments>
<msg timestamp="20201212 16:35:04.574" level="INFO">Slept 5 seconds</msg>
<status status="PASS" starttime="20201212 16:34:59.569" endtime="20201212 16:35:04.574"></status>
</kw>
<kw name="Click Element" library="Selenium2Library">
<doc>Click the element identified by ``locator``.</doc>
<arguments>
<arg>xpath=//span[contains(text(),"37路100")]</arg>
</arguments>
<msg timestamp="20201212 16:35:04.574" level="INFO">Clicking element 'xpath=//span[contains(text(),"37路100")]'.</msg>
<kw name="Capture Page Screenshot" library="Selenium2Library">
<doc>Takes a screenshot of the current page and embeds it into a log file.</doc>
<msg timestamp="20201212 16:35:04.932" level="INFO" html="yes">&lt;/td&gt;&lt;/tr&gt;&lt;tr&gt;&lt;td colspan="3"&gt;&lt;a href="selenium-screenshot-3.png"&gt;&lt;img src="selenium-screenshot-3.png" width="800px"&gt;&lt;/a&gt;</msg>
<status status="PASS" starttime="20201212 16:35:04.585" endtime="20201212 16:35:04.932"></status>
</kw>
<msg timestamp="20201212 16:35:04.933" level="FAIL">Element with locator 'xpath=//span[contains(text(),"37路100")]' not found.</msg>
<status status="FAIL" starttime="20201212 16:35:04.574" endtime="20201212 16:35:04.933"></status>
</kw>
<doc>司机刷卡获取排班通知

测试步骤：
1、主机上线
2、车辆刷卡
3、用户进入系统”通知报表“
4、选择37路100，检索 条件为”通知公告“
5、查询最新的通知信息

期望结果：
最新的通短信内容包含”已完成“字样或”系统暂无此卡信息“</doc>
<status status="FAIL" starttime="20201212 16:34:55.844" endtime="20201212 16:35:04.933" critical="yes">Element with locator 'xpath=//span[contains(text(),"37路100")]' not found.</status>
</test>
<test id="s1-s1-t6" name="6、获取的排班时间能否下发到主机">
<kw name="打开通知报表" library="通知报表">
<kw name="Select Window" library="Selenium2Library">
<doc>DEPRECATED in Selenium2Library 4.0. , use `Switch Window` instead.</doc>
<arguments>
<arg>${window}</arg>
</arguments>
<status status="PASS" starttime="20201212 16:35:04.936" endtime="20201212 16:35:04.942"></status>
</kw>
<kw name="Click Element" library="Selenium2Library">
<doc>Click the element identified by ``locator``.</doc>
<arguments>
<arg>xpath=//a[@href='#menuMark486']</arg>
</arguments>
<msg timestamp="20201212 16:35:04.942" level="INFO">Clicking element 'xpath=//a[@href='#menuMark486']'.</msg>
<status status="PASS" starttime="20201212 16:35:04.942" endtime="20201212 16:35:04.984"></status>
</kw>
<kw name="Sleep" library="BuiltIn">
<doc>Pauses the test executed for the given time.</doc>
<arguments>
<arg>1</arg>
</arguments>
<msg timestamp="20201212 16:35:05.994" level="INFO">Slept 1 second</msg>
<status status="PASS" starttime="20201212 16:35:04.984" endtime="20201212 16:35:05.994"></status>
</kw>
<kw name="Click Element" library="Selenium2Library">
<doc>Click the element identified by ``locator``.</doc>
<arguments>
<arg>xpath=//a[contains(text(),"通知报表")]</arg>
</arguments>
<msg timestamp="20201212 16:35:05.995" level="INFO">Clicking element 'xpath=//a[contains(text(),"通知报表")]'.</msg>
<status status="PASS" starttime="20201212 16:35:05.994" endtime="20201212 16:35:06.087"></status>
</kw>
<kw name="Sleep" library="BuiltIn">
<doc>Pauses the test executed for the given time.</doc>
<arguments>
<arg>1</arg>
</arguments>
<msg timestamp="20201212 16:35:07.088" level="INFO">Slept 1 second</msg>
<status status="PASS" starttime="20201212 16:35:06.087" endtime="20201212 16:35:07.088"></status>
</kw>
<status status="PASS" starttime="20201212 16:35:04.936" endtime="20201212 16:35:07.088"></status>
</kw>
<kw name="Click Element" library="Selenium2Library">
<doc>Click the element identified by ``locator``.</doc>
<arguments>
<arg>xpath=//div[@data-role='notice_type']/button[@data-toggle='dropdown']</arg>
</arguments>
<msg timestamp="20201212 16:35:07.088" level="INFO">Clicking element 'xpath=//div[@data-role='notice_type']/button[@data-toggle='dropdown']'.</msg>
<status status="PASS" starttime="20201212 16:35:07.088" endtime="20201212 16:35:07.125"></status>
</kw>
<kw name="Sleep" library="BuiltIn">
<doc>Pauses the test executed for the given time.</doc>
<arguments>
<arg>1</arg>
</arguments>
<msg timestamp="20201212 16:35:08.130" level="INFO">Slept 1 second</msg>
<status status="PASS" starttime="20201212 16:35:07.126" endtime="20201212 16:35:08.130"></status>
</kw>
<kw name="Click Element" library="Selenium2Library">
<doc>Click the element identified by ``locator``.</doc>
<arguments>
<arg>xpath=//a[contains(text(),"单发排班")]</arg>
</arguments>
<msg timestamp="20201212 16:35:08.131" level="INFO">Clicking element 'xpath=//a[contains(text(),"单发排班")]'.</msg>
<status status="PASS" starttime="20201212 16:35:08.130" endtime="20201212 16:35:08.189"></status>
</kw>
<kw name="Sleep" library="BuiltIn">
<doc>Pauses the test executed for the given time.</doc>
<arguments>
<arg>6</arg>
</arguments>
<msg timestamp="20201212 16:35:14.190" level="INFO">Slept 6 seconds</msg>
<status status="PASS" starttime="20201212 16:35:08.189" endtime="20201212 16:35:14.190"></status>
</kw>
<kw name="Click Element" library="Selenium2Library">
<doc>Click the element identified by ``locator``.</doc>
<arguments>
<arg>xpath=//span[contains(text(),"37路100")]</arg>
</arguments>
<msg timestamp="20201212 16:35:14.191" level="INFO">Clicking element 'xpath=//span[contains(text(),"37路100")]'.</msg>
<kw name="Capture Page Screenshot" library="Selenium2Library">
<doc>Takes a screenshot of the current page and embeds it into a log file.</doc>
<msg timestamp="20201212 16:35:14.532" level="INFO" html="yes">&lt;/td&gt;&lt;/tr&gt;&lt;tr&gt;&lt;td colspan="3"&gt;&lt;a href="selenium-screenshot-4.png"&gt;&lt;img src="selenium-screenshot-4.png" width="800px"&gt;&lt;/a&gt;</msg>
<status status="PASS" starttime="20201212 16:35:14.203" endtime="20201212 16:35:14.532"></status>
</kw>
<msg timestamp="20201212 16:35:14.533" level="FAIL">Element with locator 'xpath=//span[contains(text(),"37路100")]' not found.</msg>
<status status="FAIL" starttime="20201212 16:35:14.191" endtime="20201212 16:35:14.533"></status>
</kw>
<doc>1、车辆上传GPS进总站，获取到排班时间
2、进入通知报表，查看是否有下发排班通知

期望结果：通知报表生成排班通知</doc>
<status status="FAIL" starttime="20201212 16:35:04.934" endtime="20201212 16:35:14.533" critical="yes">Element with locator 'xpath=//span[contains(text(),"37路100")]' not found.</status>
</test>
<status status="FAIL" starttime="20201212 16:33:05.282" endtime="20201212 16:35:14.534"></status>
</suite>
<status status="FAIL" starttime="20201212 16:33:05.016" endtime="20201212 16:35:14.536"></status>
</suite>
<statistics>
<total>
<stat pass="1" fail="5">Critical Tests</stat>
<stat pass="1" fail="5">All Tests</stat>
</total>
<tag>
</tag>
<suite>
<stat pass="1" fail="5" id="s1" name="dispatchRobot">dispatchRobot</stat>
<stat pass="1" fail="5" id="s1-s1" name="主流程">dispatchRobot.主流程</stat>
</suite>
</statistics>
<errors>
</errors>
</robot>
