<?xml version="1.0" encoding="UTF-8"?>
<robot generator="Robot 3.1.2 (Python 3.7.3 on win32)" generated="20201225 10:14:51.338" rpa="false">
<suite id="s1" name="dispatchRobot" source="D:\Study\robotframework\testProject\dispatchRobot">
<suite id="s1-s1" name="Testcase bsBusdiagram" source="D:\Study\robotframework\testProject\dispatchRobot\Testcase_bsBusdiagram.robot">
<test id="s1-s1-t1" name="dropMenu_map">
<kw name="Wait Until Keyword Succeeds" library="BuiltIn" type="setup">
<doc>Runs the specified keyword and retries if it fails.</doc>
<arguments>
<arg>3x</arg>
<arg>5s</arg>
<arg>loginHEC</arg>
</arguments>
<kw name="LoginHEC" library="Resource">
<kw name="Catenate" library="BuiltIn">
<doc>Catenates the given items together and returns the resulted string.</doc>
<arguments>
<arg>SEPARATOR=</arg>
<arg>${ip}</arg>
<arg>/login.koala</arg>
</arguments>
<assign>
<var>${login_ip}</var>
</assign>
<msg timestamp="20201225 10:14:51.644" level="INFO">${login_ip} = http://10.200.9.183:8074/login.koala</msg>
<status status="PASS" starttime="20201225 10:14:51.644" endtime="20201225 10:14:51.644"></status>
</kw>
<kw name="Evaluate" library="BuiltIn">
<doc>Evaluates the given expression in Python and returns the results.</doc>
<arguments>
<arg>sys.modules['selenium.webdriver'].ChromeOptions()</arg>
<arg>sys, selenium.webdriver</arg>
</arguments>
<assign>
<var>${chrome_options}</var>
</assign>
<msg timestamp="20201225 10:14:51.644" level="INFO">${chrome_options} = &lt;selenium.webdriver.chrome.options.Options object at 0x0000026F5863B4E0&gt;</msg>
<status status="PASS" starttime="20201225 10:14:51.644" endtime="20201225 10:14:51.644"></status>
</kw>
<kw name="Call Method" library="BuiltIn">
<doc>Calls the named method of the given object with the provided arguments.</doc>
<arguments>
<arg>${chrome_options}</arg>
<arg>add_argument</arg>
<arg>headless</arg>
</arguments>
<status status="PASS" starttime="20201225 10:14:51.644" endtime="20201225 10:14:51.644"></status>
</kw>
<kw name="Call Method" library="BuiltIn">
<doc>Calls the named method of the given object with the provided arguments.</doc>
<arguments>
<arg>${chrome_options}</arg>
<arg>add_argument</arg>
<arg>disable-gpu</arg>
</arguments>
<status status="PASS" starttime="20201225 10:14:51.644" endtime="20201225 10:14:51.645"></status>
</kw>
<kw name="Call Method" library="BuiltIn">
<doc>Calls the named method of the given object with the provided arguments.</doc>
<arguments>
<arg>${chrome_options}</arg>
<arg>to_capabilities</arg>
</arguments>
<assign>
<var>${options}</var>
</assign>
<msg timestamp="20201225 10:14:51.646" level="INFO">${options} = {'browserName': 'chrome', 'version': '', 'platform': 'ANY', 'goog:chromeOptions': {'extensions': [], 'args': ['headless', 'disable-gpu']}}</msg>
<status status="PASS" starttime="20201225 10:14:51.645" endtime="20201225 10:14:51.646"></status>
</kw>
<kw name="Create Webdriver" library="Selenium2Library">
<doc>Creates an instance of Selenium WebDriver.</doc>
<arguments>
<arg>Chrome</arg>
<arg>desired_capabilities=${options}</arg>
</arguments>
<msg timestamp="20201225 10:14:51.646" level="INFO">Creating an instance of the Chrome WebDriver.</msg>
<status status="PASS" starttime="20201225 10:14:51.646" endtime="20201225 10:14:54.698"></status>
</kw>
<kw name="Set Window Size" library="Selenium2Library">
<doc>Sets current windows size to given ``width`` and ``height``.</doc>
<arguments>
<arg>1920</arg>
<arg>1080</arg>
</arguments>
<status status="PASS" starttime="20201225 10:14:54.698" endtime="20201225 10:14:56.857"></status>
</kw>
<kw name="Maximize Browser Window" library="Selenium2Library">
<doc>Maximizes current browser window.</doc>
<status status="PASS" starttime="20201225 10:14:56.857" endtime="20201225 10:14:56.965"></status>
</kw>
<kw name="Wait Until Keyword Succeeds" library="BuiltIn">
<doc>Runs the specified keyword and retries if it fails.</doc>
<arguments>
<arg>${retry times}</arg>
<arg>5s</arg>
<arg>Login_retry</arg>
</arguments>
<kw name="Login_retry" library="Resource">
<kw name="Catenate" library="BuiltIn">
<doc>Catenates the given items together and returns the resulted string.</doc>
<arguments>
<arg>SEPARATOR=</arg>
<arg>${ip}</arg>
<arg>/login.koala</arg>
</arguments>
<assign>
<var>${login_ip}</var>
</assign>
<msg timestamp="20201225 10:14:56.966" level="INFO">${login_ip} = http://10.200.9.183:8074/login.koala</msg>
<status status="PASS" starttime="20201225 10:14:56.966" endtime="20201225 10:14:56.966"></status>
</kw>
<kw name="Go To" library="Selenium2Library">
<doc>Navigates the current browser window to the provided ``url``.</doc>
<arguments>
<arg>${login_ip}</arg>
</arguments>
<msg timestamp="20201225 10:14:56.966" level="INFO">Opening url 'http://10.200.9.183:8074/login.koala'</msg>
<status status="PASS" starttime="20201225 10:14:56.966" endtime="20201225 10:15:00.303"></status>
</kw>
<kw name="Input Text" library="Selenium2Library">
<doc>Types the given ``text`` into the text field identified by ``locator``.</doc>
<arguments>
<arg>id=j_username</arg>
<arg>${username}</arg>
</arguments>
<msg timestamp="20201225 10:15:00.304" level="INFO">Typing text 'enler' into text field 'id=j_username'.</msg>
<status status="PASS" starttime="20201225 10:15:00.304" endtime="20201225 10:15:00.374"></status>
</kw>
<kw name="Input Text" library="Selenium2Library">
<doc>Types the given ``text`` into the text field identified by ``locator``.</doc>
<arguments>
<arg>id=j_password</arg>
<arg>${password}</arg>
</arguments>
<msg timestamp="20201225 10:15:00.374" level="INFO">Typing text '888888' into text field 'id=j_password'.</msg>
<status status="PASS" starttime="20201225 10:15:00.374" endtime="20201225 10:15:00.435"></status>
</kw>
<kw name="Input Text" library="Selenium2Library">
<doc>Types the given ``text`` into the text field identified by ``locator``.</doc>
<arguments>
<arg>id=jCaptchaCode</arg>
<arg>111111</arg>
</arguments>
<msg timestamp="20201225 10:15:00.435" level="INFO">Typing text '111111' into text field 'id=jCaptchaCode'.</msg>
<status status="PASS" starttime="20201225 10:15:00.435" endtime="20201225 10:15:00.500"></status>
</kw>
<kw name="Click Element" library="Selenium2Library">
<doc>Click the element identified by ``locator``.</doc>
<arguments>
<arg>id=loginBtn</arg>
</arguments>
<msg timestamp="20201225 10:15:00.500" level="INFO">Clicking element 'id=loginBtn'.</msg>
<status status="PASS" starttime="20201225 10:15:00.500" endtime="20201225 10:15:00.537"></status>
</kw>
<kw name="Sleep" library="BuiltIn">
<doc>Pauses the test executed for the given time.</doc>
<arguments>
<arg>1</arg>
</arguments>
<msg timestamp="20201225 10:15:01.551" level="INFO">Slept 1 second</msg>
<status status="PASS" starttime="20201225 10:15:00.538" endtime="20201225 10:15:01.551"></status>
</kw>
<kw name="wait contains" library="Resource">
<arguments>
<arg>角色</arg>
</arguments>
<kw name="Sleep" library="BuiltIn">
<doc>Pauses the test executed for the given time.</doc>
<arguments>
<arg>3</arg>
</arguments>
<msg timestamp="20201225 10:15:04.555" level="INFO">Slept 3 seconds</msg>
<status status="PASS" starttime="20201225 10:15:01.552" endtime="20201225 10:15:04.555"></status>
</kw>
<kw name="Capture Page Screenshot" library="Selenium2Library">
<doc>Takes a screenshot of the current page and embeds it into a log file.</doc>
<msg timestamp="20201225 10:16:00.727" level="INFO" html="yes">&lt;/td&gt;&lt;/tr&gt;&lt;tr&gt;&lt;td colspan="3"&gt;&lt;a href="selenium-screenshot-150.png"&gt;&lt;img src="selenium-screenshot-150.png" width="800px"&gt;&lt;/a&gt;</msg>
<status status="PASS" starttime="20201225 10:15:04.555" endtime="20201225 10:16:00.727"></status>
</kw>
<kw name="Wait Until Page Contains" library="Selenium2Library">
<doc>Waits until ``text`` appears on the current page.</doc>
<arguments>
<arg>${wait text}</arg>
<arg>${wait time}</arg>
</arguments>
<status status="PASS" starttime="20201225 10:16:00.727" endtime="20201225 10:16:00.740"></status>
</kw>
<kw name="Sleep" library="BuiltIn">
<doc>Pauses the test executed for the given time.</doc>
<arguments>
<arg>1</arg>
</arguments>
<msg timestamp="20201225 10:16:01.748" level="INFO">Slept 1 second</msg>
<status status="PASS" starttime="20201225 10:16:00.741" endtime="20201225 10:16:01.748"></status>
</kw>
<status status="PASS" starttime="20201225 10:15:01.551" endtime="20201225 10:16:01.748"></status>
</kw>
<status status="PASS" starttime="20201225 10:14:56.966" endtime="20201225 10:16:01.748"></status>
</kw>
<status status="PASS" starttime="20201225 10:14:56.966" endtime="20201225 10:16:01.748"></status>
</kw>
<status status="PASS" starttime="20201225 10:14:51.644" endtime="20201225 10:16:01.748"></status>
</kw>
<status status="PASS" starttime="20201225 10:14:51.643" endtime="20201225 10:16:01.748"></status>
</kw>
<kw name="Catenate" library="BuiltIn">
<doc>Catenates the given items together and returns the resulted string.</doc>
<arguments>
<arg>SEPARATOR=</arg>
<arg>css=div[id='</arg>
<arg>${bus_1}[bustid]</arg>
<arg>']&gt;div[class='bus-body']</arg>
</arguments>
<assign>
<var>${bustidXPATH}</var>
</assign>
<msg timestamp="20201225 10:16:01.749" level="INFO">${bustidXPATH} = css=div[id='201126142457482']&gt;div[class='bus-body']</msg>
<status status="PASS" starttime="20201225 10:16:01.748" endtime="20201225 10:16:01.749"></status>
</kw>
<kw name="get bsBusdiagrameMenus_first" library="Resource">
<doc>首次打开简图-车辆-更多菜单</doc>
<arguments>
<arg>${bustidXPATH}</arg>
</arguments>
<kw name="Bs_BusdiagramePage_entry" library="Resource">
<doc>进入简图调度页面</doc>
<kw name="wait click" library="Resource">
<doc>果看到某个按钮没有加载出来，或者点击无反应，我们会稍等下再点点看。</doc>
<arguments>
<arg>&amp;{menuDict}[operative_monitor]</arg>
</arguments>
<kw name="wait element" library="Resource">
<arguments>
<arg>${element locator}</arg>
</arguments>
<kw name="Wait Until Page Contains Element" library="Selenium2Library">
<doc>Waits until the element ``locator`` appears on the current page.</doc>
<arguments>
<arg>${element locator}</arg>
<arg>${wait time}</arg>
</arguments>
<status status="PASS" starttime="20201225 10:16:01.750" endtime="20201225 10:16:01.760"></status>
</kw>
<kw name="Wait Until Element Is Enabled" library="Selenium2Library">
<doc>Waits until the element ``locator`` is enabled.</doc>
<arguments>
<arg>${element locator}</arg>
<arg>${wait time}</arg>
</arguments>
<status status="PASS" starttime="20201225 10:16:01.760" endtime="20201225 10:16:01.779"></status>
</kw>
<kw name="Wait Until Element Is Visible" library="Selenium2Library">
<doc>Waits until the element ``locator`` is visible.</doc>
<arguments>
<arg>${element locator}</arg>
<arg>${wait time}</arg>
</arguments>
<status status="PASS" starttime="20201225 10:16:01.780" endtime="20201225 10:16:01.797"></status>
</kw>
<kw name="Sleep" library="BuiltIn">
<doc>Pauses the test executed for the given time.</doc>
<arguments>
<arg>1</arg>
</arguments>
<msg timestamp="20201225 10:16:02.799" level="INFO">Slept 1 second</msg>
<status status="PASS" starttime="20201225 10:16:01.797" endtime="20201225 10:16:02.799"></status>
</kw>
<status status="PASS" starttime="20201225 10:16:01.749" endtime="20201225 10:16:02.799"></status>
</kw>
<kw name="Set Focus To Element" library="Selenium2Library">
<doc>Sets the focus to the element identified by ``locator``.</doc>
<arguments>
<arg>${element locator}</arg>
</arguments>
<status status="PASS" starttime="20201225 10:16:02.800" endtime="20201225 10:16:02.814"></status>
</kw>
<kw name="Wait Until Keyword Succeeds" library="BuiltIn">
<doc>Runs the specified keyword and retries if it fails.</doc>
<arguments>
<arg>${retry times}</arg>
<arg>5s</arg>
<arg>click element</arg>
<arg>${element locator}</arg>
</arguments>
<kw name="Click Element" library="Selenium2Library">
<doc>Click the element identified by ``locator``.</doc>
<arguments>
<arg>${element locator}</arg>
</arguments>
<msg timestamp="20201225 10:16:02.816" level="INFO">Clicking element 'xpath=//a[@href='#menuMark181']'.</msg>
<status status="PASS" starttime="20201225 10:16:02.815" endtime="20201225 10:16:02.850"></status>
</kw>
<status status="PASS" starttime="20201225 10:16:02.815" endtime="20201225 10:16:02.850"></status>
</kw>
<status status="PASS" starttime="20201225 10:16:01.749" endtime="20201225 10:16:02.851"></status>
</kw>
<kw name="wait click" library="Resource">
<doc>果看到某个按钮没有加载出来，或者点击无反应，我们会稍等下再点点看。</doc>
<arguments>
<arg>&amp;{menuDict}[diagram_disapth]</arg>
</arguments>
<kw name="wait element" library="Resource">
<arguments>
<arg>${element locator}</arg>
</arguments>
<kw name="Wait Until Page Contains Element" library="Selenium2Library">
<doc>Waits until the element ``locator`` appears on the current page.</doc>
<arguments>
<arg>${element locator}</arg>
<arg>${wait time}</arg>
</arguments>
<status status="PASS" starttime="20201225 10:16:02.852" endtime="20201225 10:16:02.868"></status>
</kw>
<kw name="Wait Until Element Is Enabled" library="Selenium2Library">
<doc>Waits until the element ``locator`` is enabled.</doc>
<arguments>
<arg>${element locator}</arg>
<arg>${wait time}</arg>
</arguments>
<status status="PASS" starttime="20201225 10:16:02.868" endtime="20201225 10:16:02.885"></status>
</kw>
<kw name="Wait Until Element Is Visible" library="Selenium2Library">
<doc>Waits until the element ``locator`` is visible.</doc>
<arguments>
<arg>${element locator}</arg>
<arg>${wait time}</arg>
</arguments>
<status status="PASS" starttime="20201225 10:16:02.885" endtime="20201225 10:16:02.902"></status>
</kw>
<kw name="Sleep" library="BuiltIn">
<doc>Pauses the test executed for the given time.</doc>
<arguments>
<arg>1</arg>
</arguments>
<msg timestamp="20201225 10:16:03.905" level="INFO">Slept 1 second</msg>
<status status="PASS" starttime="20201225 10:16:02.902" endtime="20201225 10:16:03.905"></status>
</kw>
<status status="PASS" starttime="20201225 10:16:02.851" endtime="20201225 10:16:03.906"></status>
</kw>
<kw name="Set Focus To Element" library="Selenium2Library">
<doc>Sets the focus to the element identified by ``locator``.</doc>
<arguments>
<arg>${element locator}</arg>
</arguments>
<status status="PASS" starttime="20201225 10:16:03.906" endtime="20201225 10:16:03.919"></status>
</kw>
<kw name="Wait Until Keyword Succeeds" library="BuiltIn">
<doc>Runs the specified keyword and retries if it fails.</doc>
<arguments>
<arg>${retry times}</arg>
<arg>5s</arg>
<arg>click element</arg>
<arg>${element locator}</arg>
</arguments>
<kw name="Click Element" library="Selenium2Library">
<doc>Click the element identified by ``locator``.</doc>
<arguments>
<arg>${element locator}</arg>
</arguments>
<msg timestamp="20201225 10:16:03.920" level="INFO">Clicking element 'css=li[data-mark='menuMark214']'.</msg>
<status status="PASS" starttime="20201225 10:16:03.920" endtime="20201225 10:16:03.957"></status>
</kw>
<status status="PASS" starttime="20201225 10:16:03.919" endtime="20201225 10:16:03.957"></status>
</kw>
<status status="PASS" starttime="20201225 10:16:02.851" endtime="20201225 10:16:03.958"></status>
</kw>
<kw name="wait click" library="Resource">
<doc>果看到某个按钮没有加载出来，或者点击无反应，我们会稍等下再点点看。</doc>
<arguments>
<arg>${roadXpath_diagram}</arg>
</arguments>
<kw name="wait element" library="Resource">
<arguments>
<arg>${element locator}</arg>
</arguments>
<kw name="Wait Until Page Contains Element" library="Selenium2Library">
<doc>Waits until the element ``locator`` appears on the current page.</doc>
<arguments>
<arg>${element locator}</arg>
<arg>${wait time}</arg>
</arguments>
<status status="PASS" starttime="20201225 10:16:03.958" endtime="20201225 10:16:04.182"></status>
</kw>
<kw name="Wait Until Element Is Enabled" library="Selenium2Library">
<doc>Waits until the element ``locator`` is enabled.</doc>
<arguments>
<arg>${element locator}</arg>
<arg>${wait time}</arg>
</arguments>
<status status="PASS" starttime="20201225 10:16:04.182" endtime="20201225 10:16:04.199"></status>
</kw>
<kw name="Wait Until Element Is Visible" library="Selenium2Library">
<doc>Waits until the element ``locator`` is visible.</doc>
<arguments>
<arg>${element locator}</arg>
<arg>${wait time}</arg>
</arguments>
<status status="PASS" starttime="20201225 10:16:04.199" endtime="20201225 10:16:04.213"></status>
</kw>
<kw name="Sleep" library="BuiltIn">
<doc>Pauses the test executed for the given time.</doc>
<arguments>
<arg>1</arg>
</arguments>
<msg timestamp="20201225 10:16:05.221" level="INFO">Slept 1 second</msg>
<status status="PASS" starttime="20201225 10:16:04.213" endtime="20201225 10:16:05.221"></status>
</kw>
<status status="PASS" starttime="20201225 10:16:03.958" endtime="20201225 10:16:05.221"></status>
</kw>
<kw name="Set Focus To Element" library="Selenium2Library">
<doc>Sets the focus to the element identified by ``locator``.</doc>
<arguments>
<arg>${element locator}</arg>
</arguments>
<status status="PASS" starttime="20201225 10:16:05.221" endtime="20201225 10:16:05.232"></status>
</kw>
<kw name="Wait Until Keyword Succeeds" library="BuiltIn">
<doc>Runs the specified keyword and retries if it fails.</doc>
<arguments>
<arg>${retry times}</arg>
<arg>5s</arg>
<arg>click element</arg>
<arg>${element locator}</arg>
</arguments>
<kw name="Click Element" library="Selenium2Library">
<doc>Click the element identified by ``locator``.</doc>
<arguments>
<arg>${element locator}</arg>
</arguments>
<msg timestamp="20201225 10:16:05.233" level="INFO">Clicking element 'id=mtLocationRunDiagramTree_2_span'.</msg>
<status status="PASS" starttime="20201225 10:16:05.233" endtime="20201225 10:16:05.281"></status>
</kw>
<status status="PASS" starttime="20201225 10:16:05.232" endtime="20201225 10:16:05.281"></status>
</kw>
<status status="PASS" starttime="20201225 10:16:03.958" endtime="20201225 10:16:05.281"></status>
</kw>
<kw name="wait BsBusdiagrameIframe" library="Resource">
<doc>重试简图调度的iframe
如果主iframe失败，则进入副iframe
如果副iframe，则全部退出到top iframe</doc>
<kw name="Run Keyword And Ignore Error" library="BuiltIn">
<doc>Runs the given keyword with the given arguments and ignores possible error.</doc>
<arguments>
<arg>Select Frame</arg>
<arg>${iframe_tab}</arg>
</arguments>
<assign>
<var>${result}</var>
<var>${returnvalue}</var>
</assign>
<kw name="Select Frame" library="Selenium2Library">
<doc>Sets frame identified by ``locator`` as the current frame.</doc>
<arguments>
<arg>${iframe_tab}</arg>
</arguments>
<msg timestamp="20201225 10:16:05.282" level="INFO">Selecting frame 'id=iframe_tab_BsBusdiagarm-Maplist-417768025'.</msg>
<status status="PASS" starttime="20201225 10:16:05.282" endtime="20201225 10:16:08.275"></status>
</kw>
<msg timestamp="20201225 10:16:08.275" level="INFO">${result} = PASS</msg>
<msg timestamp="20201225 10:16:08.276" level="INFO">${returnvalue} = None</msg>
<status status="PASS" starttime="20201225 10:16:05.281" endtime="20201225 10:16:08.276"></status>
</kw>
<kw name="Evaluate" library="BuiltIn">
<doc>Evaluates the given expression in Python and returns the results.</doc>
<arguments>
<arg>type($result)</arg>
</arguments>
<assign>
<var>${typeresult}</var>
</assign>
<msg timestamp="20201225 10:16:08.279" level="INFO">${typeresult} = &lt;class 'str'&gt;</msg>
<status status="PASS" starttime="20201225 10:16:08.276" endtime="20201225 10:16:08.279"></status>
</kw>
<kw name="Run Keyword If" library="BuiltIn">
<doc>Runs the given keyword with the given arguments, if ``condition`` is true.</doc>
<arguments>
<arg>'${result}'=='PASS'</arg>
<arg>LOG</arg>
<arg>frame定位成功</arg>
<arg>ELSE</arg>
<arg>select_iframe</arg>
</arguments>
<kw name="Log" library="BuiltIn">
<doc>Logs the given message with the given level.</doc>
<arguments>
<arg>frame定位成功</arg>
</arguments>
<msg timestamp="20201225 10:16:08.280" level="INFO">frame定位成功</msg>
<status status="PASS" starttime="20201225 10:16:08.279" endtime="20201225 10:16:08.280"></status>
</kw>
<status status="PASS" starttime="20201225 10:16:08.279" endtime="20201225 10:16:08.280"></status>
</kw>
<status status="PASS" starttime="20201225 10:16:05.281" endtime="20201225 10:16:08.280"></status>
</kw>
<status status="PASS" starttime="20201225 10:16:01.749" endtime="20201225 10:16:08.280"></status>
</kw>
<kw name="wait BsBusdiagrameViceIframe" library="Resource">
<doc>重试简图调度的iframe
如果主iframe失败，则进入副iframe
如果副iframe，则全部退出到top iframe</doc>
<kw name="Run Keyword And Ignore Error" library="BuiltIn">
<doc>Runs the given keyword with the given arguments and ignores possible error.</doc>
<arguments>
<arg>Select Frame</arg>
<arg>${iframe_line}</arg>
</arguments>
<assign>
<var>${result}</var>
<var>${returnvalue}</var>
</assign>
<kw name="Select Frame" library="Selenium2Library">
<doc>Sets frame identified by ``locator`` as the current frame.</doc>
<arguments>
<arg>${iframe_line}</arg>
</arguments>
<msg timestamp="20201225 10:16:08.280" level="INFO">Selecting frame 'css=#line_417768025'.</msg>
<status status="PASS" starttime="20201225 10:16:08.280" endtime="20201225 10:16:08.310"></status>
</kw>
<msg timestamp="20201225 10:16:08.310" level="INFO">${result} = PASS</msg>
<msg timestamp="20201225 10:16:08.310" level="INFO">${returnvalue} = None</msg>
<status status="PASS" starttime="20201225 10:16:08.280" endtime="20201225 10:16:08.310"></status>
</kw>
<kw name="Run Keyword If" library="BuiltIn">
<doc>Runs the given keyword with the given arguments, if ``condition`` is true.</doc>
<arguments>
<arg>'${result}'=='PASS'</arg>
<arg>LOG</arg>
<arg>frame定位成功</arg>
<arg>ELSE</arg>
<arg>select_vicframe</arg>
</arguments>
<kw name="Log" library="BuiltIn">
<doc>Logs the given message with the given level.</doc>
<arguments>
<arg>frame定位成功</arg>
</arguments>
<msg timestamp="20201225 10:16:08.311" level="INFO">frame定位成功</msg>
<status status="PASS" starttime="20201225 10:16:08.311" endtime="20201225 10:16:08.311"></status>
</kw>
<status status="PASS" starttime="20201225 10:16:08.310" endtime="20201225 10:16:08.311"></status>
</kw>
<status status="PASS" starttime="20201225 10:16:08.280" endtime="20201225 10:16:08.311"></status>
</kw>
<kw name="wait Rightclick" library="Resource">
<doc>果看到某个按钮没有加载出来，或者点击无反应，我们会稍等下再点点看。</doc>
<arguments>
<arg>${bustidXPATH}</arg>
</arguments>
<kw name="wait element" library="Resource">
<arguments>
<arg>${element locator}</arg>
</arguments>
<kw name="Wait Until Page Contains Element" library="Selenium2Library">
<doc>Waits until the element ``locator`` appears on the current page.</doc>
<arguments>
<arg>${element locator}</arg>
<arg>${wait time}</arg>
</arguments>
<status status="PASS" starttime="20201225 10:16:08.312" endtime="20201225 10:16:08.320"></status>
</kw>
<kw name="Wait Until Element Is Enabled" library="Selenium2Library">
<doc>Waits until the element ``locator`` is enabled.</doc>
<arguments>
<arg>${element locator}</arg>
<arg>${wait time}</arg>
</arguments>
<status status="PASS" starttime="20201225 10:16:08.320" endtime="20201225 10:16:08.337"></status>
</kw>
<kw name="Wait Until Element Is Visible" library="Selenium2Library">
<doc>Waits until the element ``locator`` is visible.</doc>
<arguments>
<arg>${element locator}</arg>
<arg>${wait time}</arg>
</arguments>
<status status="PASS" starttime="20201225 10:16:08.337" endtime="20201225 10:16:08.351"></status>
</kw>
<kw name="Sleep" library="BuiltIn">
<doc>Pauses the test executed for the given time.</doc>
<arguments>
<arg>1</arg>
</arguments>
<msg timestamp="20201225 10:16:09.361" level="INFO">Slept 1 second</msg>
<status status="PASS" starttime="20201225 10:16:08.351" endtime="20201225 10:16:09.361"></status>
</kw>
<status status="PASS" starttime="20201225 10:16:08.311" endtime="20201225 10:16:09.361"></status>
</kw>
<kw name="Set Focus To Element" library="Selenium2Library">
<doc>Sets the focus to the element identified by ``locator``.</doc>
<arguments>
<arg>${element locator}</arg>
</arguments>
<status status="PASS" starttime="20201225 10:16:09.362" endtime="20201225 10:16:09.375"></status>
</kw>
<kw name="Wait Until Keyword Succeeds" library="BuiltIn">
<doc>Runs the specified keyword and retries if it fails.</doc>
<arguments>
<arg>${retry times}</arg>
<arg>5s</arg>
<arg>Right Click Element</arg>
<arg>${element locator}</arg>
</arguments>
<kw name="Right Click Element" library="Selenium2Library">
<arguments>
<arg>${element locator}</arg>
</arguments>
<status status="PASS" starttime="20201225 10:16:09.375" endtime="20201225 10:16:09.716"></status>
</kw>
<status status="PASS" starttime="20201225 10:16:09.375" endtime="20201225 10:16:09.716"></status>
</kw>
<status status="PASS" starttime="20201225 10:16:08.311" endtime="20201225 10:16:09.716"></status>
</kw>
<kw name="wait BsBusdiagrameIframe" library="Resource">
<doc>重试简图调度的iframe
如果主iframe失败，则进入副iframe
如果副iframe，则全部退出到top iframe</doc>
<kw name="Run Keyword And Ignore Error" library="BuiltIn">
<doc>Runs the given keyword with the given arguments and ignores possible error.</doc>
<arguments>
<arg>Select Frame</arg>
<arg>${iframe_tab}</arg>
</arguments>
<assign>
<var>${result}</var>
<var>${returnvalue}</var>
</assign>
<kw name="Select Frame" library="Selenium2Library">
<doc>Sets frame identified by ``locator`` as the current frame.</doc>
<arguments>
<arg>${iframe_tab}</arg>
</arguments>
<msg timestamp="20201225 10:16:09.717" level="INFO">Selecting frame 'id=iframe_tab_BsBusdiagarm-Maplist-417768025'.</msg>
<kw name="Capture Page Screenshot" library="Selenium2Library">
<doc>Takes a screenshot of the current page and embeds it into a log file.</doc>
<msg timestamp="20201225 10:16:10.063" level="INFO" html="yes">&lt;/td&gt;&lt;/tr&gt;&lt;tr&gt;&lt;td colspan="3"&gt;&lt;a href="selenium-screenshot-151.png"&gt;&lt;img src="selenium-screenshot-151.png" width="800px"&gt;&lt;/a&gt;</msg>
<status status="PASS" starttime="20201225 10:16:09.725" endtime="20201225 10:16:10.063"></status>
</kw>
<msg timestamp="20201225 10:16:10.065" level="FAIL">Element with locator 'id=iframe_tab_BsBusdiagarm-Maplist-417768025' not found.</msg>
<status status="FAIL" starttime="20201225 10:16:09.717" endtime="20201225 10:16:10.065"></status>
</kw>
<msg timestamp="20201225 10:16:10.065" level="INFO">${result} = FAIL</msg>
<msg timestamp="20201225 10:16:10.065" level="INFO">${returnvalue} = Element with locator 'id=iframe_tab_BsBusdiagarm-Maplist-417768025' not found.</msg>
<status status="PASS" starttime="20201225 10:16:09.717" endtime="20201225 10:16:10.065"></status>
</kw>
<kw name="Evaluate" library="BuiltIn">
<doc>Evaluates the given expression in Python and returns the results.</doc>
<arguments>
<arg>type($result)</arg>
</arguments>
<assign>
<var>${typeresult}</var>
</assign>
<msg timestamp="20201225 10:16:10.066" level="INFO">${typeresult} = &lt;class 'str'&gt;</msg>
<status status="PASS" starttime="20201225 10:16:10.065" endtime="20201225 10:16:10.066"></status>
</kw>
<kw name="Run Keyword If" library="BuiltIn">
<doc>Runs the given keyword with the given arguments, if ``condition`` is true.</doc>
<arguments>
<arg>'${result}'=='PASS'</arg>
<arg>LOG</arg>
<arg>frame定位成功</arg>
<arg>ELSE</arg>
<arg>select_iframe</arg>
</arguments>
<kw name="select_iframe" library="Resource">
<kw name="Unselect Frame" library="Selenium2Library">
<doc>Sets the main frame as the current frame.</doc>
<status status="PASS" starttime="20201225 10:16:10.066" endtime="20201225 10:16:10.069"></status>
</kw>
<kw name="Select Frame" library="Selenium2Library">
<doc>Sets frame identified by ``locator`` as the current frame.</doc>
<arguments>
<arg>${iframe_tab}</arg>
</arguments>
<msg timestamp="20201225 10:16:10.069" level="INFO">Selecting frame 'id=iframe_tab_BsBusdiagarm-Maplist-417768025'.</msg>
<status status="PASS" starttime="20201225 10:16:10.069" endtime="20201225 10:16:10.086"></status>
</kw>
<status status="PASS" starttime="20201225 10:16:10.066" endtime="20201225 10:16:10.086"></status>
</kw>
<status status="PASS" starttime="20201225 10:16:10.066" endtime="20201225 10:16:10.086"></status>
</kw>
<status status="PASS" starttime="20201225 10:16:09.717" endtime="20201225 10:16:10.086"></status>
</kw>
<status status="PASS" starttime="20201225 10:16:01.749" endtime="20201225 10:16:10.086"></status>
</kw>
<kw name="Get WebElements" library="Selenium2Library">
<doc>Returns a list of WebElement objects matching the ``locator``.</doc>
<arguments>
<arg>&amp;{dropdown_menuDict}[GPS_history]</arg>
</arguments>
<assign>
<var>${elementxpath}</var>
</assign>
<msg timestamp="20201225 10:16:10.096" level="INFO">${elementxpath} = [&lt;selenium.webdriver.remote.webelement.WebElement (session="aa94d6b565ab0a73c4cb192d53615544", element="ce94e5c7-b12b-4db6-91a3-555876f16c6d")&gt;, &lt;selenium.webdriver.remote.webelement.WebElement (sessi...</msg>
<status status="PASS" starttime="20201225 10:16:10.086" endtime="20201225 10:16:10.096"></status>
</kw>
<kw name="wait click" library="Resource">
<doc>果看到某个按钮没有加载出来，或者点击无反应，我们会稍等下再点点看。</doc>
<arguments>
<arg>${elementxpath}[-1]</arg>
</arguments>
<kw name="wait element" library="Resource">
<arguments>
<arg>${element locator}</arg>
</arguments>
<kw name="Wait Until Page Contains Element" library="Selenium2Library">
<doc>Waits until the element ``locator`` appears on the current page.</doc>
<arguments>
<arg>${element locator}</arg>
<arg>${wait time}</arg>
</arguments>
<status status="PASS" starttime="20201225 10:16:10.097" endtime="20201225 10:16:10.097"></status>
</kw>
<kw name="Wait Until Element Is Enabled" library="Selenium2Library">
<doc>Waits until the element ``locator`` is enabled.</doc>
<arguments>
<arg>${element locator}</arg>
<arg>${wait time}</arg>
</arguments>
<status status="PASS" starttime="20201225 10:16:10.098" endtime="20201225 10:16:10.109"></status>
</kw>
<kw name="Wait Until Element Is Visible" library="Selenium2Library">
<doc>Waits until the element ``locator`` is visible.</doc>
<arguments>
<arg>${element locator}</arg>
<arg>${wait time}</arg>
</arguments>
<status status="PASS" starttime="20201225 10:16:10.109" endtime="20201225 10:16:10.117"></status>
</kw>
<kw name="Sleep" library="BuiltIn">
<doc>Pauses the test executed for the given time.</doc>
<arguments>
<arg>1</arg>
</arguments>
<msg timestamp="20201225 10:16:11.127" level="INFO">Slept 1 second</msg>
<status status="PASS" starttime="20201225 10:16:10.117" endtime="20201225 10:16:11.127"></status>
</kw>
<status status="PASS" starttime="20201225 10:16:10.097" endtime="20201225 10:16:11.127"></status>
</kw>
<kw name="Set Focus To Element" library="Selenium2Library">
<doc>Sets the focus to the element identified by ``locator``.</doc>
<arguments>
<arg>${element locator}</arg>
</arguments>
<status status="PASS" starttime="20201225 10:16:11.127" endtime="20201225 10:16:11.133"></status>
</kw>
<kw name="Wait Until Keyword Succeeds" library="BuiltIn">
<doc>Runs the specified keyword and retries if it fails.</doc>
<arguments>
<arg>${retry times}</arg>
<arg>5s</arg>
<arg>click element</arg>
<arg>${element locator}</arg>
</arguments>
<kw name="Click Element" library="Selenium2Library">
<doc>Click the element identified by ``locator``.</doc>
<arguments>
<arg>${element locator}</arg>
</arguments>
<msg timestamp="20201225 10:16:11.134" level="INFO">Clicking element '&lt;selenium.webdriver.remote.webelement.WebElement (session="aa94d6b565ab0a73c4cb192d53615544", element="4789ce26-d9b1-4ca9-96f1-b21ca6a0f677")&gt;'.</msg>
<status status="PASS" starttime="20201225 10:16:11.134" endtime="20201225 10:16:11.208"></status>
</kw>
<status status="PASS" starttime="20201225 10:16:11.133" endtime="20201225 10:16:11.208"></status>
</kw>
<status status="PASS" starttime="20201225 10:16:10.097" endtime="20201225 10:16:11.208"></status>
</kw>
<kw name="wait contains" library="Resource">
<arguments>
<arg>回放日期</arg>
</arguments>
<kw name="Sleep" library="BuiltIn">
<doc>Pauses the test executed for the given time.</doc>
<arguments>
<arg>3</arg>
</arguments>
<msg timestamp="20201225 10:16:14.223" level="INFO">Slept 3 seconds</msg>
<status status="PASS" starttime="20201225 10:16:11.209" endtime="20201225 10:16:14.223"></status>
</kw>
<kw name="Capture Page Screenshot" library="Selenium2Library">
<doc>Takes a screenshot of the current page and embeds it into a log file.</doc>
<msg timestamp="20201225 10:16:14.561" level="INFO" html="yes">&lt;/td&gt;&lt;/tr&gt;&lt;tr&gt;&lt;td colspan="3"&gt;&lt;a href="selenium-screenshot-152.png"&gt;&lt;img src="selenium-screenshot-152.png" width="800px"&gt;&lt;/a&gt;</msg>
<status status="PASS" starttime="20201225 10:16:14.223" endtime="20201225 10:16:14.561"></status>
</kw>
<kw name="Wait Until Page Contains" library="Selenium2Library">
<doc>Waits until ``text`` appears on the current page.</doc>
<arguments>
<arg>${wait text}</arg>
<arg>${wait time}</arg>
</arguments>
<status status="PASS" starttime="20201225 10:16:14.561" endtime="20201225 10:16:14.577"></status>
</kw>
<kw name="Sleep" library="BuiltIn">
<doc>Pauses the test executed for the given time.</doc>
<arguments>
<arg>1</arg>
</arguments>
<msg timestamp="20201225 10:16:15.594" level="INFO">Slept 1 second</msg>
<status status="PASS" starttime="20201225 10:16:14.578" endtime="20201225 10:16:15.594"></status>
</kw>
<status status="PASS" starttime="20201225 10:16:11.208" endtime="20201225 10:16:15.594"></status>
</kw>
<kw name="wait click" library="Resource">
<doc>果看到某个按钮没有加载出来，或者点击无反应，我们会稍等下再点点看。</doc>
<arguments>
<arg>xpath=//button[contains(text(),'返回')]</arg>
</arguments>
<kw name="wait element" library="Resource">
<arguments>
<arg>${element locator}</arg>
</arguments>
<kw name="Wait Until Page Contains Element" library="Selenium2Library">
<doc>Waits until the element ``locator`` appears on the current page.</doc>
<arguments>
<arg>${element locator}</arg>
<arg>${wait time}</arg>
</arguments>
<status status="PASS" starttime="20201225 10:16:15.596" endtime="20201225 10:16:15.608"></status>
</kw>
<kw name="Wait Until Element Is Enabled" library="Selenium2Library">
<doc>Waits until the element ``locator`` is enabled.</doc>
<arguments>
<arg>${element locator}</arg>
<arg>${wait time}</arg>
</arguments>
<status status="PASS" starttime="20201225 10:16:15.608" endtime="20201225 10:16:15.626"></status>
</kw>
<kw name="Wait Until Element Is Visible" library="Selenium2Library">
<doc>Waits until the element ``locator`` is visible.</doc>
<arguments>
<arg>${element locator}</arg>
<arg>${wait time}</arg>
</arguments>
<status status="PASS" starttime="20201225 10:16:15.626" endtime="20201225 10:16:15.639"></status>
</kw>
<kw name="Sleep" library="BuiltIn">
<doc>Pauses the test executed for the given time.</doc>
<arguments>
<arg>1</arg>
</arguments>
<msg timestamp="20201225 10:16:16.649" level="INFO">Slept 1 second</msg>
<status status="PASS" starttime="20201225 10:16:15.639" endtime="20201225 10:16:16.649"></status>
</kw>
<status status="PASS" starttime="20201225 10:16:15.596" endtime="20201225 10:16:16.650"></status>
</kw>
<kw name="Set Focus To Element" library="Selenium2Library">
<doc>Sets the focus to the element identified by ``locator``.</doc>
<arguments>
<arg>${element locator}</arg>
</arguments>
<status status="PASS" starttime="20201225 10:16:16.650" endtime="20201225 10:16:16.664"></status>
</kw>
<kw name="Wait Until Keyword Succeeds" library="BuiltIn">
<doc>Runs the specified keyword and retries if it fails.</doc>
<arguments>
<arg>${retry times}</arg>
<arg>5s</arg>
<arg>click element</arg>
<arg>${element locator}</arg>
</arguments>
<kw name="Click Element" library="Selenium2Library">
<doc>Click the element identified by ``locator``.</doc>
<arguments>
<arg>${element locator}</arg>
</arguments>
<msg timestamp="20201225 10:16:16.665" level="INFO">Clicking element 'xpath=//button[contains(text(),'返回')]'.</msg>
<status status="PASS" starttime="20201225 10:16:16.664" endtime="20201225 10:16:16.737"></status>
</kw>
<status status="PASS" starttime="20201225 10:16:16.664" endtime="20201225 10:16:16.738"></status>
</kw>
<status status="PASS" starttime="20201225 10:16:15.595" endtime="20201225 10:16:16.738"></status>
</kw>
<kw name="Create List" library="BuiltIn">
<doc>Returns a list containing given items.</doc>
<arguments>
<arg>&amp;{dropdown_menuDict}[mapGPS]</arg>
<arg>&amp;{dropdown_menuDict}[roadGPS]</arg>
<arg>&amp;{dropdown_menuDict}[video]</arg>
<arg>&amp;{dropdown_menuDict}[roadGPS]</arg>
</arguments>
<assign>
<var>@{elementsXpath}</var>
</assign>
<msg timestamp="20201225 10:16:16.738" level="INFO">@{elementsXpath} = [ xpath=//a[contains(text(),"定位") and @tabindex='-1'] | xpath=//a[contains(text(),"线路") and @tabindex='-1'] | xpath=//a[contains(text(),"视频") and @tabindex='-1'] | xpath=//a[contains(text(),"线路") and ...</msg>
<status status="PASS" starttime="20201225 10:16:16.738" endtime="20201225 10:16:16.738"></status>
</kw>
<kw name="${XPATH} IN [ @{elementsXpath} ]" type="for">
<kw name="${XPATH} = xpath=//a[contains(text(),&quot;定位&quot;) and @tabindex='-1']" type="foritem">
<kw name="wait BsBusdiagrameViceIframe" library="Resource">
<doc>重试简图调度的iframe
如果主iframe失败，则进入副iframe
如果副iframe，则全部退出到top iframe</doc>
<kw name="Run Keyword And Ignore Error" library="BuiltIn">
<doc>Runs the given keyword with the given arguments and ignores possible error.</doc>
<arguments>
<arg>Select Frame</arg>
<arg>${iframe_line}</arg>
</arguments>
<assign>
<var>${result}</var>
<var>${returnvalue}</var>
</assign>
<kw name="Select Frame" library="Selenium2Library">
<doc>Sets frame identified by ``locator`` as the current frame.</doc>
<arguments>
<arg>${iframe_line}</arg>
</arguments>
<msg timestamp="20201225 10:16:16.740" level="INFO">Selecting frame 'css=#line_417768025'.</msg>
<status status="PASS" starttime="20201225 10:16:16.740" endtime="20201225 10:16:16.761"></status>
</kw>
<msg timestamp="20201225 10:16:16.761" level="INFO">${result} = PASS</msg>
<msg timestamp="20201225 10:16:16.761" level="INFO">${returnvalue} = None</msg>
<status status="PASS" starttime="20201225 10:16:16.739" endtime="20201225 10:16:16.761"></status>
</kw>
<kw name="Run Keyword If" library="BuiltIn">
<doc>Runs the given keyword with the given arguments, if ``condition`` is true.</doc>
<arguments>
<arg>'${result}'=='PASS'</arg>
<arg>LOG</arg>
<arg>frame定位成功</arg>
<arg>ELSE</arg>
<arg>select_vicframe</arg>
</arguments>
<kw name="Log" library="BuiltIn">
<doc>Logs the given message with the given level.</doc>
<arguments>
<arg>frame定位成功</arg>
</arguments>
<msg timestamp="20201225 10:16:16.762" level="INFO">frame定位成功</msg>
<status status="PASS" starttime="20201225 10:16:16.762" endtime="20201225 10:16:16.762"></status>
</kw>
<status status="PASS" starttime="20201225 10:16:16.761" endtime="20201225 10:16:16.762"></status>
</kw>
<status status="PASS" starttime="20201225 10:16:16.739" endtime="20201225 10:16:16.762"></status>
</kw>
<kw name="wait Rightclick" library="Resource">
<doc>果看到某个按钮没有加载出来，或者点击无反应，我们会稍等下再点点看。</doc>
<arguments>
<arg>${bustidXPATH}</arg>
</arguments>
<kw name="wait element" library="Resource">
<arguments>
<arg>${element locator}</arg>
</arguments>
<kw name="Wait Until Page Contains Element" library="Selenium2Library">
<doc>Waits until the element ``locator`` appears on the current page.</doc>
<arguments>
<arg>${element locator}</arg>
<arg>${wait time}</arg>
</arguments>
<status status="PASS" starttime="20201225 10:16:16.763" endtime="20201225 10:16:16.768"></status>
</kw>
<kw name="Wait Until Element Is Enabled" library="Selenium2Library">
<doc>Waits until the element ``locator`` is enabled.</doc>
<arguments>
<arg>${element locator}</arg>
<arg>${wait time}</arg>
</arguments>
<status status="PASS" starttime="20201225 10:16:16.768" endtime="20201225 10:16:16.783"></status>
</kw>
<kw name="Wait Until Element Is Visible" library="Selenium2Library">
<doc>Waits until the element ``locator`` is visible.</doc>
<arguments>
<arg>${element locator}</arg>
<arg>${wait time}</arg>
</arguments>
<status status="PASS" starttime="20201225 10:16:16.784" endtime="20201225 10:16:16.797"></status>
</kw>
<kw name="Sleep" library="BuiltIn">
<doc>Pauses the test executed for the given time.</doc>
<arguments>
<arg>1</arg>
</arguments>
<msg timestamp="20201225 10:16:17.801" level="INFO">Slept 1 second</msg>
<status status="PASS" starttime="20201225 10:16:16.797" endtime="20201225 10:16:17.801"></status>
</kw>
<status status="PASS" starttime="20201225 10:16:16.762" endtime="20201225 10:16:17.801"></status>
</kw>
<kw name="Set Focus To Element" library="Selenium2Library">
<doc>Sets the focus to the element identified by ``locator``.</doc>
<arguments>
<arg>${element locator}</arg>
</arguments>
<status status="PASS" starttime="20201225 10:16:17.802" endtime="20201225 10:16:17.813"></status>
</kw>
<kw name="Wait Until Keyword Succeeds" library="BuiltIn">
<doc>Runs the specified keyword and retries if it fails.</doc>
<arguments>
<arg>${retry times}</arg>
<arg>5s</arg>
<arg>Right Click Element</arg>
<arg>${element locator}</arg>
</arguments>
<kw name="Right Click Element" library="Selenium2Library">
<arguments>
<arg>${element locator}</arg>
</arguments>
<status status="PASS" starttime="20201225 10:16:17.813" endtime="20201225 10:16:18.116"></status>
</kw>
<status status="PASS" starttime="20201225 10:16:17.813" endtime="20201225 10:16:18.116"></status>
</kw>
<status status="PASS" starttime="20201225 10:16:16.762" endtime="20201225 10:16:18.116"></status>
</kw>
<kw name="wait BsBusdiagrameIframe" library="Resource">
<doc>重试简图调度的iframe
如果主iframe失败，则进入副iframe
如果副iframe，则全部退出到top iframe</doc>
<kw name="Run Keyword And Ignore Error" library="BuiltIn">
<doc>Runs the given keyword with the given arguments and ignores possible error.</doc>
<arguments>
<arg>Select Frame</arg>
<arg>${iframe_tab}</arg>
</arguments>
<assign>
<var>${result}</var>
<var>${returnvalue}</var>
</assign>
<kw name="Select Frame" library="Selenium2Library">
<doc>Sets frame identified by ``locator`` as the current frame.</doc>
<arguments>
<arg>${iframe_tab}</arg>
</arguments>
<msg timestamp="20201225 10:16:18.118" level="INFO">Selecting frame 'id=iframe_tab_BsBusdiagarm-Maplist-417768025'.</msg>
<kw name="Capture Page Screenshot" library="Selenium2Library">
<doc>Takes a screenshot of the current page and embeds it into a log file.</doc>
<msg timestamp="20201225 10:16:18.456" level="INFO" html="yes">&lt;/td&gt;&lt;/tr&gt;&lt;tr&gt;&lt;td colspan="3"&gt;&lt;a href="selenium-screenshot-153.png"&gt;&lt;img src="selenium-screenshot-153.png" width="800px"&gt;&lt;/a&gt;</msg>
<status status="PASS" starttime="20201225 10:16:18.127" endtime="20201225 10:16:18.456"></status>
</kw>
<msg timestamp="20201225 10:16:18.457" level="FAIL">Element with locator 'id=iframe_tab_BsBusdiagarm-Maplist-417768025' not found.</msg>
<status status="FAIL" starttime="20201225 10:16:18.118" endtime="20201225 10:16:18.457"></status>
</kw>
<msg timestamp="20201225 10:16:18.457" level="INFO">${result} = FAIL</msg>
<msg timestamp="20201225 10:16:18.457" level="INFO">${returnvalue} = Element with locator 'id=iframe_tab_BsBusdiagarm-Maplist-417768025' not found.</msg>
<status status="PASS" starttime="20201225 10:16:18.117" endtime="20201225 10:16:18.457"></status>
</kw>
<kw name="Evaluate" library="BuiltIn">
<doc>Evaluates the given expression in Python and returns the results.</doc>
<arguments>
<arg>type($result)</arg>
</arguments>
<assign>
<var>${typeresult}</var>
</assign>
<msg timestamp="20201225 10:16:18.458" level="INFO">${typeresult} = &lt;class 'str'&gt;</msg>
<status status="PASS" starttime="20201225 10:16:18.457" endtime="20201225 10:16:18.458"></status>
</kw>
<kw name="Run Keyword If" library="BuiltIn">
<doc>Runs the given keyword with the given arguments, if ``condition`` is true.</doc>
<arguments>
<arg>'${result}'=='PASS'</arg>
<arg>LOG</arg>
<arg>frame定位成功</arg>
<arg>ELSE</arg>
<arg>select_iframe</arg>
</arguments>
<kw name="select_iframe" library="Resource">
<kw name="Unselect Frame" library="Selenium2Library">
<doc>Sets the main frame as the current frame.</doc>
<status status="PASS" starttime="20201225 10:16:18.458" endtime="20201225 10:16:18.461"></status>
</kw>
<kw name="Select Frame" library="Selenium2Library">
<doc>Sets frame identified by ``locator`` as the current frame.</doc>
<arguments>
<arg>${iframe_tab}</arg>
</arguments>
<msg timestamp="20201225 10:16:18.461" level="INFO">Selecting frame 'id=iframe_tab_BsBusdiagarm-Maplist-417768025'.</msg>
<status status="PASS" starttime="20201225 10:16:18.461" endtime="20201225 10:16:18.478"></status>
</kw>
<status status="PASS" starttime="20201225 10:16:18.458" endtime="20201225 10:16:18.478"></status>
</kw>
<status status="PASS" starttime="20201225 10:16:18.458" endtime="20201225 10:16:18.478"></status>
</kw>
<status status="PASS" starttime="20201225 10:16:18.117" endtime="20201225 10:16:18.478"></status>
</kw>
<kw name="wait click" library="Resource">
<doc>果看到某个按钮没有加载出来，或者点击无反应，我们会稍等下再点点看。</doc>
<arguments>
<arg>${XPATH}</arg>
</arguments>
<kw name="wait element" library="Resource">
<arguments>
<arg>${element locator}</arg>
</arguments>
<kw name="Wait Until Page Contains Element" library="Selenium2Library">
<doc>Waits until the element ``locator`` appears on the current page.</doc>
<arguments>
<arg>${element locator}</arg>
<arg>${wait time}</arg>
</arguments>
<status status="PASS" starttime="20201225 10:16:18.479" endtime="20201225 10:16:18.488"></status>
</kw>
<kw name="Wait Until Element Is Enabled" library="Selenium2Library">
<doc>Waits until the element ``locator`` is enabled.</doc>
<arguments>
<arg>${element locator}</arg>
<arg>${wait time}</arg>
</arguments>
<status status="PASS" starttime="20201225 10:16:18.489" endtime="20201225 10:16:18.506"></status>
</kw>
<kw name="Wait Until Element Is Visible" library="Selenium2Library">
<doc>Waits until the element ``locator`` is visible.</doc>
<arguments>
<arg>${element locator}</arg>
<arg>${wait time}</arg>
</arguments>
<status status="PASS" starttime="20201225 10:16:18.506" endtime="20201225 10:16:18.520"></status>
</kw>
<kw name="Sleep" library="BuiltIn">
<doc>Pauses the test executed for the given time.</doc>
<arguments>
<arg>1</arg>
</arguments>
<msg timestamp="20201225 10:16:19.521" level="INFO">Slept 1 second</msg>
<status status="PASS" starttime="20201225 10:16:18.520" endtime="20201225 10:16:19.521"></status>
</kw>
<status status="PASS" starttime="20201225 10:16:18.479" endtime="20201225 10:16:19.521"></status>
</kw>
<kw name="Set Focus To Element" library="Selenium2Library">
<doc>Sets the focus to the element identified by ``locator``.</doc>
<arguments>
<arg>${element locator}</arg>
</arguments>
<status status="PASS" starttime="20201225 10:16:19.522" endtime="20201225 10:16:19.533"></status>
</kw>
<kw name="Wait Until Keyword Succeeds" library="BuiltIn">
<doc>Runs the specified keyword and retries if it fails.</doc>
<arguments>
<arg>${retry times}</arg>
<arg>5s</arg>
<arg>click element</arg>
<arg>${element locator}</arg>
</arguments>
<kw name="Click Element" library="Selenium2Library">
<doc>Click the element identified by ``locator``.</doc>
<arguments>
<arg>${element locator}</arg>
</arguments>
<msg timestamp="20201225 10:16:19.533" level="INFO">Clicking element 'xpath=//a[contains(text(),"定位") and @tabindex='-1']'.</msg>
<status status="PASS" starttime="20201225 10:16:19.533" endtime="20201225 10:16:19.610"></status>
</kw>
<status status="PASS" starttime="20201225 10:16:19.533" endtime="20201225 10:16:19.610"></status>
</kw>
<status status="PASS" starttime="20201225 10:16:18.479" endtime="20201225 10:16:19.611"></status>
</kw>
<kw name="wait click" library="Resource">
<doc>果看到某个按钮没有加载出来，或者点击无反应，我们会稍等下再点点看。</doc>
<arguments>
<arg>xpath=//button[contains(text(),'返回')]</arg>
</arguments>
<kw name="wait element" library="Resource">
<arguments>
<arg>${element locator}</arg>
</arguments>
<kw name="Wait Until Page Contains Element" library="Selenium2Library">
<doc>Waits until the element ``locator`` appears on the current page.</doc>
<arguments>
<arg>${element locator}</arg>
<arg>${wait time}</arg>
</arguments>
<status status="PASS" starttime="20201225 10:16:19.612" endtime="20201225 10:16:19.619"></status>
</kw>
<kw name="Wait Until Element Is Enabled" library="Selenium2Library">
<doc>Waits until the element ``locator`` is enabled.</doc>
<arguments>
<arg>${element locator}</arg>
<arg>${wait time}</arg>
</arguments>
<status status="PASS" starttime="20201225 10:16:19.620" endtime="20201225 10:16:19.657"></status>
</kw>
<kw name="Wait Until Element Is Visible" library="Selenium2Library">
<doc>Waits until the element ``locator`` is visible.</doc>
<arguments>
<arg>${element locator}</arg>
<arg>${wait time}</arg>
</arguments>
<status status="PASS" starttime="20201225 10:16:19.657" endtime="20201225 10:16:19.694"></status>
</kw>
<kw name="Sleep" library="BuiltIn">
<doc>Pauses the test executed for the given time.</doc>
<arguments>
<arg>1</arg>
</arguments>
<msg timestamp="20201225 10:16:20.708" level="INFO">Slept 1 second</msg>
<status status="PASS" starttime="20201225 10:16:19.694" endtime="20201225 10:16:20.708"></status>
</kw>
<status status="PASS" starttime="20201225 10:16:19.612" endtime="20201225 10:16:20.708"></status>
</kw>
<kw name="Set Focus To Element" library="Selenium2Library">
<doc>Sets the focus to the element identified by ``locator``.</doc>
<arguments>
<arg>${element locator}</arg>
</arguments>
<status status="PASS" starttime="20201225 10:16:20.709" endtime="20201225 10:16:20.724"></status>
</kw>
<kw name="Wait Until Keyword Succeeds" library="BuiltIn">
<doc>Runs the specified keyword and retries if it fails.</doc>
<arguments>
<arg>${retry times}</arg>
<arg>5s</arg>
<arg>click element</arg>
<arg>${element locator}</arg>
</arguments>
<kw name="Click Element" library="Selenium2Library">
<doc>Click the element identified by ``locator``.</doc>
<arguments>
<arg>${element locator}</arg>
</arguments>
<msg timestamp="20201225 10:16:20.725" level="INFO">Clicking element 'xpath=//button[contains(text(),'返回')]'.</msg>
<status status="PASS" starttime="20201225 10:16:20.725" endtime="20201225 10:16:20.789"></status>
</kw>
<status status="PASS" starttime="20201225 10:16:20.724" endtime="20201225 10:16:20.789"></status>
</kw>
<status status="PASS" starttime="20201225 10:16:19.611" endtime="20201225 10:16:20.790"></status>
</kw>
<status status="PASS" starttime="20201225 10:16:16.739" endtime="20201225 10:16:20.790"></status>
</kw>
<kw name="${XPATH} = xpath=//a[contains(text(),&quot;线路&quot;) and @tabindex='-1']" type="foritem">
<kw name="wait BsBusdiagrameViceIframe" library="Resource">
<doc>重试简图调度的iframe
如果主iframe失败，则进入副iframe
如果副iframe，则全部退出到top iframe</doc>
<kw name="Run Keyword And Ignore Error" library="BuiltIn">
<doc>Runs the given keyword with the given arguments and ignores possible error.</doc>
<arguments>
<arg>Select Frame</arg>
<arg>${iframe_line}</arg>
</arguments>
<assign>
<var>${result}</var>
<var>${returnvalue}</var>
</assign>
<kw name="Select Frame" library="Selenium2Library">
<doc>Sets frame identified by ``locator`` as the current frame.</doc>
<arguments>
<arg>${iframe_line}</arg>
</arguments>
<msg timestamp="20201225 10:16:20.790" level="INFO">Selecting frame 'css=#line_417768025'.</msg>
<status status="PASS" starttime="20201225 10:16:20.790" endtime="20201225 10:16:20.811"></status>
</kw>
<msg timestamp="20201225 10:16:20.811" level="INFO">${result} = PASS</msg>
<msg timestamp="20201225 10:16:20.811" level="INFO">${returnvalue} = None</msg>
<status status="PASS" starttime="20201225 10:16:20.790" endtime="20201225 10:16:20.811"></status>
</kw>
<kw name="Run Keyword If" library="BuiltIn">
<doc>Runs the given keyword with the given arguments, if ``condition`` is true.</doc>
<arguments>
<arg>'${result}'=='PASS'</arg>
<arg>LOG</arg>
<arg>frame定位成功</arg>
<arg>ELSE</arg>
<arg>select_vicframe</arg>
</arguments>
<kw name="Log" library="BuiltIn">
<doc>Logs the given message with the given level.</doc>
<arguments>
<arg>frame定位成功</arg>
</arguments>
<msg timestamp="20201225 10:16:20.812" level="INFO">frame定位成功</msg>
<status status="PASS" starttime="20201225 10:16:20.811" endtime="20201225 10:16:20.812"></status>
</kw>
<status status="PASS" starttime="20201225 10:16:20.811" endtime="20201225 10:16:20.812"></status>
</kw>
<status status="PASS" starttime="20201225 10:16:20.790" endtime="20201225 10:16:20.812"></status>
</kw>
<kw name="wait Rightclick" library="Resource">
<doc>果看到某个按钮没有加载出来，或者点击无反应，我们会稍等下再点点看。</doc>
<arguments>
<arg>${bustidXPATH}</arg>
</arguments>
<kw name="wait element" library="Resource">
<arguments>
<arg>${element locator}</arg>
</arguments>
<kw name="Wait Until Page Contains Element" library="Selenium2Library">
<doc>Waits until the element ``locator`` appears on the current page.</doc>
<arguments>
<arg>${element locator}</arg>
<arg>${wait time}</arg>
</arguments>
<status status="PASS" starttime="20201225 10:16:20.813" endtime="20201225 10:16:20.819"></status>
</kw>
<kw name="Wait Until Element Is Enabled" library="Selenium2Library">
<doc>Waits until the element ``locator`` is enabled.</doc>
<arguments>
<arg>${element locator}</arg>
<arg>${wait time}</arg>
</arguments>
<status status="PASS" starttime="20201225 10:16:20.819" endtime="20201225 10:16:20.834"></status>
</kw>
<kw name="Wait Until Element Is Visible" library="Selenium2Library">
<doc>Waits until the element ``locator`` is visible.</doc>
<arguments>
<arg>${element locator}</arg>
<arg>${wait time}</arg>
</arguments>
<status status="PASS" starttime="20201225 10:16:20.834" endtime="20201225 10:16:20.849"></status>
</kw>
<kw name="Sleep" library="BuiltIn">
<doc>Pauses the test executed for the given time.</doc>
<arguments>
<arg>1</arg>
</arguments>
<msg timestamp="20201225 10:16:21.857" level="INFO">Slept 1 second</msg>
<status status="PASS" starttime="20201225 10:16:20.849" endtime="20201225 10:16:21.857"></status>
</kw>
<status status="PASS" starttime="20201225 10:16:20.812" endtime="20201225 10:16:21.857"></status>
</kw>
<kw name="Set Focus To Element" library="Selenium2Library">
<doc>Sets the focus to the element identified by ``locator``.</doc>
<arguments>
<arg>${element locator}</arg>
</arguments>
<status status="PASS" starttime="20201225 10:16:21.857" endtime="20201225 10:16:21.868"></status>
</kw>
<kw name="Wait Until Keyword Succeeds" library="BuiltIn">
<doc>Runs the specified keyword and retries if it fails.</doc>
<arguments>
<arg>${retry times}</arg>
<arg>5s</arg>
<arg>Right Click Element</arg>
<arg>${element locator}</arg>
</arguments>
<kw name="Right Click Element" library="Selenium2Library">
<arguments>
<arg>${element locator}</arg>
</arguments>
<status status="PASS" starttime="20201225 10:16:21.868" endtime="20201225 10:16:22.192"></status>
</kw>
<status status="PASS" starttime="20201225 10:16:21.868" endtime="20201225 10:16:22.192"></status>
</kw>
<status status="PASS" starttime="20201225 10:16:20.812" endtime="20201225 10:16:22.193"></status>
</kw>
<kw name="wait BsBusdiagrameIframe" library="Resource">
<doc>重试简图调度的iframe
如果主iframe失败，则进入副iframe
如果副iframe，则全部退出到top iframe</doc>
<kw name="Run Keyword And Ignore Error" library="BuiltIn">
<doc>Runs the given keyword with the given arguments and ignores possible error.</doc>
<arguments>
<arg>Select Frame</arg>
<arg>${iframe_tab}</arg>
</arguments>
<assign>
<var>${result}</var>
<var>${returnvalue}</var>
</assign>
<kw name="Select Frame" library="Selenium2Library">
<doc>Sets frame identified by ``locator`` as the current frame.</doc>
<arguments>
<arg>${iframe_tab}</arg>
</arguments>
<msg timestamp="20201225 10:16:22.193" level="INFO">Selecting frame 'id=iframe_tab_BsBusdiagarm-Maplist-417768025'.</msg>
<kw name="Capture Page Screenshot" library="Selenium2Library">
<doc>Takes a screenshot of the current page and embeds it into a log file.</doc>
<msg timestamp="20201225 10:16:22.550" level="INFO" html="yes">&lt;/td&gt;&lt;/tr&gt;&lt;tr&gt;&lt;td colspan="3"&gt;&lt;a href="selenium-screenshot-154.png"&gt;&lt;img src="selenium-screenshot-154.png" width="800px"&gt;&lt;/a&gt;</msg>
<status status="PASS" starttime="20201225 10:16:22.200" endtime="20201225 10:16:22.551"></status>
</kw>
<msg timestamp="20201225 10:16:22.551" level="FAIL">Element with locator 'id=iframe_tab_BsBusdiagarm-Maplist-417768025' not found.</msg>
<status status="FAIL" starttime="20201225 10:16:22.193" endtime="20201225 10:16:22.551"></status>
</kw>
<msg timestamp="20201225 10:16:22.551" level="INFO">${result} = FAIL</msg>
<msg timestamp="20201225 10:16:22.551" level="INFO">${returnvalue} = Element with locator 'id=iframe_tab_BsBusdiagarm-Maplist-417768025' not found.</msg>
<status status="PASS" starttime="20201225 10:16:22.193" endtime="20201225 10:16:22.551"></status>
</kw>
<kw name="Evaluate" library="BuiltIn">
<doc>Evaluates the given expression in Python and returns the results.</doc>
<arguments>
<arg>type($result)</arg>
</arguments>
<assign>
<var>${typeresult}</var>
</assign>
<msg timestamp="20201225 10:16:22.552" level="INFO">${typeresult} = &lt;class 'str'&gt;</msg>
<status status="PASS" starttime="20201225 10:16:22.551" endtime="20201225 10:16:22.552"></status>
</kw>
<kw name="Run Keyword If" library="BuiltIn">
<doc>Runs the given keyword with the given arguments, if ``condition`` is true.</doc>
<arguments>
<arg>'${result}'=='PASS'</arg>
<arg>LOG</arg>
<arg>frame定位成功</arg>
<arg>ELSE</arg>
<arg>select_iframe</arg>
</arguments>
<kw name="select_iframe" library="Resource">
<kw name="Unselect Frame" library="Selenium2Library">
<doc>Sets the main frame as the current frame.</doc>
<status status="PASS" starttime="20201225 10:16:22.552" endtime="20201225 10:16:22.555"></status>
</kw>
<kw name="Select Frame" library="Selenium2Library">
<doc>Sets frame identified by ``locator`` as the current frame.</doc>
<arguments>
<arg>${iframe_tab}</arg>
</arguments>
<msg timestamp="20201225 10:16:22.555" level="INFO">Selecting frame 'id=iframe_tab_BsBusdiagarm-Maplist-417768025'.</msg>
<status status="PASS" starttime="20201225 10:16:22.555" endtime="20201225 10:16:22.570"></status>
</kw>
<status status="PASS" starttime="20201225 10:16:22.552" endtime="20201225 10:16:22.570"></status>
</kw>
<status status="PASS" starttime="20201225 10:16:22.552" endtime="20201225 10:16:22.570"></status>
</kw>
<status status="PASS" starttime="20201225 10:16:22.193" endtime="20201225 10:16:22.570"></status>
</kw>
<kw name="wait click" library="Resource">
<doc>果看到某个按钮没有加载出来，或者点击无反应，我们会稍等下再点点看。</doc>
<arguments>
<arg>${XPATH}</arg>
</arguments>
<kw name="wait element" library="Resource">
<arguments>
<arg>${element locator}</arg>
</arguments>
<kw name="Wait Until Page Contains Element" library="Selenium2Library">
<doc>Waits until the element ``locator`` appears on the current page.</doc>
<arguments>
<arg>${element locator}</arg>
<arg>${wait time}</arg>
</arguments>
<status status="PASS" starttime="20201225 10:16:22.571" endtime="20201225 10:16:22.580"></status>
</kw>
<kw name="Wait Until Element Is Enabled" library="Selenium2Library">
<doc>Waits until the element ``locator`` is enabled.</doc>
<arguments>
<arg>${element locator}</arg>
<arg>${wait time}</arg>
</arguments>
<status status="PASS" starttime="20201225 10:16:22.580" endtime="20201225 10:16:22.597"></status>
</kw>
<kw name="Wait Until Element Is Visible" library="Selenium2Library">
<doc>Waits until the element ``locator`` is visible.</doc>
<arguments>
<arg>${element locator}</arg>
<arg>${wait time}</arg>
</arguments>
<status status="PASS" starttime="20201225 10:16:22.597" endtime="20201225 10:16:22.611"></status>
</kw>
<kw name="Sleep" library="BuiltIn">
<doc>Pauses the test executed for the given time.</doc>
<arguments>
<arg>1</arg>
</arguments>
<msg timestamp="20201225 10:16:23.613" level="INFO">Slept 1 second</msg>
<status status="PASS" starttime="20201225 10:16:22.612" endtime="20201225 10:16:23.613"></status>
</kw>
<status status="PASS" starttime="20201225 10:16:22.570" endtime="20201225 10:16:23.613"></status>
</kw>
<kw name="Set Focus To Element" library="Selenium2Library">
<doc>Sets the focus to the element identified by ``locator``.</doc>
<arguments>
<arg>${element locator}</arg>
</arguments>
<status status="PASS" starttime="20201225 10:16:23.614" endtime="20201225 10:16:23.627"></status>
</kw>
<kw name="Wait Until Keyword Succeeds" library="BuiltIn">
<doc>Runs the specified keyword and retries if it fails.</doc>
<arguments>
<arg>${retry times}</arg>
<arg>5s</arg>
<arg>click element</arg>
<arg>${element locator}</arg>
</arguments>
<kw name="Click Element" library="Selenium2Library">
<doc>Click the element identified by ``locator``.</doc>
<arguments>
<arg>${element locator}</arg>
</arguments>
<msg timestamp="20201225 10:16:23.627" level="INFO">Clicking element 'xpath=//a[contains(text(),"线路") and @tabindex='-1']'.</msg>
<status status="PASS" starttime="20201225 10:16:23.627" endtime="20201225 10:16:23.700"></status>
</kw>
<status status="PASS" starttime="20201225 10:16:23.627" endtime="20201225 10:16:23.700"></status>
</kw>
<status status="PASS" starttime="20201225 10:16:22.570" endtime="20201225 10:16:23.700"></status>
</kw>
<kw name="wait click" library="Resource">
<doc>果看到某个按钮没有加载出来，或者点击无反应，我们会稍等下再点点看。</doc>
<arguments>
<arg>xpath=//button[contains(text(),'返回')]</arg>
</arguments>
<kw name="wait element" library="Resource">
<arguments>
<arg>${element locator}</arg>
</arguments>
<kw name="Wait Until Page Contains Element" library="Selenium2Library">
<doc>Waits until the element ``locator`` appears on the current page.</doc>
<arguments>
<arg>${element locator}</arg>
<arg>${wait time}</arg>
</arguments>
<status status="PASS" starttime="20201225 10:16:23.701" endtime="20201225 10:16:23.710"></status>
</kw>
<kw name="Wait Until Element Is Enabled" library="Selenium2Library">
<doc>Waits until the element ``locator`` is enabled.</doc>
<arguments>
<arg>${element locator}</arg>
<arg>${wait time}</arg>
</arguments>
<status status="PASS" starttime="20201225 10:16:23.710" endtime="20201225 10:16:23.731"></status>
</kw>
<kw name="Wait Until Element Is Visible" library="Selenium2Library">
<doc>Waits until the element ``locator`` is visible.</doc>
<arguments>
<arg>${element locator}</arg>
<arg>${wait time}</arg>
</arguments>
<status status="PASS" starttime="20201225 10:16:23.731" endtime="20201225 10:16:23.748"></status>
</kw>
<kw name="Sleep" library="BuiltIn">
<doc>Pauses the test executed for the given time.</doc>
<arguments>
<arg>1</arg>
</arguments>
<msg timestamp="20201225 10:16:24.759" level="INFO">Slept 1 second</msg>
<status status="PASS" starttime="20201225 10:16:23.749" endtime="20201225 10:16:24.759"></status>
</kw>
<status status="PASS" starttime="20201225 10:16:23.701" endtime="20201225 10:16:24.759"></status>
</kw>
<kw name="Set Focus To Element" library="Selenium2Library">
<doc>Sets the focus to the element identified by ``locator``.</doc>
<arguments>
<arg>${element locator}</arg>
</arguments>
<status status="PASS" starttime="20201225 10:16:24.759" endtime="20201225 10:16:24.774"></status>
</kw>
<kw name="Wait Until Keyword Succeeds" library="BuiltIn">
<doc>Runs the specified keyword and retries if it fails.</doc>
<arguments>
<arg>${retry times}</arg>
<arg>5s</arg>
<arg>click element</arg>
<arg>${element locator}</arg>
</arguments>
<kw name="Click Element" library="Selenium2Library">
<doc>Click the element identified by ``locator``.</doc>
<arguments>
<arg>${element locator}</arg>
</arguments>
<msg timestamp="20201225 10:16:24.775" level="INFO">Clicking element 'xpath=//button[contains(text(),'返回')]'.</msg>
<status status="PASS" starttime="20201225 10:16:24.774" endtime="20201225 10:16:24.833"></status>
</kw>
<status status="PASS" starttime="20201225 10:16:24.774" endtime="20201225 10:16:24.833"></status>
</kw>
<status status="PASS" starttime="20201225 10:16:23.701" endtime="20201225 10:16:24.833"></status>
</kw>
<status status="PASS" starttime="20201225 10:16:20.790" endtime="20201225 10:16:24.833"></status>
</kw>
<kw name="${XPATH} = xpath=//a[contains(text(),&quot;视频&quot;) and @tabindex='-1']" type="foritem">
<kw name="wait BsBusdiagrameViceIframe" library="Resource">
<doc>重试简图调度的iframe
如果主iframe失败，则进入副iframe
如果副iframe，则全部退出到top iframe</doc>
<kw name="Run Keyword And Ignore Error" library="BuiltIn">
<doc>Runs the given keyword with the given arguments and ignores possible error.</doc>
<arguments>
<arg>Select Frame</arg>
<arg>${iframe_line}</arg>
</arguments>
<assign>
<var>${result}</var>
<var>${returnvalue}</var>
</assign>
<kw name="Select Frame" library="Selenium2Library">
<doc>Sets frame identified by ``locator`` as the current frame.</doc>
<arguments>
<arg>${iframe_line}</arg>
</arguments>
<msg timestamp="20201225 10:16:24.834" level="INFO">Selecting frame 'css=#line_417768025'.</msg>
<status status="PASS" starttime="20201225 10:16:24.834" endtime="20201225 10:16:24.852"></status>
</kw>
<msg timestamp="20201225 10:16:24.852" level="INFO">${result} = PASS</msg>
<msg timestamp="20201225 10:16:24.852" level="INFO">${returnvalue} = None</msg>
<status status="PASS" starttime="20201225 10:16:24.833" endtime="20201225 10:16:24.852"></status>
</kw>
<kw name="Run Keyword If" library="BuiltIn">
<doc>Runs the given keyword with the given arguments, if ``condition`` is true.</doc>
<arguments>
<arg>'${result}'=='PASS'</arg>
<arg>LOG</arg>
<arg>frame定位成功</arg>
<arg>ELSE</arg>
<arg>select_vicframe</arg>
</arguments>
<kw name="Log" library="BuiltIn">
<doc>Logs the given message with the given level.</doc>
<arguments>
<arg>frame定位成功</arg>
</arguments>
<msg timestamp="20201225 10:16:24.853" level="INFO">frame定位成功</msg>
<status status="PASS" starttime="20201225 10:16:24.853" endtime="20201225 10:16:24.853"></status>
</kw>
<status status="PASS" starttime="20201225 10:16:24.852" endtime="20201225 10:16:24.853"></status>
</kw>
<status status="PASS" starttime="20201225 10:16:24.833" endtime="20201225 10:16:24.853"></status>
</kw>
<kw name="wait Rightclick" library="Resource">
<doc>果看到某个按钮没有加载出来，或者点击无反应，我们会稍等下再点点看。</doc>
<arguments>
<arg>${bustidXPATH}</arg>
</arguments>
<kw name="wait element" library="Resource">
<arguments>
<arg>${element locator}</arg>
</arguments>
<kw name="Wait Until Page Contains Element" library="Selenium2Library">
<doc>Waits until the element ``locator`` appears on the current page.</doc>
<arguments>
<arg>${element locator}</arg>
<arg>${wait time}</arg>
</arguments>
<status status="PASS" starttime="20201225 10:16:24.854" endtime="20201225 10:16:24.861"></status>
</kw>
<kw name="Wait Until Element Is Enabled" library="Selenium2Library">
<doc>Waits until the element ``locator`` is enabled.</doc>
<arguments>
<arg>${element locator}</arg>
<arg>${wait time}</arg>
</arguments>
<status status="PASS" starttime="20201225 10:16:24.861" endtime="20201225 10:16:24.877"></status>
</kw>
<kw name="Wait Until Element Is Visible" library="Selenium2Library">
<doc>Waits until the element ``locator`` is visible.</doc>
<arguments>
<arg>${element locator}</arg>
<arg>${wait time}</arg>
</arguments>
<status status="PASS" starttime="20201225 10:16:24.877" endtime="20201225 10:16:24.891"></status>
</kw>
<kw name="Sleep" library="BuiltIn">
<doc>Pauses the test executed for the given time.</doc>
<arguments>
<arg>1</arg>
</arguments>
<msg timestamp="20201225 10:16:25.891" level="INFO">Slept 1 second</msg>
<status status="PASS" starttime="20201225 10:16:24.891" endtime="20201225 10:16:25.891"></status>
</kw>
<status status="PASS" starttime="20201225 10:16:24.854" endtime="20201225 10:16:25.891"></status>
</kw>
<kw name="Set Focus To Element" library="Selenium2Library">
<doc>Sets the focus to the element identified by ``locator``.</doc>
<arguments>
<arg>${element locator}</arg>
</arguments>
<status status="PASS" starttime="20201225 10:16:25.891" endtime="20201225 10:16:25.903"></status>
</kw>
<kw name="Wait Until Keyword Succeeds" library="BuiltIn">
<doc>Runs the specified keyword and retries if it fails.</doc>
<arguments>
<arg>${retry times}</arg>
<arg>5s</arg>
<arg>Right Click Element</arg>
<arg>${element locator}</arg>
</arguments>
<kw name="Right Click Element" library="Selenium2Library">
<arguments>
<arg>${element locator}</arg>
</arguments>
<status status="PASS" starttime="20201225 10:16:25.903" endtime="20201225 10:16:26.207"></status>
</kw>
<status status="PASS" starttime="20201225 10:16:25.903" endtime="20201225 10:16:26.207"></status>
</kw>
<status status="PASS" starttime="20201225 10:16:24.853" endtime="20201225 10:16:26.207"></status>
</kw>
<kw name="wait BsBusdiagrameIframe" library="Resource">
<doc>重试简图调度的iframe
如果主iframe失败，则进入副iframe
如果副iframe，则全部退出到top iframe</doc>
<kw name="Run Keyword And Ignore Error" library="BuiltIn">
<doc>Runs the given keyword with the given arguments and ignores possible error.</doc>
<arguments>
<arg>Select Frame</arg>
<arg>${iframe_tab}</arg>
</arguments>
<assign>
<var>${result}</var>
<var>${returnvalue}</var>
</assign>
<kw name="Select Frame" library="Selenium2Library">
<doc>Sets frame identified by ``locator`` as the current frame.</doc>
<arguments>
<arg>${iframe_tab}</arg>
</arguments>
<msg timestamp="20201225 10:16:26.208" level="INFO">Selecting frame 'id=iframe_tab_BsBusdiagarm-Maplist-417768025'.</msg>
<kw name="Capture Page Screenshot" library="Selenium2Library">
<doc>Takes a screenshot of the current page and embeds it into a log file.</doc>
<msg timestamp="20201225 10:16:26.570" level="INFO" html="yes">&lt;/td&gt;&lt;/tr&gt;&lt;tr&gt;&lt;td colspan="3"&gt;&lt;a href="selenium-screenshot-155.png"&gt;&lt;img src="selenium-screenshot-155.png" width="800px"&gt;&lt;/a&gt;</msg>
<status status="PASS" starttime="20201225 10:16:26.213" endtime="20201225 10:16:26.570"></status>
</kw>
<msg timestamp="20201225 10:16:26.570" level="FAIL">Element with locator 'id=iframe_tab_BsBusdiagarm-Maplist-417768025' not found.</msg>
<status status="FAIL" starttime="20201225 10:16:26.207" endtime="20201225 10:16:26.570"></status>
</kw>
<msg timestamp="20201225 10:16:26.570" level="INFO">${result} = FAIL</msg>
<msg timestamp="20201225 10:16:26.570" level="INFO">${returnvalue} = Element with locator 'id=iframe_tab_BsBusdiagarm-Maplist-417768025' not found.</msg>
<status status="PASS" starttime="20201225 10:16:26.207" endtime="20201225 10:16:26.570"></status>
</kw>
<kw name="Evaluate" library="BuiltIn">
<doc>Evaluates the given expression in Python and returns the results.</doc>
<arguments>
<arg>type($result)</arg>
</arguments>
<assign>
<var>${typeresult}</var>
</assign>
<msg timestamp="20201225 10:16:26.571" level="INFO">${typeresult} = &lt;class 'str'&gt;</msg>
<status status="PASS" starttime="20201225 10:16:26.571" endtime="20201225 10:16:26.571"></status>
</kw>
<kw name="Run Keyword If" library="BuiltIn">
<doc>Runs the given keyword with the given arguments, if ``condition`` is true.</doc>
<arguments>
<arg>'${result}'=='PASS'</arg>
<arg>LOG</arg>
<arg>frame定位成功</arg>
<arg>ELSE</arg>
<arg>select_iframe</arg>
</arguments>
<kw name="select_iframe" library="Resource">
<kw name="Unselect Frame" library="Selenium2Library">
<doc>Sets the main frame as the current frame.</doc>
<status status="PASS" starttime="20201225 10:16:26.572" endtime="20201225 10:16:26.574"></status>
</kw>
<kw name="Select Frame" library="Selenium2Library">
<doc>Sets frame identified by ``locator`` as the current frame.</doc>
<arguments>
<arg>${iframe_tab}</arg>
</arguments>
<msg timestamp="20201225 10:16:26.575" level="INFO">Selecting frame 'id=iframe_tab_BsBusdiagarm-Maplist-417768025'.</msg>
<status status="PASS" starttime="20201225 10:16:26.574" endtime="20201225 10:16:26.591"></status>
</kw>
<status status="PASS" starttime="20201225 10:16:26.572" endtime="20201225 10:16:26.591"></status>
</kw>
<status status="PASS" starttime="20201225 10:16:26.571" endtime="20201225 10:16:26.591"></status>
</kw>
<status status="PASS" starttime="20201225 10:16:26.207" endtime="20201225 10:16:26.591"></status>
</kw>
<kw name="wait click" library="Resource">
<doc>果看到某个按钮没有加载出来，或者点击无反应，我们会稍等下再点点看。</doc>
<arguments>
<arg>${XPATH}</arg>
</arguments>
<kw name="wait element" library="Resource">
<arguments>
<arg>${element locator}</arg>
</arguments>
<kw name="Wait Until Page Contains Element" library="Selenium2Library">
<doc>Waits until the element ``locator`` appears on the current page.</doc>
<arguments>
<arg>${element locator}</arg>
<arg>${wait time}</arg>
</arguments>
<status status="PASS" starttime="20201225 10:16:26.592" endtime="20201225 10:16:26.600"></status>
</kw>
<kw name="Wait Until Element Is Enabled" library="Selenium2Library">
<doc>Waits until the element ``locator`` is enabled.</doc>
<arguments>
<arg>${element locator}</arg>
<arg>${wait time}</arg>
</arguments>
<status status="PASS" starttime="20201225 10:16:26.601" endtime="20201225 10:16:26.618"></status>
</kw>
<kw name="Wait Until Element Is Visible" library="Selenium2Library">
<doc>Waits until the element ``locator`` is visible.</doc>
<arguments>
<arg>${element locator}</arg>
<arg>${wait time}</arg>
</arguments>
<status status="PASS" starttime="20201225 10:16:26.618" endtime="20201225 10:16:26.632"></status>
</kw>
<kw name="Sleep" library="BuiltIn">
<doc>Pauses the test executed for the given time.</doc>
<arguments>
<arg>1</arg>
</arguments>
<msg timestamp="20201225 10:16:27.640" level="INFO">Slept 1 second</msg>
<status status="PASS" starttime="20201225 10:16:26.632" endtime="20201225 10:16:27.640"></status>
</kw>
<status status="PASS" starttime="20201225 10:16:26.591" endtime="20201225 10:16:27.640"></status>
</kw>
<kw name="Set Focus To Element" library="Selenium2Library">
<doc>Sets the focus to the element identified by ``locator``.</doc>
<arguments>
<arg>${element locator}</arg>
</arguments>
<status status="PASS" starttime="20201225 10:16:27.640" endtime="20201225 10:16:27.654"></status>
</kw>
<kw name="Wait Until Keyword Succeeds" library="BuiltIn">
<doc>Runs the specified keyword and retries if it fails.</doc>
<arguments>
<arg>${retry times}</arg>
<arg>5s</arg>
<arg>click element</arg>
<arg>${element locator}</arg>
</arguments>
<kw name="Click Element" library="Selenium2Library">
<doc>Click the element identified by ``locator``.</doc>
<arguments>
<arg>${element locator}</arg>
</arguments>
<msg timestamp="20201225 10:16:27.655" level="INFO">Clicking element 'xpath=//a[contains(text(),"视频") and @tabindex='-1']'.</msg>
<status status="PASS" starttime="20201225 10:16:27.655" endtime="20201225 10:16:27.728"></status>
</kw>
<status status="PASS" starttime="20201225 10:16:27.654" endtime="20201225 10:16:27.728"></status>
</kw>
<status status="PASS" starttime="20201225 10:16:26.591" endtime="20201225 10:16:27.728"></status>
</kw>
<kw name="wait click" library="Resource">
<doc>果看到某个按钮没有加载出来，或者点击无反应，我们会稍等下再点点看。</doc>
<arguments>
<arg>xpath=//button[contains(text(),'返回')]</arg>
</arguments>
<kw name="wait element" library="Resource">
<arguments>
<arg>${element locator}</arg>
</arguments>
<kw name="Wait Until Page Contains Element" library="Selenium2Library">
<doc>Waits until the element ``locator`` appears on the current page.</doc>
<arguments>
<arg>${element locator}</arg>
<arg>${wait time}</arg>
</arguments>
<status status="PASS" starttime="20201225 10:16:27.729" endtime="20201225 10:16:27.736"></status>
</kw>
<kw name="Wait Until Element Is Enabled" library="Selenium2Library">
<doc>Waits until the element ``locator`` is enabled.</doc>
<arguments>
<arg>${element locator}</arg>
<arg>${wait time}</arg>
</arguments>
<status status="PASS" starttime="20201225 10:16:27.736" endtime="20201225 10:16:27.756"></status>
</kw>
<kw name="Wait Until Element Is Visible" library="Selenium2Library">
<doc>Waits until the element ``locator`` is visible.</doc>
<arguments>
<arg>${element locator}</arg>
<arg>${wait time}</arg>
</arguments>
<status status="PASS" starttime="20201225 10:16:27.756" endtime="20201225 10:16:27.773"></status>
</kw>
<kw name="Sleep" library="BuiltIn">
<doc>Pauses the test executed for the given time.</doc>
<arguments>
<arg>1</arg>
</arguments>
<msg timestamp="20201225 10:16:28.780" level="INFO">Slept 1 second</msg>
<status status="PASS" starttime="20201225 10:16:27.773" endtime="20201225 10:16:28.780"></status>
</kw>
<status status="PASS" starttime="20201225 10:16:27.729" endtime="20201225 10:16:28.781"></status>
</kw>
<kw name="Set Focus To Element" library="Selenium2Library">
<doc>Sets the focus to the element identified by ``locator``.</doc>
<arguments>
<arg>${element locator}</arg>
</arguments>
<status status="PASS" starttime="20201225 10:16:28.781" endtime="20201225 10:16:28.793"></status>
</kw>
<kw name="Wait Until Keyword Succeeds" library="BuiltIn">
<doc>Runs the specified keyword and retries if it fails.</doc>
<arguments>
<arg>${retry times}</arg>
<arg>5s</arg>
<arg>click element</arg>
<arg>${element locator}</arg>
</arguments>
<kw name="Click Element" library="Selenium2Library">
<doc>Click the element identified by ``locator``.</doc>
<arguments>
<arg>${element locator}</arg>
</arguments>
<msg timestamp="20201225 10:16:28.793" level="INFO">Clicking element 'xpath=//button[contains(text(),'返回')]'.</msg>
<status status="PASS" starttime="20201225 10:16:28.793" endtime="20201225 10:16:28.854"></status>
</kw>
<status status="PASS" starttime="20201225 10:16:28.793" endtime="20201225 10:16:28.855"></status>
</kw>
<status status="PASS" starttime="20201225 10:16:27.728" endtime="20201225 10:16:28.855"></status>
</kw>
<status status="PASS" starttime="20201225 10:16:24.833" endtime="20201225 10:16:28.855"></status>
</kw>
<kw name="${XPATH} = xpath=//a[contains(text(),&quot;线路&quot;) and @tabindex='-1']" type="foritem">
<kw name="wait BsBusdiagrameViceIframe" library="Resource">
<doc>重试简图调度的iframe
如果主iframe失败，则进入副iframe
如果副iframe，则全部退出到top iframe</doc>
<kw name="Run Keyword And Ignore Error" library="BuiltIn">
<doc>Runs the given keyword with the given arguments and ignores possible error.</doc>
<arguments>
<arg>Select Frame</arg>
<arg>${iframe_line}</arg>
</arguments>
<assign>
<var>${result}</var>
<var>${returnvalue}</var>
</assign>
<kw name="Select Frame" library="Selenium2Library">
<doc>Sets frame identified by ``locator`` as the current frame.</doc>
<arguments>
<arg>${iframe_line}</arg>
</arguments>
<msg timestamp="20201225 10:16:28.856" level="INFO">Selecting frame 'css=#line_417768025'.</msg>
<status status="PASS" starttime="20201225 10:16:28.855" endtime="20201225 10:16:28.875"></status>
</kw>
<msg timestamp="20201225 10:16:28.875" level="INFO">${result} = PASS</msg>
<msg timestamp="20201225 10:16:28.875" level="INFO">${returnvalue} = None</msg>
<status status="PASS" starttime="20201225 10:16:28.855" endtime="20201225 10:16:28.875"></status>
</kw>
<kw name="Run Keyword If" library="BuiltIn">
<doc>Runs the given keyword with the given arguments, if ``condition`` is true.</doc>
<arguments>
<arg>'${result}'=='PASS'</arg>
<arg>LOG</arg>
<arg>frame定位成功</arg>
<arg>ELSE</arg>
<arg>select_vicframe</arg>
</arguments>
<kw name="Log" library="BuiltIn">
<doc>Logs the given message with the given level.</doc>
<arguments>
<arg>frame定位成功</arg>
</arguments>
<msg timestamp="20201225 10:16:28.876" level="INFO">frame定位成功</msg>
<status status="PASS" starttime="20201225 10:16:28.876" endtime="20201225 10:16:28.876"></status>
</kw>
<status status="PASS" starttime="20201225 10:16:28.875" endtime="20201225 10:16:28.876"></status>
</kw>
<status status="PASS" starttime="20201225 10:16:28.855" endtime="20201225 10:16:28.877"></status>
</kw>
<kw name="wait Rightclick" library="Resource">
<doc>果看到某个按钮没有加载出来，或者点击无反应，我们会稍等下再点点看。</doc>
<arguments>
<arg>${bustidXPATH}</arg>
</arguments>
<kw name="wait element" library="Resource">
<arguments>
<arg>${element locator}</arg>
</arguments>
<kw name="Wait Until Page Contains Element" library="Selenium2Library">
<doc>Waits until the element ``locator`` appears on the current page.</doc>
<arguments>
<arg>${element locator}</arg>
<arg>${wait time}</arg>
</arguments>
<status status="PASS" starttime="20201225 10:16:28.877" endtime="20201225 10:16:28.883"></status>
</kw>
<kw name="Wait Until Element Is Enabled" library="Selenium2Library">
<doc>Waits until the element ``locator`` is enabled.</doc>
<arguments>
<arg>${element locator}</arg>
<arg>${wait time}</arg>
</arguments>
<status status="PASS" starttime="20201225 10:16:28.884" endtime="20201225 10:16:28.899"></status>
</kw>
<kw name="Wait Until Element Is Visible" library="Selenium2Library">
[...]
<arguments>
<arg>${retry times}</arg>
<arg>5s</arg>
<arg>click element</arg>
<arg>${element locator}</arg>
</arguments>
<kw name="Click Element" library="Selenium2Library">
<doc>Click the element identified by ``locator``.</doc>
<arguments>
<arg>${element locator}</arg>
</arguments>
<msg timestamp="20201225 10:34:55.999" level="INFO">Clicking element 'xpath=//div[@class="modal-body"]/div/div[2]/div/table/tbody/tr/td/div[2]/div/table/tbody/tr/th/div'.</msg>
<status status="PASS" starttime="20201225 10:34:55.999" endtime="20201225 10:34:56.058"></status>
</kw>
<status status="PASS" starttime="20201225 10:34:55.999" endtime="20201225 10:34:56.058"></status>
</kw>
<status status="PASS" starttime="20201225 10:34:53.924" endtime="20201225 10:34:56.058"></status>
</kw>
<kw name="wait click" library="Resource">
<doc>果看到某个按钮没有加载出来，或者点击无反应，我们会稍等下再点点看。</doc>
<arguments>
<arg>xpath=//span[contains(text(),"删除")]</arg>
</arguments>
<kw name="wait element" library="Resource">
<arguments>
<arg>${element locator}</arg>
</arguments>
<kw name="Wait Until Page Contains Element" library="Selenium2Library">
<doc>Waits until the element ``locator`` appears on the current page.</doc>
<arguments>
<arg>${element locator}</arg>
<arg>${wait time}</arg>
</arguments>
<status status="PASS" starttime="20201225 10:34:56.059" endtime="20201225 10:34:56.068"></status>
</kw>
<kw name="Wait Until Element Is Enabled" library="Selenium2Library">
<doc>Waits until the element ``locator`` is enabled.</doc>
<arguments>
<arg>${element locator}</arg>
<arg>${wait time}</arg>
</arguments>
<status status="PASS" starttime="20201225 10:34:56.068" endtime="20201225 10:34:56.089"></status>
</kw>
<kw name="Wait Until Element Is Visible" library="Selenium2Library">
<doc>Waits until the element ``locator`` is visible.</doc>
<arguments>
<arg>${element locator}</arg>
<arg>${wait time}</arg>
</arguments>
<status status="PASS" starttime="20201225 10:34:56.089" endtime="20201225 10:34:56.105"></status>
</kw>
<kw name="Sleep" library="BuiltIn">
<doc>Pauses the test executed for the given time.</doc>
<arguments>
<arg>1</arg>
</arguments>
<msg timestamp="20201225 10:34:57.120" level="INFO">Slept 1 second</msg>
<status status="PASS" starttime="20201225 10:34:56.105" endtime="20201225 10:34:57.120"></status>
</kw>
<status status="PASS" starttime="20201225 10:34:56.058" endtime="20201225 10:34:57.120"></status>
</kw>
<kw name="Set Focus To Element" library="Selenium2Library">
<doc>Sets the focus to the element identified by ``locator``.</doc>
<arguments>
<arg>${element locator}</arg>
</arguments>
<status status="PASS" starttime="20201225 10:34:57.121" endtime="20201225 10:34:57.132"></status>
</kw>
<kw name="Wait Until Keyword Succeeds" library="BuiltIn">
<doc>Runs the specified keyword and retries if it fails.</doc>
<arguments>
<arg>${retry times}</arg>
<arg>5s</arg>
<arg>click element</arg>
<arg>${element locator}</arg>
</arguments>
<kw name="Click Element" library="Selenium2Library">
<doc>Click the element identified by ``locator``.</doc>
<arguments>
<arg>${element locator}</arg>
</arguments>
<msg timestamp="20201225 10:34:57.133" level="INFO">Clicking element 'xpath=//span[contains(text(),"删除")]'.</msg>
<status status="PASS" starttime="20201225 10:34:57.132" endtime="20201225 10:34:57.202"></status>
</kw>
<status status="PASS" starttime="20201225 10:34:57.132" endtime="20201225 10:34:57.202"></status>
</kw>
<status status="PASS" starttime="20201225 10:34:56.058" endtime="20201225 10:34:57.202"></status>
</kw>
<kw name="wait click" library="Resource">
<doc>果看到某个按钮没有加载出来，或者点击无反应，我们会稍等下再点点看。</doc>
<arguments>
<arg>xpath=//button[contains(text(),"确定")]</arg>
</arguments>
<kw name="wait element" library="Resource">
<arguments>
<arg>${element locator}</arg>
</arguments>
<kw name="Wait Until Page Contains Element" library="Selenium2Library">
<doc>Waits until the element ``locator`` appears on the current page.</doc>
<arguments>
<arg>${element locator}</arg>
<arg>${wait time}</arg>
</arguments>
<status status="PASS" starttime="20201225 10:34:57.203" endtime="20201225 10:34:57.216"></status>
</kw>
<kw name="Wait Until Element Is Enabled" library="Selenium2Library">
<doc>Waits until the element ``locator`` is enabled.</doc>
<arguments>
<arg>${element locator}</arg>
<arg>${wait time}</arg>
</arguments>
<status status="PASS" starttime="20201225 10:34:57.216" endtime="20201225 10:34:57.233"></status>
</kw>
<kw name="Wait Until Element Is Visible" library="Selenium2Library">
<doc>Waits until the element ``locator`` is visible.</doc>
<arguments>
<arg>${element locator}</arg>
<arg>${wait time}</arg>
</arguments>
<status status="PASS" starttime="20201225 10:34:57.233" endtime="20201225 10:34:57.248"></status>
</kw>
<kw name="Sleep" library="BuiltIn">
<doc>Pauses the test executed for the given time.</doc>
<arguments>
<arg>1</arg>
</arguments>
<msg timestamp="20201225 10:34:58.254" level="INFO">Slept 1 second</msg>
<status status="PASS" starttime="20201225 10:34:57.248" endtime="20201225 10:34:58.254"></status>
</kw>
<status status="PASS" starttime="20201225 10:34:57.203" endtime="20201225 10:34:58.254"></status>
</kw>
<kw name="Set Focus To Element" library="Selenium2Library">
<doc>Sets the focus to the element identified by ``locator``.</doc>
<arguments>
<arg>${element locator}</arg>
</arguments>
<status status="PASS" starttime="20201225 10:34:58.255" endtime="20201225 10:34:58.267"></status>
</kw>
<kw name="Wait Until Keyword Succeeds" library="BuiltIn">
<doc>Runs the specified keyword and retries if it fails.</doc>
<arguments>
<arg>${retry times}</arg>
<arg>5s</arg>
<arg>click element</arg>
<arg>${element locator}</arg>
</arguments>
<kw name="Click Element" library="Selenium2Library">
<doc>Click the element identified by ``locator``.</doc>
<arguments>
<arg>${element locator}</arg>
</arguments>
<msg timestamp="20201225 10:34:58.268" level="INFO">Clicking element 'xpath=//button[contains(text(),"确定")]'.</msg>
<status status="PASS" starttime="20201225 10:34:58.268" endtime="20201225 10:34:58.336"></status>
</kw>
<status status="PASS" starttime="20201225 10:34:58.268" endtime="20201225 10:34:58.336"></status>
</kw>
<status status="PASS" starttime="20201225 10:34:57.203" endtime="20201225 10:34:58.336"></status>
</kw>
<kw name="wait contains" library="Resource">
<arguments>
<arg>没有数据</arg>
</arguments>
<kw name="Sleep" library="BuiltIn">
<doc>Pauses the test executed for the given time.</doc>
<arguments>
<arg>3</arg>
</arguments>
<msg timestamp="20201225 10:35:01.346" level="INFO">Slept 3 seconds</msg>
<status status="PASS" starttime="20201225 10:34:58.337" endtime="20201225 10:35:01.347"></status>
</kw>
<kw name="Capture Page Screenshot" library="Selenium2Library">
<doc>Takes a screenshot of the current page and embeds it into a log file.</doc>
<msg timestamp="20201225 10:35:01.699" level="INFO" html="yes">&lt;/td&gt;&lt;/tr&gt;&lt;tr&gt;&lt;td colspan="3"&gt;&lt;a href="selenium-screenshot-189.png"&gt;&lt;img src="selenium-screenshot-189.png" width="800px"&gt;&lt;/a&gt;</msg>
<status status="PASS" starttime="20201225 10:35:01.347" endtime="20201225 10:35:01.699"></status>
</kw>
<kw name="Wait Until Page Contains" library="Selenium2Library">
<doc>Waits until ``text`` appears on the current page.</doc>
<arguments>
<arg>${wait text}</arg>
<arg>${wait time}</arg>
</arguments>
<status status="PASS" starttime="20201225 10:35:01.699" endtime="20201225 10:35:01.714"></status>
</kw>
<kw name="Sleep" library="BuiltIn">
<doc>Pauses the test executed for the given time.</doc>
<arguments>
<arg>1</arg>
</arguments>
<msg timestamp="20201225 10:35:02.718" level="INFO">Slept 1 second</msg>
<status status="PASS" starttime="20201225 10:35:01.714" endtime="20201225 10:35:02.718"></status>
</kw>
<status status="PASS" starttime="20201225 10:34:58.336" endtime="20201225 10:35:02.718"></status>
</kw>
<kw name="create webservice" library="Resource">
<arguments>
<arg>${ip}</arg>
</arguments>
<kw name="Create Dictionary" library="BuiltIn">
<doc>Creates and returns a dictionary based on the given ``items``.</doc>
<assign>
<var>${headers}</var>
</assign>
<msg timestamp="20201225 10:35:02.720" level="INFO">${headers} = {}</msg>
<status status="PASS" starttime="20201225 10:35:02.719" endtime="20201225 10:35:02.720"></status>
</kw>
<kw name="Set To Dictionary" library="Collections">
<doc>Adds the given ``key_value_pairs`` and ``items`` to the ``dictionary``.</doc>
<arguments>
<arg>${headers}</arg>
<arg>Content-Type=application/json;charset=UTF-8</arg>
</arguments>
<status status="PASS" starttime="20201225 10:35:02.720" endtime="20201225 10:35:02.721"></status>
</kw>
<kw name="Get Caronline Json" library="CustomLibrary">
<doc> 返回调度系统车辆上线的json报文,报文类型为dict
 :param key:hostcode
 :return: requestJson
 Examples base64 code.
| `get_caronline_json` | hostcode |  # return requestJson|</doc>
<arguments>
<arg>${bus_1}[hostcode]</arg>
</arguments>
<assign>
<var>${caronline}</var>
</assign>
<msg timestamp="20201225 10:35:02.721" level="INFO">${caronline} = {'caronline': {'device_type': '000', 'device_id': 'robot1', 'ip': '1000', 'port': '8090'}}</msg>
<status status="PASS" starttime="20201225 10:35:02.721" endtime="20201225 10:35:02.721"></status>
</kw>
<kw name="Create Session" library="RequestsLibrary">
<doc>Create Session: create a HTTP session to a server</doc>
<arguments>
<arg>api</arg>
<arg>${ip}</arg>
<arg>${headers}</arg>
</arguments>
<msg timestamp="20201225 10:35:02.722" level="INFO">Creating Session using : alias=api, url=http://10.200.9.183:8074, headers={'Content-Type': 'application/json;charset=UTF-8'},                     cookies={}, auth=None, timeout=None, proxies=None, verify=False,                     debug=0 </msg>
<status status="PASS" starttime="20201225 10:35:02.721" endtime="20201225 10:35:02.722"></status>
</kw>
<kw name="Post Request" library="RequestsLibrary">
<doc>Send a POST request on the session object found using the
given `alias`</doc>
<arguments>
<arg>api</arg>
<arg>/webservice/rest/caronline</arg>
<arg>data=${caronline}</arg>
</arguments>
<assign>
<var>${data}</var>
</assign>
<msg timestamp="20201225 10:35:02.896" level="INFO">POST Request : url=http://10.200.9.183:8074/webservice/rest/caronline 
 path_url=/webservice/rest/caronline 
 headers={'User-Agent': 'python-requests/2.21.0', 'Accept-Encoding': 'gzip, deflate', 'Accept': '*/*', 'Connection': 'keep-alive', 'Content-Type': 'application/json;charset=UTF-8', 'Content-Length': '90'} 
 body={"caronline": {"device_type": "000", "device_id": "robot1", "ip": "1000", "port": "8090"}} 
 </msg>
<msg timestamp="20201225 10:35:02.896" level="INFO">POST Response : url=http://10.200.9.183:8074/webservice/rest/caronline 
 status=200, reason=OK 
 body={"error_code":"0","error_text":"上报成功"} 
 </msg>
<msg timestamp="20201225 10:35:02.897" level="INFO">${data} = &lt;Response [200]&gt;</msg>
<status status="PASS" starttime="20201225 10:35:02.722" endtime="20201225 10:35:02.897"></status>
</kw>
<kw name="To Json" library="RequestsLibrary">
<doc>Convert a string to a JSON object</doc>
<arguments>
<arg>${data.content}</arg>
</arguments>
<assign>
<var>${result}</var>
</assign>
<msg timestamp="20201225 10:35:02.897" level="INFO">To JSON using : content={"error_code":"0","error_text":"上报成功"} </msg>
<msg timestamp="20201225 10:35:02.897" level="INFO">To JSON using : pretty_print=False </msg>
<msg timestamp="20201225 10:35:02.897" level="INFO">${result} = {'error_code': '0', 'error_text': '上报成功'}</msg>
<status status="PASS" starttime="20201225 10:35:02.897" endtime="20201225 10:35:02.897"></status>
</kw>
<kw name="Should Contain" library="BuiltIn">
<doc>Fails if ``container`` does not contain ``item`` one or more times.</doc>
<arguments>
<arg>${result}[error_text]</arg>
<arg>上报成功</arg>
</arguments>
<status status="PASS" starttime="20201225 10:35:02.897" endtime="20201225 10:35:02.897"></status>
</kw>
<status status="PASS" starttime="20201225 10:35:02.719" endtime="20201225 10:35:02.897"></status>
</kw>
<kw name="Get Dispath Json" library="CustomLibrary">
<doc>返回调度系统车辆上报指令, 报文类型为dict
:param
key: hostcode, logitude, latitude
  cmd_time: %Y-%m-%d %H:%M:%S
:return: requestJson
 Examples get_dispath_json code.
| `get_dispath_json` | hostcode | business_request_code| # # return  dispathcodeJson|</doc>
<arguments>
<arg>${bus_1}[hostcode]</arg>
<arg>6</arg>
</arguments>
<assign>
<var>${dispathJson}</var>
</assign>
<msg timestamp="20201225 10:35:02.898" level="INFO">${dispathJson} = {'cmdinfo': {'cmd': '022006', 'cmd_time': '1608863702', 'device_id': 'robot1', 'extend': '{"serial_num": 3, "line_num": "XXX", "employee_num": "XXX", "business_request_code": "6"}'}}</msg>
<status status="PASS" starttime="20201225 10:35:02.897" endtime="20201225 10:35:02.898"></status>
</kw>
<kw name="Post Request" library="RequestsLibrary">
<doc>Send a POST request on the session object found using the
given `alias`</doc>
<arguments>
<arg>api</arg>
<arg>/webservice/rest/dispatch</arg>
<arg>data=${dispathJson}</arg>
</arguments>
<assign>
<var>${data1}</var>
</assign>
<msg timestamp="20201225 10:35:03.350" level="INFO">POST Request : url=http://10.200.9.183:8074/webservice/rest/dispatch 
 path_url=/webservice/rest/dispatch 
 headers={'User-Agent': 'python-requests/2.21.0', 'Accept-Encoding': 'gzip, deflate', 'Accept': '*/*', 'Connection': 'keep-alive', 'Content-Type': 'application/json;charset=UTF-8', 'Cookie': 'SHIRO-JSESSID=ccb715ea-6ac3-4b2a-b5cd-b4ed88e56bcb', 'Content-Length': '196'} 
 body={"cmdinfo": {"cmd": "022006", "cmd_time": "1608863702", "device_id": "robot1", "extend": "{\"serial_num\": 3, \"line_num\": \"XXX\", \"employee_num\": \"XXX\", \"business_request_code\": \"6\"}"}} 
 </msg>
<msg timestamp="20201225 10:35:03.350" level="INFO">POST Response : url=http://10.200.9.183:8074/webservice/rest/dispatch 
 status=200, reason=OK 
 body={"error_code":"0","error_text":"上报成功"} 
 </msg>
<msg timestamp="20201225 10:35:03.350" level="INFO">${data1} = &lt;Response [200]&gt;</msg>
<status status="PASS" starttime="20201225 10:35:02.898" endtime="20201225 10:35:03.351"></status>
</kw>
<kw name="To Json" library="RequestsLibrary">
<doc>Convert a string to a JSON object</doc>
<arguments>
<arg>${data1.content}</arg>
</arguments>
<assign>
<var>${result1}</var>
</assign>
<msg timestamp="20201225 10:35:03.351" level="INFO">To JSON using : content={"error_code":"0","error_text":"上报成功"} </msg>
<msg timestamp="20201225 10:35:03.351" level="INFO">To JSON using : pretty_print=False </msg>
<msg timestamp="20201225 10:35:03.352" level="INFO">${result1} = {'error_code': '0', 'error_text': '上报成功'}</msg>
<status status="PASS" starttime="20201225 10:35:03.351" endtime="20201225 10:35:03.352"></status>
</kw>
<kw name="Should Contain" library="BuiltIn">
<doc>Fails if ``container`` does not contain ``item`` one or more times.</doc>
<arguments>
<arg>${result1}[error_text]</arg>
<arg>上报成功</arg>
</arguments>
<status status="PASS" starttime="20201225 10:35:03.352" endtime="20201225 10:35:03.352"></status>
</kw>
<kw name="Sleep" library="BuiltIn">
<doc>Pauses the test executed for the given time.</doc>
<arguments>
<arg>3</arg>
</arguments>
<msg timestamp="20201225 10:35:06.354" level="INFO">Slept 3 seconds</msg>
<status status="PASS" starttime="20201225 10:35:03.352" endtime="20201225 10:35:06.354"></status>
</kw>
<kw name="Get Dispath Json" library="CustomLibrary">
<doc>返回调度系统车辆上报指令, 报文类型为dict
:param
key: hostcode, logitude, latitude
  cmd_time: %Y-%m-%d %H:%M:%S
:return: requestJson
 Examples get_dispath_json code.
| `get_dispath_json` | hostcode | business_request_code| # # return  dispathcodeJson|</doc>
<arguments>
<arg>${bus_1}[hostcode]</arg>
<arg>106</arg>
</arguments>
<assign>
<var>${dispathJson}</var>
</assign>
<msg timestamp="20201225 10:35:06.355" level="INFO">${dispathJson} = {'cmdinfo': {'cmd': '022006', 'cmd_time': '1608863706', 'device_id': 'robot1', 'extend': '{"serial_num": 3, "line_num": "XXX", "employee_num": "XXX", "business_request_code": "106"}'}}</msg>
<status status="PASS" starttime="20201225 10:35:06.354" endtime="20201225 10:35:06.355"></status>
</kw>
<kw name="Post Request" library="RequestsLibrary">
<doc>Send a POST request on the session object found using the
given `alias`</doc>
<arguments>
<arg>api</arg>
<arg>/webservice/rest/dispatch</arg>
<arg>data=${dispathJson}</arg>
</arguments>
<assign>
<var>${data2}</var>
</assign>
<msg timestamp="20201225 10:35:06.546" level="INFO">POST Request : url=http://10.200.9.183:8074/webservice/rest/dispatch 
 path_url=/webservice/rest/dispatch 
 headers={'User-Agent': 'python-requests/2.21.0', 'Accept-Encoding': 'gzip, deflate', 'Accept': '*/*', 'Connection': 'keep-alive', 'Content-Type': 'application/json;charset=UTF-8', 'Cookie': 'SHIRO-JSESSID=ccb715ea-6ac3-4b2a-b5cd-b4ed88e56bcb', 'Content-Length': '198'} 
 body={"cmdinfo": {"cmd": "022006", "cmd_time": "1608863706", "device_id": "robot1", "extend": "{\"serial_num\": 3, \"line_num\": \"XXX\", \"employee_num\": \"XXX\", \"business_request_code\": \"106\"}"}} 
 </msg>
<msg timestamp="20201225 10:35:06.546" level="INFO">POST Response : url=http://10.200.9.183:8074/webservice/rest/dispatch 
 status=200, reason=OK 
 body={"error_code":"0","error_text":"上报成功"} 
 </msg>
<msg timestamp="20201225 10:35:06.547" level="INFO">${data2} = &lt;Response [200]&gt;</msg>
<status status="PASS" starttime="20201225 10:35:06.355" endtime="20201225 10:35:06.547"></status>
</kw>
<kw name="To Json" library="RequestsLibrary">
<doc>Convert a string to a JSON object</doc>
<arguments>
<arg>${data2.content}</arg>
</arguments>
<assign>
<var>${result2}</var>
</assign>
<msg timestamp="20201225 10:35:06.547" level="INFO">To JSON using : content={"error_code":"0","error_text":"上报成功"} </msg>
<msg timestamp="20201225 10:35:06.547" level="INFO">To JSON using : pretty_print=False </msg>
<msg timestamp="20201225 10:35:06.547" level="INFO">${result2} = {'error_code': '0', 'error_text': '上报成功'}</msg>
<status status="PASS" starttime="20201225 10:35:06.547" endtime="20201225 10:35:06.547"></status>
</kw>
<kw name="Login_indexPage" library="Resource" type="teardown">
<arguments>
<arg>${ip}</arg>
</arguments>
<kw name="Catenate" library="BuiltIn">
<doc>Catenates the given items together and returns the resulted string.</doc>
<arguments>
<arg>SEPARATOR=</arg>
<arg>${ip}</arg>
<arg>/index.koala</arg>
</arguments>
<assign>
<var>${login_ip}</var>
</assign>
<msg timestamp="20201225 10:35:06.548" level="INFO">${login_ip} = http://10.200.9.183:8074/index.koala</msg>
<status status="PASS" starttime="20201225 10:35:06.548" endtime="20201225 10:35:06.548"></status>
</kw>
<kw name="Go To" library="Selenium2Library">
<doc>Navigates the current browser window to the provided ``url``.</doc>
<arguments>
<arg>${login_ip}</arg>
</arguments>
<msg timestamp="20201225 10:35:06.548" level="INFO">Opening url 'http://10.200.9.183:8074/index.koala'</msg>
<status status="PASS" starttime="20201225 10:35:06.548" endtime="20201225 10:36:05.297"></status>
</kw>
<status status="PASS" starttime="20201225 10:35:06.547" endtime="20201225 10:36:05.298"></status>
</kw>
<doc>手动进出站，生成路单
1、手动进站，拿排班时间，验证是否存在待执行路单
2、手动出站，确认是否是否存在运行中路单
3、手动进站，确认是否存在已完成的路单

期望结果：
1、待执行路单
2、运行中路单
3、已完成路单</doc>
<status status="PASS" starttime="20201225 10:32:04.009" endtime="20201225 10:36:05.298" critical="yes"></status>
</test>
<status status="FAIL" starttime="20201225 10:23:11.257" endtime="20201225 10:36:05.298"></status>
</suite>
<status status="FAIL" starttime="20201225 10:14:51.340" endtime="20201225 10:36:05.300"></status>
</suite>
<statistics>
<total>
<stat pass="7" fail="1">Critical Tests</stat>
<stat pass="7" fail="1">All Tests</stat>
</total>
<tag>
</tag>
<suite>
<stat pass="7" fail="1" id="s1" name="dispatchRobot">dispatchRobot</stat>
<stat pass="3" fail="0" id="s1-s1" name="Testcase bsBusdiagram">dispatchRobot.Testcase bsBusdiagram</stat>
<stat pass="4" fail="1" id="s1-s2" name="Testcase bsRecord">dispatchRobot.Testcase bsRecord</stat>
</suite>
</statistics>
<errors>
</errors>
</robot>
